[ 2016-06-28T12:29:40+08:00 ] ERR: (ThinkException) 无法加载模块:login
[ 2016-06-28T12:29:54+08:00 ] ERR: (ThinkException) 非法操作:login
[ 2016-06-28T12:30:03+08:00 ] ERR: (ThinkException) 无法加载模块:js
[ 2016-06-28T12:30:03+08:00 ] ERR: (ThinkException) 无法加载模块:images
[ 2016-06-28T12:30:03+08:00 ] ERR: (ThinkException) 无法加载模块:images
[ 2016-06-28T12:30:11+08:00 ] ERR: (ThinkException) 无法加载模块:images
[ 2016-06-28T12:30:11+08:00 ] ERR: (ThinkException) 无法加载模块:js
[ 2016-06-28T12:30:11+08:00 ] ERR: (ThinkException) 无法加载模块:images
[ 2016-06-28T12:30:18+08:00 ] ERR: (ThinkException) 非法操作:images
[ 2016-06-28T12:30:18+08:00 ] ERR: (ThinkException) 非法操作:js
[ 2016-06-28T12:30:18+08:00 ] ERR: (ThinkException) 非法操作:images
[ 2016-06-28T12:30:21+08:00 ] ERR: (ThinkException) 模板不存在[./App/Tpl/Admin/Login/lregsiter.html]
[ 2016-06-28T12:31:01+08:00 ] ERR: (ThinkException) 模板不存在[./App/Tpl/Admin/Login/regsiter.html]
[ 2016-06-28T12:31:27+08:00 ] ERR: (ThinkException) 非法操作:js
[ 2016-06-28T12:31:27+08:00 ] ERR: (ThinkException) 非法操作:images
[ 2016-06-28T12:31:44+08:00 ] ERR: (ThinkException) 非法操作:js
[ 2016-06-28T12:31:44+08:00 ] ERR: (ThinkException) 非法操作:images
[ 2016-06-28T12:31:50+08:00 ] ERR: (ThinkException) 非法操作:js
[ 2016-06-28T12:31:50+08:00 ] ERR: (ThinkException) 非法操作:images
[ 2016-06-28T12:31:51+08:00 ] ERR: (ThinkException) 非法操作:js
[ 2016-06-28T12:31:51+08:00 ] ERR: (ThinkException) 非法操作:images
[ 2016-06-28T12:31:53+08:00 ] ERR: (ThinkException) 模板不存在[./App/Tpl/Admin/Login/regsiter.html]
[ 2016-06-28T12:31:56+08:00 ] ERR: (ThinkException) 模板不存在[./App/Tpl/Admin/Login/regsiter.html]
[ 2016-06-28T12:31:59+08:00 ] ERR: (ThinkException) 无法加载模块:js
[ 2016-06-28T12:31:59+08:00 ] ERR: (ThinkException) 无法加载模块:images
[ 2016-06-28T12:32:04+08:00 ] ERR: (ThinkException) 模板不存在[./App/Tpl/Admin/Login/regsiter.html]
[ 2016-06-28T12:33:50+08:00 ] ERR: (ThinkException) 非法操作:images
[ 2016-06-28T12:33:50+08:00 ] ERR: (ThinkException) 非法操作:js
[ 2016-06-28T12:33:50+08:00 ] ERR: (ThinkException) 非法操作:images
[ 2016-06-28T12:35:14+08:00 ] ERR: (ThinkException) 非法操作:images
[ 2016-06-28T12:35:14+08:00 ] ERR: (ThinkException) 非法操作:js
[ 2016-06-28T12:35:14+08:00 ] ERR: (ThinkException) 非法操作:images
[ 2016-06-28T12:35:15+08:00 ] ERR: (ThinkException) 非法操作:js
[ 2016-06-28T12:35:15+08:00 ] ERR: (ThinkException) 非法操作:images
[ 2016-06-28T12:35:17+08:00 ] ERR: (ThinkException) 非法操作:js
[ 2016-06-28T12:35:17+08:00 ] ERR: (ThinkException) 非法操作:images
[ 2016-06-28T12:35:39+08:00 ] ERR: (ThinkException) 非法操作:js
[ 2016-06-28T12:35:39+08:00 ] ERR: (ThinkException) 非法操作:images
[ 2016-06-28T12:35:39+08:00 ] ERR: (ThinkException) 非法操作:js
[ 2016-06-28T12:35:39+08:00 ] ERR: (ThinkException) 非法操作:images
[ 2016-06-28T12:35:40+08:00 ] ERR: (ThinkException) 非法操作:js
[ 2016-06-28T12:35:40+08:00 ] ERR: (ThinkException) 非法操作:images
[ 2016-06-28T12:35:40+08:00 ] ERR: (ThinkException) 非法操作:js
[ 2016-06-28T12:35:40+08:00 ] ERR: (ThinkException) 非法操作:images
[ 2016-06-28T12:35:41+08:00 ] ERR: (ThinkException) 非法操作:images
[ 2016-06-28T12:35:41+08:00 ] ERR: (ThinkException) 非法操作:js
[ 2016-06-28T12:35:41+08:00 ] ERR: (ThinkException) 非法操作:images
[ 2016-06-28T12:35:43+08:00 ] ERR: (ThinkException) 非法操作:js
[ 2016-06-28T12:35:43+08:00 ] ERR: (ThinkException) 非法操作:images
[ 2016-06-28T12:36:42+08:00 ] ERR: (ThinkException) 非法操作:js
[ 2016-06-28T12:36:42+08:00 ] ERR: (ThinkException) 非法操作:images
[ 2016-06-28T12:37:57+08:00 ] ERR: (ThinkException) 非法操作:js
[ 2016-06-28T12:37:57+08:00 ] ERR: (ThinkException) 非法操作:verify
[ 2016-06-28T12:37:57+08:00 ] ERR: (ThinkException) 非法操作:js
[ 2016-06-28T12:37:57+08:00 ] ERR: (ThinkException) 非法操作:verify
[ 2016-06-28T12:38:12+08:00 ] ERR: (ThinkException) 非法操作:js
[ 2016-06-28T12:38:44+08:00 ] ERR: (ThinkException) 非法操作:js
[ 2016-06-28T12:38:53+08:00 ] ERR: (ThinkException) 非法操作:js
[ 2016-06-28T12:39:02+08:00 ] ERR: (ThinkException) 非法操作:js
[ 2016-06-28T12:39:06+08:00 ] ERR: (ThinkException) 非法操作:js
[ 2016-06-28T12:39:15+08:00 ] ERR: (ThinkException) 非法操作:js
[ 2016-06-28T12:39:20+08:00 ] ERR: (ThinkException) 非法操作:js
[ 2016-06-28T12:39:32+08:00 ] ERR: (ThinkException) 非法操作:js
[ 2016-06-28T12:39:47+08:00 ] ERR: (ThinkException) 非法操作:js
[ 2016-06-28T12:39:54+08:00 ] ERR: (ThinkException) 非法操作:js
[ 2016-06-28T12:40:01+08:00 ] ERR: (ThinkException) 非法操作:js
[ 2016-06-28T12:40:21+08:00 ] ERR: (ThinkException) 非法操作:js
[ 2016-06-28T12:40:24+08:00 ] ERR: (ThinkException) 非法操作:js
[ 2016-06-28T12:40:39+08:00 ] ERR: (ThinkException) 非法操作:js
[ 2016-06-28T12:40:45+08:00 ] ERR: (ThinkException) 非法操作:js
[ 2016-06-28T12:40:59+08:00 ] ERR: (ThinkException) 非法操作:js
[ 2016-06-28T12:41:03+08:00 ] ERR: (ThinkException) 非法操作:js
[ 2016-06-28T12:41:23+08:00 ] ERR: (ThinkException) 非法操作:js
[ 2016-06-28T12:42:45+08:00 ] ERR: (ThinkException) 非法操作:js
[ 2016-06-28T12:43:10+08:00 ] ERR: (ThinkException) 非法操作:js
[ 2016-06-28T12:43:11+08:00 ] ERR: (ThinkException) 无法加载模块:index
[ 2016-06-28T12:43:24+08:00 ] ERR: (ThinkException) 非法操作:js
[ 2016-06-28T12:43:25+08:00 ] ERR: (ThinkException) 非法操作:js
[ 2016-06-28T12:43:26+08:00 ] ERR: (ThinkException) 非法操作:js
[ 2016-06-28T12:43:28+08:00 ] ERR: (ThinkException) 非法操作:js
[ 2016-06-28T12:43:28+08:00 ] ERR: (ThinkException) 非法操作:js
[ 2016-06-28T12:44:23+08:00 ] ERR: (ThinkException) 非法操作:js
[ 2016-06-28T12:45:14+08:00 ] ERR: (ThinkException) 非法操作:js
[ 2016-06-28T12:45:54+08:00 ] ERR: (ThinkException) 非法操作:js
[ 2016-06-28T18:45:45+08:00 ] ERR: (ThinkException) 非法操作:hello
[ 2016-06-28T20:59:07+08:00 ] ERR: (ThinkException) 无法加载模块:Public
[ 2016-06-28T20:59:14+08:00 ] ERR: (ThinkException) 无法加载模块:Public
[ 2016-06-28T21:00:27+08:00 ] ERR: (ThinkException) XML标签语法错误 : condition="<{$_GET['msg']}
[ 2016-06-28T21:00:27+08:00 ] ERR: (ThinkException) 非法操作:__PUBLIC__
[ 2016-06-28T21:00:27+08:00 ] ERR: (ThinkException) 非法操作:__PUBLIC__
[ 2016-06-28T21:00:27+08:00 ] ERR: (ThinkException) 非法操作:__PUBLIC__
[ 2016-06-28T21:00:27+08:00 ] ERR: (ThinkException) 非法操作:__PUBLIC__
[ 2016-06-28T21:00:27+08:00 ] ERR: (ThinkException) 非法操作:__PUBLIC__
[ 2016-06-28T21:00:27+08:00 ] ERR: (ThinkException) 非法操作:
[ 2016-06-28T21:00:27+08:00 ] ERR: (ThinkException) 非法操作:__PUBLIC__
[ 2016-06-28T21:00:27+08:00 ] ERR: (ThinkException) 非法操作:
[ 2016-06-28T21:00:27+08:00 ] ERR: (ThinkException) 非法操作:__PUBLIC__
[ 2016-06-28T21:00:27+08:00 ] ERR: (ThinkException) 非法操作:__PUBLIC__
[ 2016-06-28T21:30:28+08:00 ] ERR: (ThinkException) 非法操作:css
[ 2016-06-28T21:30:28+08:00 ] ERR: (ThinkException) 非法操作:images
[ 2016-06-28T21:30:28+08:00 ] ERR: (ThinkException) 非法操作:js
[ 2016-06-28T21:30:28+08:00 ] ERR: (ThinkException) 非法操作:css
[ 2016-06-28T21:30:28+08:00 ] ERR: (ThinkException) 非法操作:js
[ 2016-06-28T21:30:28+08:00 ] ERR: (ThinkException) 非法操作:images
[ 2016-06-28T21:30:28+08:00 ] ERR: (ThinkException) 非法操作:css
[ 2016-06-28T21:30:28+08:00 ] ERR: (ThinkException) 非法操作:images
[ 2016-06-28T21:30:28+08:00 ] ERR: (ThinkException) 非法操作:images
[ 2016-06-28T21:30:28+08:00 ] ERR: (ThinkException) 非法操作:images
[ 2016-06-28T21:31:12+08:00 ] ERR: (ThinkException) 非法操作:images
[ 2016-06-28T21:31:12+08:00 ] ERR: (ThinkException) 非法操作:images
[ 2016-06-28T21:31:12+08:00 ] ERR: (ThinkException) 非法操作:images
[ 2016-06-28T21:31:46+08:00 ] ERR: (ThinkException) 非法操作:images
[ 2016-06-28T21:31:53+08:00 ] ERR: (ThinkException) 非法操作:images
[ 2016-06-28T21:35:04+08:00 ] ERR: (ThinkException) 无法加载模块:fastSearch
[ 2016-06-28T22:11:54+08:00 ] ERR: (ThinkException) 非法操作:css
[ 2016-06-28T22:11:54+08:00 ] ERR: (ThinkException) 非法操作:js
[ 2016-06-28T22:11:54+08:00 ] ERR: (ThinkException) 非法操作:css
[ 2016-06-28T22:11:54+08:00 ] ERR: (ThinkException) 非法操作:images
[ 2016-06-28T22:11:54+08:00 ] ERR: (ThinkException) 非法操作:css
[ 2016-06-28T22:11:54+08:00 ] ERR: (ThinkException) 非法操作:js
[ 2016-06-28T22:11:54+08:00 ] ERR: (ThinkException) 非法操作:images
[ 2016-06-28T22:11:54+08:00 ] ERR: (ThinkException) 非法操作:images
[ 2016-06-28T22:11:54+08:00 ] ERR: (ThinkException) 非法操作:images
[ 2016-06-28T22:14:52+08:00 ] ERR: (ThinkException) 非法操作:js
[ 2016-06-28T22:14:52+08:00 ] ERR: (ThinkException) 非法操作:css
[ 2016-06-28T22:14:52+08:00 ] ERR: (ThinkException) 非法操作:css
[ 2016-06-28T22:14:52+08:00 ] ERR: (ThinkException) 非法操作:images
[ 2016-06-28T22:14:52+08:00 ] ERR: (ThinkException) 非法操作:images
[ 2016-06-28T22:14:52+08:00 ] ERR: (ThinkException) 非法操作:css
[ 2016-06-28T22:14:52+08:00 ] ERR: (ThinkException) 非法操作:js
[ 2016-06-28T22:14:52+08:00 ] ERR: (ThinkException) 非法操作:images
[ 2016-06-28T22:14:52+08:00 ] ERR: (ThinkException) 非法操作:images
[ 2016-06-28T22:14:52+08:00 ] ERR: (ThinkException) 非法操作:images
[ 2016-06-28T22:15:42+08:00 ] ERR: (ThinkException) 非法操作:css
[ 2016-06-28T22:15:42+08:00 ] ERR: (ThinkException) 非法操作:css
[ 2016-06-28T22:15:42+08:00 ] ERR: (ThinkException) 非法操作:js
[ 2016-06-28T22:15:42+08:00 ] ERR: (ThinkException) 非法操作:js
[ 2016-06-28T22:15:42+08:00 ] ERR: (ThinkException) 非法操作:css
[ 2016-06-28T22:15:42+08:00 ] ERR: (ThinkException) 非法操作:images
