[ 2016-09-10T09:58:12+08:00 ] ERR: (ThinkException) 模板不存在[./App/Tpl/Home/Blog/index.html]
[ 2016-09-10T09:58:44+08:00 ] ERR: (ThinkException) 模板不存在[./App/Tpl/Home/Blog/index.html]
[ 2016-09-10T09:59:47+08:00 ] ERR: (ThinkException) 模板不存在[./App/Tpl/Home/Blog/index.html]
[ 2016-09-10T09:59:49+08:00 ] ERR: (ThinkException) 模板不存在[./App/Tpl/Home/Blog/index.html]
[ 2016-09-10T10:01:48+08:00 ] ERR: (ThinkException) 模板不存在[./App/Tpl/Home/Person/index.html]
[ 2016-09-10T10:02:46+08:00 ] ERR: (ThinkException) 模板不存在[./App/Tpl/Home/Person/index.html]
[ 2016-09-10T10:02:47+08:00 ] ERR: (ThinkException) 模板不存在[./App/Tpl/Home/Person/index.html]
[ 2016-09-10T10:02:47+08:00 ] ERR: (ThinkException) 模板不存在[./App/Tpl/Home/Person/index.html]
[ 2016-09-10T10:02:47+08:00 ] ERR: (ThinkException) 模板不存在[./App/Tpl/Home/Person/index.html]
[ 2016-09-10T10:02:57+08:00 ] ERR: (ThinkException) 模板不存在[./App/Tpl/Home/Person/index.html]
[ 2016-09-10T10:02:58+08:00 ] ERR: (ThinkException) 模板不存在[./App/Tpl/Home/Person/index.html]
[ 2016-09-10T10:02:58+08:00 ] ERR: (ThinkException) 模板不存在[./App/Tpl/Home/Person/index.html]
[ 2016-09-10T10:03:05+08:00 ] ERR: (ThinkException) 模板不存在[./App/Tpl/Home/Person/index.html]
[ 2016-09-10T10:03:07+08:00 ] ERR: (ThinkException) 模板不存在[./App/Tpl/Home/Person/index.html]
[ 2016-09-10T10:03:08+08:00 ] ERR: (ThinkException) 模板不存在[./App/Tpl/Home/Person/index.html]
[ 2016-09-10T10:03:11+08:00 ] ERR: (ThinkException) 模板不存在[./App/Tpl/Home/Person/index.html]
[ 2016-09-10T10:03:29+08:00 ] ERR: (ThinkException) 非法操作:js
[ 2016-09-10T10:03:29+08:00 ] ERR: (ThinkException) 非法操作:images
[ 2016-09-10T10:03:29+08:00 ] ERR: (ThinkException) 非法操作:images
[ 2016-09-10T10:17:58+08:00 ] ERR: (ThinkException) 非法操作:js
[ 2016-09-10T10:17:58+08:00 ] ERR: (ThinkException) 非法操作:images
[ 2016-09-10T10:17:58+08:00 ] ERR: (ThinkException) 非法操作:images
[ 2016-09-10T10:18:24+08:00 ] ERR: (ThinkException) 非法操作:js
[ 2016-09-10T10:18:24+08:00 ] ERR: (ThinkException) 非法操作:images
[ 2016-09-10T10:18:24+08:00 ] ERR: (ThinkException) 非法操作:images
[ 2016-09-10T10:18:39+08:00 ] ERR: (ThinkException) 非法操作:js
[ 2016-09-10T10:18:39+08:00 ] ERR: (ThinkException) 非法操作:images
[ 2016-09-10T10:18:39+08:00 ] ERR: (ThinkException) 非法操作:images
[ 2016-09-10T10:19:04+08:00 ] ERR: (ThinkException) 非法操作:js
[ 2016-09-10T10:19:04+08:00 ] ERR: (ThinkException) 非法操作:images
[ 2016-09-10T10:19:04+08:00 ] ERR: (ThinkException) 非法操作:images
[ 2016-09-10T10:21:07+08:00 ] ERR: (ThinkException) 非法操作:js
[ 2016-09-10T10:21:07+08:00 ] ERR: (ThinkException) 非法操作:images
[ 2016-09-10T10:21:07+08:00 ] ERR: (ThinkException) 非法操作:images
[ 2016-09-10T10:22:21+08:00 ] ERR: (ThinkException) 非法操作:js
[ 2016-09-10T10:22:21+08:00 ] ERR: (ThinkException) 非法操作:images
[ 2016-09-10T10:22:21+08:00 ] ERR: (ThinkException) 非法操作:images
[ 2016-09-10T10:23:19+08:00 ] ERR: (ThinkException) 非法操作:js
[ 2016-09-10T10:23:19+08:00 ] ERR: (ThinkException) 非法操作:images
[ 2016-09-10T10:23:19+08:00 ] ERR: (ThinkException) 非法操作:images
[ 2016-09-10T10:23:32+08:00 ] ERR: (ThinkException) 非法操作:js
[ 2016-09-10T10:23:32+08:00 ] ERR: (ThinkException) 非法操作:images
[ 2016-09-10T10:23:32+08:00 ] ERR: (ThinkException) 非法操作:images
[ 2016-09-10T10:23:40+08:00 ] ERR: (ThinkException) 非法操作:js
[ 2016-09-10T10:23:40+08:00 ] ERR: (ThinkException) 非法操作:images
[ 2016-09-10T10:23:40+08:00 ] ERR: (ThinkException) 非法操作:images
[ 2016-09-10T10:23:49+08:00 ] ERR: (ThinkException) 非法操作:js
[ 2016-09-10T10:23:49+08:00 ] ERR: (ThinkException) 非法操作:images
[ 2016-09-10T10:23:49+08:00 ] ERR: (ThinkException) 非法操作:images
[ 2016-09-10T10:23:53+08:00 ] ERR: (ThinkException) 非法操作:js
[ 2016-09-10T10:23:53+08:00 ] ERR: (ThinkException) 非法操作:images
[ 2016-09-10T10:23:53+08:00 ] ERR: (ThinkException) 非法操作:images
[ 2016-09-10T10:24:00+08:00 ] ERR: (ThinkException) 非法操作:js
[ 2016-09-10T10:24:00+08:00 ] ERR: (ThinkException) 非法操作:images
[ 2016-09-10T10:24:00+08:00 ] ERR: (ThinkException) 非法操作:images
[ 2016-09-10T10:24:03+08:00 ] ERR: (ThinkException) 非法操作:js
[ 2016-09-10T10:24:04+08:00 ] ERR: (ThinkException) 非法操作:images
[ 2016-09-10T10:24:04+08:00 ] ERR: (ThinkException) 非法操作:images
[ 2016-09-10T10:24:23+08:00 ] ERR: (ThinkException) 非法操作:js
[ 2016-09-10T10:24:23+08:00 ] ERR: (ThinkException) 非法操作:images
[ 2016-09-10T10:24:23+08:00 ] ERR: (ThinkException) 非法操作:images
[ 2016-09-10T10:24:26+08:00 ] ERR: (ThinkException) 非法操作:js
[ 2016-09-10T10:24:26+08:00 ] ERR: (ThinkException) 非法操作:images
[ 2016-09-10T10:24:26+08:00 ] ERR: (ThinkException) 非法操作:images
[ 2016-09-10T10:24:43+08:00 ] ERR: (ThinkException) 非法操作:js
[ 2016-09-10T10:24:43+08:00 ] ERR: (ThinkException) 非法操作:images
[ 2016-09-10T10:24:43+08:00 ] ERR: (ThinkException) 非法操作:images
[ 2016-09-10T10:25:09+08:00 ] ERR: (ThinkException) 非法操作:js
[ 2016-09-10T10:25:09+08:00 ] ERR: (ThinkException) 非法操作:images
[ 2016-09-10T10:25:09+08:00 ] ERR: (ThinkException) 非法操作:images
[ 2016-09-10T10:25:16+08:00 ] ERR: (ThinkException) 非法操作:js
[ 2016-09-10T10:25:16+08:00 ] ERR: (ThinkException) 非法操作:images
[ 2016-09-10T10:25:16+08:00 ] ERR: (ThinkException) 非法操作:images
[ 2016-09-10T10:25:19+08:00 ] ERR: (ThinkException) 非法操作:js
[ 2016-09-10T10:25:19+08:00 ] ERR: (ThinkException) 非法操作:images
[ 2016-09-10T10:25:19+08:00 ] ERR: (ThinkException) 非法操作:images
[ 2016-09-10T10:25:33+08:00 ] ERR: (ThinkException) 非法操作:js
[ 2016-09-10T10:25:33+08:00 ] ERR: (ThinkException) 非法操作:images
[ 2016-09-10T10:25:33+08:00 ] ERR: (ThinkException) 非法操作:images
[ 2016-09-10T10:25:46+08:00 ] ERR: (ThinkException) 非法操作:js
[ 2016-09-10T10:25:46+08:00 ] ERR: (ThinkException) 非法操作:images
[ 2016-09-10T10:25:46+08:00 ] ERR: (ThinkException) 非法操作:images
[ 2016-09-10T10:26:14+08:00 ] ERR: (ThinkException) 非法操作:js
[ 2016-09-10T10:26:14+08:00 ] ERR: (ThinkException) 非法操作:images
[ 2016-09-10T10:26:14+08:00 ] ERR: (ThinkException) 非法操作:images
[ 2016-09-10T10:27:09+08:00 ] ERR: (ThinkException) 非法操作:js
[ 2016-09-10T10:27:09+08:00 ] ERR: (ThinkException) 非法操作:images
[ 2016-09-10T10:27:09+08:00 ] ERR: (ThinkException) 非法操作:images
[ 2016-09-10T10:27:20+08:00 ] ERR: (ThinkException) 非法操作:js
[ 2016-09-10T10:27:20+08:00 ] ERR: (ThinkException) 非法操作:images
[ 2016-09-10T10:27:20+08:00 ] ERR: (ThinkException) 非法操作:images
[ 2016-09-10T10:27:51+08:00 ] ERR: (ThinkException) 非法操作:js
[ 2016-09-10T10:27:51+08:00 ] ERR: (ThinkException) 非法操作:images
[ 2016-09-10T10:27:52+08:00 ] ERR: (ThinkException) 非法操作:images
[ 2016-09-10T10:28:23+08:00 ] ERR: (ThinkException) 非法操作:js
[ 2016-09-10T10:28:23+08:00 ] ERR: (ThinkException) 非法操作:images
[ 2016-09-10T10:28:23+08:00 ] ERR: (ThinkException) 非法操作:images
[ 2016-09-10T10:28:34+08:00 ] ERR: (ThinkException) 非法操作:js
[ 2016-09-10T10:28:34+08:00 ] ERR: (ThinkException) 非法操作:images
[ 2016-09-10T10:28:34+08:00 ] ERR: (ThinkException) 非法操作:images
[ 2016-09-10T10:28:45+08:00 ] ERR: (ThinkException) 非法操作:js
[ 2016-09-10T10:28:45+08:00 ] ERR: (ThinkException) 非法操作:images
[ 2016-09-10T10:28:45+08:00 ] ERR: (ThinkException) 非法操作:images
[ 2016-09-10T11:07:24+08:00 ] ERR: (ThinkException) 非法操作:css
[ 2016-09-10T11:07:24+08:00 ] ERR: (ThinkException) 非法操作:images
[ 2016-09-10T11:07:24+08:00 ] ERR: (ThinkException) 非法操作:css
[ 2016-09-10T11:08:10+08:00 ] ERR: (ThinkException) 非法操作:images
[ 2016-09-10T11:08:19+08:00 ] ERR: (ThinkException) 非法操作:images
[ 2016-09-10T11:08:32+08:00 ] ERR: (ThinkException) 非法操作:images
[ 2016-09-10T11:08:40+08:00 ] ERR: (ThinkException) 非法操作:images
[ 2016-09-10T11:57:31+08:00 ] ERR: (ThinkException) 非法操作:yzm
[ 2016-09-10T11:57:47+08:00 ] ERR: (ThinkException) 非法操作:yzm
[ 2016-09-10T11:57:52+08:00 ] ERR: (ThinkException) 非法操作:yzm
[ 2016-09-10T11:57:53+08:00 ] ERR: (ThinkException) 非法操作:yzm
[ 2016-09-10T11:57:53+08:00 ] ERR: (ThinkException) 非法操作:yzm
[ 2016-09-10T11:57:53+08:00 ] ERR: (ThinkException) 非法操作:yzm
[ 2016-09-10T11:57:53+08:00 ] ERR: (ThinkException) 非法操作:yzm
[ 2016-09-10T11:57:54+08:00 ] ERR: (ThinkException) 非法操作:yzm
[ 2016-09-10T11:57:54+08:00 ] ERR: (ThinkException) 非法操作:yzm
[ 2016-09-10T11:57:54+08:00 ] ERR: (ThinkException) 非法操作:yzm
[ 2016-09-10T11:58:04+08:00 ] ERR: (ThinkException) 非法操作:yzm
[ 2016-09-10T11:58:04+08:00 ] ERR: (ThinkException) 非法操作:yzm
[ 2016-09-10T11:58:04+08:00 ] ERR: (ThinkException) 非法操作:yzm
[ 2016-09-10T11:58:12+08:00 ] ERR: (ThinkException) 非法操作:yzm
[ 2016-09-10T11:58:43+08:00 ] ERR: (ThinkException) 非法操作:yzm
[ 2016-09-10T11:58:48+08:00 ] ERR: (ThinkException) 非法操作:yzm
[ 2016-09-10T11:58:51+08:00 ] ERR: (ThinkException) 非法操作:yzm
[ 2016-09-10T11:58:58+08:00 ] ERR: (ThinkException) 非法操作:yzm
[ 2016-09-10T11:59:03+08:00 ] ERR: (ThinkException) 非法操作:yzm
[ 2016-09-10T11:59:08+08:00 ] ERR: (ThinkException) 非法操作:yzm
[ 2016-09-10T11:59:15+08:00 ] ERR: (ThinkException) 非法操作:yzm
[ 2016-09-10T11:59:21+08:00 ] ERR: (ThinkException) 非法操作:yzm
[ 2016-09-10T11:59:50+08:00 ] ERR: (ThinkException) 非法操作:yzm
[ 2016-09-10T12:00:24+08:00 ] ERR: (ThinkException) 非法操作:css
[ 2016-09-10T12:00:24+08:00 ] ERR: (ThinkException) 非法操作:js
[ 2016-09-10T12:00:24+08:00 ] ERR: (ThinkException) 非法操作:js
[ 2016-09-10T13:02:25+08:00 ] ERR: (ThinkException) 非法操作:yzm
[ 2016-09-10T13:04:52+08:00 ] ERR: (ThinkException) 无法加载模块:index
[ 2016-09-10T13:04:58+08:00 ] ERR: (ThinkException) 模板不存在[./App/Tpl/Home/Blog/index.html]
[ 2016-09-10T13:05:12+08:00 ] ERR: (ThinkException) 非法操作:login
[ 2016-09-10T13:05:16+08:00 ] ERR: (ThinkException) 无法加载模块:js
[ 2016-09-10T13:05:16+08:00 ] ERR: (ThinkException) 无法加载模块:images
[ 2016-09-10T13:05:16+08:00 ] ERR: (ThinkException) 无法加载模块:images
[ 2016-09-10T13:06:16+08:00 ] ERR: (ThinkException) 无法加载模块:js
[ 2016-09-10T13:06:16+08:00 ] ERR: (ThinkException) 无法加载模块:images
[ 2016-09-10T13:06:16+08:00 ] ERR: (ThinkException) 无法加载模块:images
[ 2016-09-10T13:06:17+08:00 ] ERR: (ThinkException) 非法操作:yzm
[ 2016-09-10T13:06:18+08:00 ] ERR: (ThinkException) 无法加载模块:images
[ 2016-09-10T13:06:18+08:00 ] ERR: (ThinkException) 无法加载模块:images
[ 2016-09-10T13:06:21+08:00 ] ERR: (ThinkException) 无法加载模块:images
[ 2016-09-10T13:06:21+08:00 ] ERR: (ThinkException) 无法加载模块:images
[ 2016-09-10T13:06:22+08:00 ] ERR: (ThinkException) 非法操作:yzm
[ 2016-09-10T13:07:37+08:00 ] ERR: (ThinkException) 非法操作:yzm
[ 2016-09-10T13:08:06+08:00 ] ERR: (ThinkException) 非法操作:yzm
[ 2016-09-10T13:08:11+08:00 ] ERR: (ThinkException) 非法操作:yzm
[ 2016-09-10T13:08:16+08:00 ] ERR: (ThinkException) 非法操作:yzm
[ 2016-09-10T13:08:18+08:00 ] ERR: (ThinkException) 非法操作:yzm
[ 2016-09-10T13:08:19+08:00 ] ERR: (ThinkException) 非法操作:yzm
[ 2016-09-10T13:08:20+08:00 ] ERR: (ThinkException) 无法加载模块:images
[ 2016-09-10T13:08:20+08:00 ] ERR: (ThinkException) 无法加载模块:images
[ 2016-09-10T13:23:08+08:00 ] ERR: (ThinkException) 无法加载模块:images
[ 2016-09-10T13:23:08+08:00 ] ERR: (ThinkException) 无法加载模块:images
[ 2016-09-10T13:23:40+08:00 ] ERR: (ThinkException) 无法加载模块:images
[ 2016-09-10T13:23:40+08:00 ] ERR: (ThinkException) 无法加载模块:images
[ 2016-09-10T13:24:03+08:00 ] ERR: (ThinkException) 无法加载模块:images
[ 2016-09-10T13:24:25+08:00 ] ERR: (ThinkException) 无法加载模块:images
[ 2016-09-10T13:24:57+08:00 ] ERR: (ThinkException) 无法加载模块:images
[ 2016-09-10T13:26:21+08:00 ] ERR: (ThinkException) 非法操作:yzm
[ 2016-09-10T13:26:57+08:00 ] ERR: (ThinkException) 无法加载模块:images
[ 2016-09-10T13:28:56+08:00 ] ERR: (ThinkException) 无法加载模块:images
[ 2016-09-10T13:28:57+08:00 ] ERR: (ThinkException) 非法操作:yzm
[ 2016-09-10T22:32:24+08:00 ] ERR: (ThinkException) 无法加载模块:Login
[ 2016-09-10T23:01:07+08:00 ] ERR: (ThinkException) Model:addUser您所请求的方法不存在！
[ 2016-09-10T23:01:22+08:00 ] ERR: (ThinkException) Model:addUser您所请求的方法不存在！
[ 2016-09-10T23:02:43+08:00 ] ERR: (ThinkException) Model:addUser您所请求的方法不存在！
[ 2016-09-10T23:20:09+08:00 ] ERR: (ThinkException) 非法操作:
[ 2016-09-10T23:24:27+08:00 ] ERR: (ThinkException) 非法操作:
[ 2016-09-10T23:37:20+08:00 ] 0.0.0.0 /Bblog/index.php/Common/doreg
INFO: [ app_begin ] --START--
INFO: Run ReadHtmlCache Behavior [ RunTime:0.001000s ]
INFO: [ app_begin ] --END-- [ RunTime:0.001000s ]
NOTIC: [8192] mysql_connect(): The mysql extension is deprecated and will be removed in the future: use mysqli or PDO instead D:\wamp\www\Bblog\ThinkPHP\Lib\Driver\Db\DbMysql.class.php 第 55 行.
SQL: SHOW COLUMNS FROM `common` [ RunTime:0.004000s ]
ERR: La table 'beblog.common' n'existe pas
 [ SQL语句 ] : SHOW COLUMNS FROM `common`
SQL: SHOW COLUMNS FROM `userlist` [ RunTime:0.004000s ]
SQL: INSERT INTO `userlist` (`user`,`upass`,`idnumber`,`email`) VALUES ('admins','14e1b600b1fd579f47433b88e8d85291',1473521840,'402507269@qq.com') [ RunTime:0.108007s ]
ERR: Duplicata du champ 'admins' pour la clef 'user'
 [ SQL语句 ] : INSERT INTO `userlist` (`user`,`upass`,`idnumber`,`email`) VALUES ('admins','14e1b600b1fd579f47433b88e8d85291',1473521840,'402507269@qq.com')
NOTIC: [8192] preg_replace(): The /e modifier is deprecated, use preg_replace_callback instead D:\wamp\www\Bblog\ThinkPHP\Lib\Core\Db.class.php 第 568 行.
SQL: SELECT * FROM `userlist` WHERE ( user='admins' ) LIMIT 1   [ RunTime:0.000000s ]

[ 2016-09-10T23:37:45+08:00 ] 0.0.0.0 /Bblog/index.php/Common/doreg
INFO: [ app_begin ] --START--
INFO: Run ReadHtmlCache Behavior [ RunTime:0.002000s ]
INFO: [ app_begin ] --END-- [ RunTime:0.002000s ]
NOTIC: [8192] mysql_connect(): The mysql extension is deprecated and will be removed in the future: use mysqli or PDO instead D:\wamp\www\Bblog\ThinkPHP\Lib\Driver\Db\DbMysql.class.php 第 55 行.
SQL: SHOW COLUMNS FROM `common` [ RunTime:0.005000s ]
ERR: La table 'beblog.common' n'existe pas
 [ SQL语句 ] : SHOW COLUMNS FROM `common`
SQL: SHOW COLUMNS FROM `userlist` [ RunTime:0.004000s ]
SQL: INSERT INTO `userlist` (`user`,`upass`,`idnumber`,`email`) VALUES ('admins','14e1b600b1fd579f47433b88e8d85291',1473521865,'402507269@qq.com') [ RunTime:0.076004s ]
ERR: Duplicata du champ 'admins' pour la clef 'user'
 [ SQL语句 ] : INSERT INTO `userlist` (`user`,`upass`,`idnumber`,`email`) VALUES ('admins','14e1b600b1fd579f47433b88e8d85291',1473521865,'402507269@qq.com')
NOTIC: [8192] preg_replace(): The /e modifier is deprecated, use preg_replace_callback instead D:\wamp\www\Bblog\ThinkPHP\Lib\Core\Db.class.php 第 568 行.
SQL: SELECT * FROM `userlist` WHERE ( user='admins' ) LIMIT 1   [ RunTime:0.001000s ]

[ 2016-09-10T23:38:58+08:00 ] 0.0.0.0 /Bblog/index.php/Common/doreg
INFO: [ app_begin ] --START--
INFO: Run ReadHtmlCache Behavior [ RunTime:0.001000s ]
INFO: [ app_begin ] --END-- [ RunTime:0.001000s ]
NOTIC: [8192] mysql_connect(): The mysql extension is deprecated and will be removed in the future: use mysqli or PDO instead D:\wamp\www\Bblog\ThinkPHP\Lib\Driver\Db\DbMysql.class.php 第 55 行.
SQL: SHOW COLUMNS FROM `common` [ RunTime:0.004000s ]
ERR: La table 'beblog.common' n'existe pas
 [ SQL语句 ] : SHOW COLUMNS FROM `common`
SQL: SHOW COLUMNS FROM `userlist` [ RunTime:0.004000s ]
SQL: INSERT INTO `userlist` (`user`,`upass`,`idnumber`,`email`) VALUES ('admins','14e1b600b1fd579f47433b88e8d85291',1473521938,'402507269@qq.com') [ RunTime:0.089005s ]
ERR: Duplicata du champ 'admins' pour la clef 'user'
 [ SQL语句 ] : INSERT INTO `userlist` (`user`,`upass`,`idnumber`,`email`) VALUES ('admins','14e1b600b1fd579f47433b88e8d85291',1473521938,'402507269@qq.com')
NOTIC: [8192] preg_replace(): The /e modifier is deprecated, use preg_replace_callback instead D:\wamp\www\Bblog\ThinkPHP\Lib\Core\Db.class.php 第 568 行.
SQL: SELECT * FROM `userlist` WHERE ( user='admins' ) LIMIT 1   [ RunTime:0.001000s ]

[ 2016-09-10T23:43:09+08:00 ] 0.0.0.0 /Bblog/index.php/Common/doreg
INFO: [ app_begin ] --START--
INFO: Run ReadHtmlCache Behavior [ RunTime:0.001000s ]
INFO: [ app_begin ] --END-- [ RunTime:0.002000s ]
NOTIC: [8192] mysql_connect(): The mysql extension is deprecated and will be removed in the future: use mysqli or PDO instead D:\wamp\www\Bblog\ThinkPHP\Lib\Driver\Db\DbMysql.class.php 第 55 行.
SQL: SHOW COLUMNS FROM `common` [ RunTime:0.004000s ]
ERR: La table 'beblog.common' n'existe pas
 [ SQL语句 ] : SHOW COLUMNS FROM `common`
SQL: SHOW COLUMNS FROM `userlist` [ RunTime:0.004000s ]
SQL: INSERT INTO `userlist` (`user`,`upass`,`idnumber`,`email`) VALUES ('admins','14e1b600b1fd579f47433b88e8d85291',1473522189,'402507269@qq.com') [ RunTime:0.089005s ]
ERR: Duplicata du champ 'admins' pour la clef 'user'
 [ SQL语句 ] : INSERT INTO `userlist` (`user`,`upass`,`idnumber`,`email`) VALUES ('admins','14e1b600b1fd579f47433b88e8d85291',1473522189,'402507269@qq.com')
NOTIC: [8192] preg_replace(): The /e modifier is deprecated, use preg_replace_callback instead D:\wamp\www\Bblog\ThinkPHP\Lib\Core\Db.class.php 第 568 行.
SQL: SELECT * FROM `userlist` WHERE ( user='admins' ) LIMIT 1   [ RunTime:0.001001s ]

[ 2016-09-10T23:43:31+08:00 ] 0.0.0.0 /Bblog/index.php/Common/doreg
INFO: [ app_begin ] --START--
INFO: Run ReadHtmlCache Behavior [ RunTime:0.001000s ]
INFO: [ app_begin ] --END-- [ RunTime:0.001000s ]
NOTIC: [8192] mysql_connect(): The mysql extension is deprecated and will be removed in the future: use mysqli or PDO instead D:\wamp\www\Bblog\ThinkPHP\Lib\Driver\Db\DbMysql.class.php 第 55 行.
SQL: SHOW COLUMNS FROM `common` [ RunTime:0.004001s ]
ERR: La table 'beblog.common' n'existe pas
 [ SQL语句 ] : SHOW COLUMNS FROM `common`
SQL: SHOW COLUMNS FROM `userlist` [ RunTime:0.004000s ]
SQL: INSERT INTO `userlist` (`user`,`upass`,`idnumber`,`email`) VALUES ('admins','14e1b600b1fd579f47433b88e8d85291',1473522211,'402507269@qq.com') [ RunTime:0.064004s ]
ERR: Duplicata du champ 'admins' pour la clef 'user'
 [ SQL语句 ] : INSERT INTO `userlist` (`user`,`upass`,`idnumber`,`email`) VALUES ('admins','14e1b600b1fd579f47433b88e8d85291',1473522211,'402507269@qq.com')
NOTIC: [8192] preg_replace(): The /e modifier is deprecated, use preg_replace_callback instead D:\wamp\www\Bblog\ThinkPHP\Lib\Core\Db.class.php 第 568 行.
SQL: SELECT * FROM `userlist` WHERE ( user='admins' ) LIMIT 1   [ RunTime:0.001000s ]

[ 2016-09-10T23:43:58+08:00 ] 0.0.0.0 /Bblog/index.php/Common/doreg
INFO: [ app_begin ] --START--
INFO: Run ReadHtmlCache Behavior [ RunTime:0.001000s ]
INFO: [ app_begin ] --END-- [ RunTime:0.001000s ]
NOTIC: [8192] mysql_connect(): The mysql extension is deprecated and will be removed in the future: use mysqli or PDO instead D:\wamp\www\Bblog\ThinkPHP\Lib\Driver\Db\DbMysql.class.php 第 55 行.
SQL: SHOW COLUMNS FROM `common` [ RunTime:0.004000s ]
ERR: La table 'beblog.common' n'existe pas
 [ SQL语句 ] : SHOW COLUMNS FROM `common`
SQL: SHOW COLUMNS FROM `userlist` [ RunTime:0.005000s ]
SQL: INSERT INTO `userlist` (`user`,`upass`,`idnumber`,`email`) VALUES ('admins','14e1b600b1fd579f47433b88e8d85291',1473522238,'402507269@qq.com') [ RunTime:0.077005s ]
ERR: Duplicata du champ 'admins' pour la clef 'user'
 [ SQL语句 ] : INSERT INTO `userlist` (`user`,`upass`,`idnumber`,`email`) VALUES ('admins','14e1b600b1fd579f47433b88e8d85291',1473522238,'402507269@qq.com')
NOTIC: [8192] preg_replace(): The /e modifier is deprecated, use preg_replace_callback instead D:\wamp\www\Bblog\ThinkPHP\Lib\Core\Db.class.php 第 568 行.
SQL: SELECT * FROM `userlist` WHERE ( user='admins' ) LIMIT 1   [ RunTime:0.001000s ]

[ 2016-09-10T23:45:36+08:00 ] 0.0.0.0 /Bblog/index.php/Common/doreg
INFO: [ app_begin ] --START--
INFO: Run ReadHtmlCache Behavior [ RunTime:0.002000s ]
INFO: [ app_begin ] --END-- [ RunTime:0.003000s ]
NOTIC: [8192] mysql_connect(): The mysql extension is deprecated and will be removed in the future: use mysqli or PDO instead D:\wamp\www\Bblog\ThinkPHP\Lib\Driver\Db\DbMysql.class.php 第 55 行.
SQL: SHOW COLUMNS FROM `common` [ RunTime:0.004000s ]
ERR: La table 'beblog.common' n'existe pas
 [ SQL语句 ] : SHOW COLUMNS FROM `common`
SQL: SHOW COLUMNS FROM `userlist` [ RunTime:0.035002s ]
SQL: INSERT INTO `userlist` (`user`,`upass`,`idnumber`,`email`) VALUES ('admins','14e1b600b1fd579f47433b88e8d85291',1473522336,'402507269@qq.com') [ RunTime:0.212013s ]
ERR: Duplicata du champ 'admins' pour la clef 'user'
 [ SQL语句 ] : INSERT INTO `userlist` (`user`,`upass`,`idnumber`,`email`) VALUES ('admins','14e1b600b1fd579f47433b88e8d85291',1473522336,'402507269@qq.com')
NOTIC: [8192] preg_replace(): The /e modifier is deprecated, use preg_replace_callback instead D:\wamp\www\Bblog\ThinkPHP\Lib\Core\Db.class.php 第 568 行.
SQL: SELECT * FROM `userlist` WHERE ( user='admins' ) LIMIT 1   [ RunTime:0.001000s ]

[ 2016-09-10T23:45:58+08:00 ] 0.0.0.0 /Bblog/index.php/Common/doreg
INFO: [ app_begin ] --START--
INFO: Run ReadHtmlCache Behavior [ RunTime:0.001000s ]
INFO: [ app_begin ] --END-- [ RunTime:0.001000s ]
NOTIC: [8192] mysql_connect(): The mysql extension is deprecated and will be removed in the future: use mysqli or PDO instead D:\wamp\www\Bblog\ThinkPHP\Lib\Driver\Db\DbMysql.class.php 第 55 行.
SQL: SHOW COLUMNS FROM `common` [ RunTime:0.004000s ]
ERR: La table 'beblog.common' n'existe pas
 [ SQL语句 ] : SHOW COLUMNS FROM `common`
SQL: SHOW COLUMNS FROM `userlist` [ RunTime:0.004001s ]
SQL: INSERT INTO `userlist` (`user`,`upass`,`idnumber`,`email`) VALUES ('admins','14e1b600b1fd579f47433b88e8d85291',1473522358,'402507269@qq.com') [ RunTime:0.066003s ]
ERR: Duplicata du champ 'admins' pour la clef 'user'
 [ SQL语句 ] : INSERT INTO `userlist` (`user`,`upass`,`idnumber`,`email`) VALUES ('admins','14e1b600b1fd579f47433b88e8d85291',1473522358,'402507269@qq.com')
NOTIC: [8192] preg_replace(): The /e modifier is deprecated, use preg_replace_callback instead D:\wamp\www\Bblog\ThinkPHP\Lib\Core\Db.class.php 第 568 行.
SQL: SELECT * FROM `userlist` WHERE ( user='admins' ) LIMIT 1   [ RunTime:0.001001s ]

