[ 2016-09-04T20:37:59+08:00 ] ERR: (ThinkException) 无法加载模块:Index
[ 2016-09-04T20:38:07+08:00 ] ERR: (ThinkException) 无法加载模块:Index
[ 2016-09-04T20:38:09+08:00 ] ERR: (ThinkException) 无法加载模块:Index
[ 2016-09-04T20:38:22+08:00 ] ERR: (ThinkException) 无法加载模块:Index
[ 2016-09-04T22:16:45+08:00 ] ERR: (ThinkException) 模板不存在[./App/Tpl/Home/Blog/index.html]
[ 2016-09-04T22:17:28+08:00 ] ERR: (ThinkException) 非法操作:js
[ 2016-09-04T22:17:28+08:00 ] ERR: (ThinkException) 非法操作:css
[ 2016-09-04T22:17:28+08:00 ] ERR: (ThinkException) 非法操作:images
[ 2016-09-04T22:17:28+08:00 ] ERR: (ThinkException) 非法操作:images
[ 2016-09-04T22:17:28+08:00 ] ERR: (ThinkException) 非法操作:images
[ 2016-09-04T22:17:28+08:00 ] ERR: (ThinkException) 非法操作:images
[ 2016-09-04T22:17:28+08:00 ] ERR: (ThinkException) 非法操作:images
[ 2016-09-04T22:17:28+08:00 ] ERR: (ThinkException) 非法操作:images
[ 2016-09-04T22:17:28+08:00 ] ERR: (ThinkException) 非法操作:images
[ 2016-09-04T22:17:28+08:00 ] ERR: (ThinkException) 非法操作:images
[ 2016-09-04T22:17:28+08:00 ] ERR: (ThinkException) 非法操作:images
[ 2016-09-04T22:17:28+08:00 ] ERR: (ThinkException) 非法操作:images
[ 2016-09-04T22:17:28+08:00 ] ERR: (ThinkException) 非法操作:images
[ 2016-09-04T22:18:25+08:00 ] ERR: (ThinkException) 非法操作:images
[ 2016-09-04T22:18:25+08:00 ] ERR: (ThinkException) 非法操作:js
[ 2016-09-04T22:18:25+08:00 ] ERR: (ThinkException) 非法操作:images
[ 2016-09-04T22:18:25+08:00 ] ERR: (ThinkException) 非法操作:images
[ 2016-09-04T22:18:25+08:00 ] ERR: (ThinkException) 非法操作:images
[ 2016-09-04T22:18:25+08:00 ] ERR: (ThinkException) 非法操作:images
[ 2016-09-04T22:18:25+08:00 ] ERR: (ThinkException) 非法操作:images
[ 2016-09-04T22:18:25+08:00 ] ERR: (ThinkException) 非法操作:images
[ 2016-09-04T22:18:25+08:00 ] ERR: (ThinkException) 非法操作:images
[ 2016-09-04T22:18:25+08:00 ] ERR: (ThinkException) 非法操作:images
[ 2016-09-04T22:18:25+08:00 ] ERR: (ThinkException) 非法操作:images
[ 2016-09-04T22:18:25+08:00 ] ERR: (ThinkException) 非法操作:images
[ 2016-09-04T22:18:25+08:00 ] ERR: (ThinkException) 非法操作:images
[ 2016-09-04T22:18:39+08:00 ] ERR: (ThinkException) 非法操作:js
[ 2016-09-04T22:18:39+08:00 ] ERR: (ThinkException) 非法操作:images
[ 2016-09-04T22:18:39+08:00 ] ERR: (ThinkException) 非法操作:images
[ 2016-09-04T22:18:39+08:00 ] ERR: (ThinkException) 非法操作:images
[ 2016-09-04T22:18:40+08:00 ] ERR: (ThinkException) 非法操作:images
[ 2016-09-04T22:18:40+08:00 ] ERR: (ThinkException) 非法操作:images
[ 2016-09-04T22:18:40+08:00 ] ERR: (ThinkException) 非法操作:images
[ 2016-09-04T22:18:40+08:00 ] ERR: (ThinkException) 非法操作:images
[ 2016-09-04T22:18:40+08:00 ] ERR: (ThinkException) 非法操作:images
[ 2016-09-04T22:18:40+08:00 ] ERR: (ThinkException) 非法操作:images
[ 2016-09-04T22:18:40+08:00 ] ERR: (ThinkException) 非法操作:images
[ 2016-09-04T22:18:40+08:00 ] ERR: (ThinkException) 非法操作:images
[ 2016-09-04T22:18:55+08:00 ] ERR: (ThinkException) 非法操作:images
[ 2016-09-04T22:18:55+08:00 ] ERR: (ThinkException) 非法操作:images
[ 2016-09-04T22:18:55+08:00 ] ERR: (ThinkException) 非法操作:images
[ 2016-09-04T22:18:55+08:00 ] ERR: (ThinkException) 非法操作:js
[ 2016-09-04T22:18:55+08:00 ] ERR: (ThinkException) 非法操作:images
[ 2016-09-04T22:18:55+08:00 ] ERR: (ThinkException) 非法操作:images
[ 2016-09-04T22:18:55+08:00 ] ERR: (ThinkException) 非法操作:images
[ 2016-09-04T22:18:55+08:00 ] ERR: (ThinkException) 非法操作:images
[ 2016-09-04T22:18:55+08:00 ] ERR: (ThinkException) 非法操作:images
[ 2016-09-04T22:18:55+08:00 ] ERR: (ThinkException) 非法操作:images
[ 2016-09-04T22:18:55+08:00 ] ERR: (ThinkException) 非法操作:images
[ 2016-09-04T22:18:55+08:00 ] ERR: (ThinkException) 非法操作:images
[ 2016-09-04T22:18:55+08:00 ] ERR: (ThinkException) 非法操作:images
[ 2016-09-04T22:18:55+08:00 ] ERR: (ThinkException) 非法操作:images
[ 2016-09-04T22:18:55+08:00 ] ERR: (ThinkException) 非法操作:images
[ 2016-09-04T22:19:47+08:00 ] ERR: (ThinkException) 非法操作:js
[ 2016-09-04T22:19:47+08:00 ] ERR: (ThinkException) 非法操作:images
[ 2016-09-04T22:19:47+08:00 ] ERR: (ThinkException) 非法操作:images
[ 2016-09-04T22:19:47+08:00 ] ERR: (ThinkException) 非法操作:images
[ 2016-09-04T22:19:47+08:00 ] ERR: (ThinkException) 非法操作:images
[ 2016-09-04T22:19:47+08:00 ] ERR: (ThinkException) 非法操作:images
[ 2016-09-04T22:19:47+08:00 ] ERR: (ThinkException) 非法操作:images
[ 2016-09-04T22:19:47+08:00 ] ERR: (ThinkException) 非法操作:images
[ 2016-09-04T22:19:47+08:00 ] ERR: (ThinkException) 非法操作:images
[ 2016-09-04T22:19:47+08:00 ] ERR: (ThinkException) 非法操作:images
[ 2016-09-04T22:19:47+08:00 ] ERR: (ThinkException) 非法操作:images
[ 2016-09-04T22:20:14+08:00 ] ERR: (ThinkException) 非法操作:images
[ 2016-09-04T22:20:14+08:00 ] ERR: (ThinkException) 非法操作:js
[ 2016-09-04T22:20:14+08:00 ] ERR: (ThinkException) 非法操作:images
[ 2016-09-04T22:20:14+08:00 ] ERR: (ThinkException) 非法操作:images
[ 2016-09-04T22:20:14+08:00 ] ERR: (ThinkException) 非法操作:images
[ 2016-09-04T22:20:14+08:00 ] ERR: (ThinkException) 非法操作:images
[ 2016-09-04T22:20:14+08:00 ] ERR: (ThinkException) 非法操作:images
[ 2016-09-04T22:20:14+08:00 ] ERR: (ThinkException) 非法操作:images
[ 2016-09-04T22:20:14+08:00 ] ERR: (ThinkException) 非法操作:images
[ 2016-09-04T22:20:14+08:00 ] ERR: (ThinkException) 非法操作:images
[ 2016-09-04T22:20:14+08:00 ] ERR: (ThinkException) 非法操作:images
[ 2016-09-04T22:20:14+08:00 ] ERR: (ThinkException) 非法操作:images
[ 2016-09-04T22:20:39+08:00 ] ERR: (ThinkException) 非法操作:images
[ 2016-09-04T22:20:39+08:00 ] ERR: (ThinkException) 非法操作:js
[ 2016-09-04T22:20:39+08:00 ] ERR: (ThinkException) 非法操作:images
[ 2016-09-04T22:20:39+08:00 ] ERR: (ThinkException) 非法操作:images
[ 2016-09-04T22:20:39+08:00 ] ERR: (ThinkException) 非法操作:images
[ 2016-09-04T22:20:39+08:00 ] ERR: (ThinkException) 非法操作:images
[ 2016-09-04T22:20:39+08:00 ] ERR: (ThinkException) 非法操作:images
[ 2016-09-04T22:20:58+08:00 ] ERR: (ThinkException) 非法操作:js
[ 2016-09-04T22:20:58+08:00 ] ERR: (ThinkException) 非法操作:images
[ 2016-09-04T22:20:58+08:00 ] ERR: (ThinkException) 非法操作:images
[ 2016-09-04T22:21:48+08:00 ] ERR: (ThinkException) 非法操作:js
[ 2016-09-04T22:21:48+08:00 ] ERR: (ThinkException) 非法操作:images
[ 2016-09-04T22:21:48+08:00 ] ERR: (ThinkException) 非法操作:images
[ 2016-09-04T22:22:02+08:00 ] ERR: (ThinkException) 非法操作:js
[ 2016-09-04T22:22:02+08:00 ] ERR: (ThinkException) 非法操作:images
[ 2016-09-04T22:22:02+08:00 ] ERR: (ThinkException) 非法操作:images
[ 2016-09-04T22:22:35+08:00 ] ERR: (ThinkException) 非法操作:js
[ 2016-09-04T22:22:35+08:00 ] ERR: (ThinkException) 非法操作:images
[ 2016-09-04T22:22:35+08:00 ] ERR: (ThinkException) 非法操作:images
[ 2016-09-04T22:22:47+08:00 ] ERR: (ThinkException) 非法操作:js
[ 2016-09-04T22:22:48+08:00 ] ERR: (ThinkException) 非法操作:images
[ 2016-09-04T22:22:48+08:00 ] ERR: (ThinkException) 非法操作:images
[ 2016-09-04T22:23:19+08:00 ] ERR: (ThinkException) 非法操作:js
[ 2016-09-04T22:23:19+08:00 ] ERR: (ThinkException) 非法操作:images
[ 2016-09-04T22:23:19+08:00 ] ERR: (ThinkException) 非法操作:images
[ 2016-09-04T22:23:30+08:00 ] ERR: (ThinkException) 非法操作:js
[ 2016-09-04T22:23:30+08:00 ] ERR: (ThinkException) 非法操作:images
[ 2016-09-04T22:23:30+08:00 ] ERR: (ThinkException) 非法操作:images
[ 2016-09-04T22:24:09+08:00 ] ERR: (ThinkException) 非法操作:js
[ 2016-09-04T22:24:09+08:00 ] ERR: (ThinkException) 非法操作:images
[ 2016-09-04T22:24:09+08:00 ] ERR: (ThinkException) 非法操作:images
[ 2016-09-04T22:24:11+08:00 ] ERR: (ThinkException) 非法操作:js
[ 2016-09-04T22:24:11+08:00 ] ERR: (ThinkException) 非法操作:images
[ 2016-09-04T22:24:11+08:00 ] ERR: (ThinkException) 非法操作:images
[ 2016-09-04T22:25:21+08:00 ] ERR: (ThinkException) 非法操作:js
[ 2016-09-04T22:25:21+08:00 ] ERR: (ThinkException) 非法操作:images
[ 2016-09-04T22:25:21+08:00 ] ERR: (ThinkException) 非法操作:images
[ 2016-09-04T22:25:38+08:00 ] ERR: (ThinkException) 非法操作:js
[ 2016-09-04T22:25:38+08:00 ] ERR: (ThinkException) 非法操作:images
[ 2016-09-04T22:25:38+08:00 ] ERR: (ThinkException) 非法操作:images
[ 2016-09-04T22:26:39+08:00 ] ERR: (ThinkException) 非法操作:js
[ 2016-09-04T22:26:39+08:00 ] ERR: (ThinkException) 非法操作:images
[ 2016-09-04T22:26:39+08:00 ] ERR: (ThinkException) 非法操作:images
