[ 2016-09-18T08:01:42+08:00 ] ERR: (ThinkException) 非法操作:images
[ 2016-09-18T08:02:04+08:00 ] ERR: (ThinkException) 非法操作:images
[ 2016-09-18T08:12:53+08:00 ] ERR: (ThinkException) Model:getArcticle您所请求的方法不存在！
[ 2016-09-18T08:19:08+08:00 ] ERR: (ThinkException) 非法操作:images
[ 2016-09-18T11:35:04+08:00 ] ERR: (ThinkException) 模板不存在[./App/Tpl/Home/Common/Login.html]
[ 2016-09-18T11:35:19+08:00 ] ERR: (ThinkException) 模板不存在[./App/Tpl/Home/Common/Login.html]
[ 2016-09-18T11:39:06+08:00 ] ERR: (ThinkException) 非法操作:saveMessage
[ 2016-09-18T11:40:32+08:00 ] ERR: (ThinkException) 非法操作:saveMessage
[ 2016-09-18T11:40:38+08:00 ] ERR: (ThinkException) 非法操作:saveMessage
[ 2016-09-18T11:40:58+08:00 ] ERR: (ThinkException) 非法操作:saveMessage
[ 2016-09-18T11:41:02+08:00 ] ERR: (ThinkException) 非法操作:saveMessage
[ 2016-09-18T11:41:26+08:00 ] ERR: (ThinkException) 非法操作:saveMessage
[ 2016-09-18T11:41:26+08:00 ] ERR: (ThinkException) 非法操作:saveMessage
[ 2016-09-18T11:43:15+08:00 ] ERR: (ThinkException) 非法操作:saveMessage
[ 2016-09-18T11:43:19+08:00 ] ERR: (ThinkException) 非法操作:saveMessage
[ 2016-09-18T11:47:53+08:00 ] ERR: (ThinkException) 非法操作:saveMessage
[ 2016-09-18T11:48:05+08:00 ] ERR: (ThinkException) 非法操作:saveMessage
[ 2016-09-18T11:48:07+08:00 ] ERR: (ThinkException) 非法操作:saveMessage
[ 2016-09-18T11:48:11+08:00 ] ERR: (ThinkException) 非法操作:saveMessage
[ 2016-09-18T11:48:17+08:00 ] ERR: (ThinkException) 非法操作:saveMessage
[ 2016-09-18T11:48:28+08:00 ] ERR: (ThinkException) 非法操作:saveMessage
[ 2016-09-18T14:19:53+08:00 ] ERR: (ThinkException) 非法操作:delMessage
[ 2016-09-18T14:51:21+08:00 ] ERR: (ThinkException) 非法操作:delCategory
[ 2016-09-18T14:51:51+08:00 ] ERR: (ThinkException) 非法操作:delCategory
[ 2016-09-18T14:53:25+08:00 ] ERR: (ThinkException) Model:delte您所请求的方法不存在！
[ 2016-09-18T14:54:30+08:00 ] ERR: (ThinkException) Model:delte您所请求的方法不存在！
[ 2016-09-18T14:54:44+08:00 ] ERR: (ThinkException) Model:delte您所请求的方法不存在！
