[ 2016-09-16T08:27:13+08:00 ] ERR: (ThinkException) 非法操作:images
[ 2016-09-16T08:37:29+08:00 ] ERR: (ThinkException) 非法操作:images
[ 2016-09-16T09:04:26+08:00 ] ERR: (ThinkException) Model:getAbout您所请求的方法不存在！
[ 2016-09-16T09:47:31+08:00 ] ERR: (ThinkException) 非法操作:images
[ 2016-09-16T10:33:46+08:00 ] ERR: (ThinkException) Action:create您所请求的方法不存在！
[ 2016-09-16T10:49:48+08:00 ] ERR: (ThinkException) 无法加载模块:about
[ 2016-09-16T10:50:18+08:00 ] ERR: (ThinkException) 无法加载模块:bblog
[ 2016-09-16T10:52:14+08:00 ] ERR: (ThinkException) 无法加载模块:bblog
[ 2016-09-16T10:52:16+08:00 ] ERR: (ThinkException) 无法加载模块:bblog
[ 2016-09-16T10:52:16+08:00 ] ERR: (ThinkException) 无法加载模块:bblog
[ 2016-09-16T10:52:17+08:00 ] ERR: (ThinkException) 无法加载模块:bblog
[ 2016-09-16T10:52:17+08:00 ] ERR: (ThinkException) 无法加载模块:bblog
[ 2016-09-16T10:54:25+08:00 ] ERR: (ThinkException) 无法加载模块:about
[ 2016-09-16T10:54:43+08:00 ] ERR: (ThinkException) 无法加载模块:about
[ 2016-09-16T11:11:49+08:00 ] ERR: (ThinkException) XML标签语法错误 : name="<{$ab['sex']}
[ 2016-09-16T11:11:49+08:00 ] ERR: (ThinkException) 非法操作:__PUBLIC__
[ 2016-09-16T11:11:49+08:00 ] ERR: (ThinkException) 非法操作:__PUBLIC__
[ 2016-09-16T11:11:49+08:00 ] ERR: (ThinkException) 非法操作:__PUBLIC__
[ 2016-09-16T11:11:49+08:00 ] ERR: (ThinkException) 非法操作:__PUBLIC__
[ 2016-09-16T11:11:49+08:00 ] ERR: (ThinkException) 非法操作:__PUBLIC__
[ 2016-09-16T11:11:49+08:00 ] ERR: (ThinkException) 非法操作:__PUBLIC__
[ 2016-09-16T11:11:49+08:00 ] ERR: (ThinkException) 非法操作:__PUBLIC__
[ 2016-09-16T11:11:49+08:00 ] ERR: (ThinkException) 非法操作:__PUBLIC__
[ 2016-09-16T11:11:49+08:00 ] ERR: (ThinkException) 非法操作:__PUBLIC__
[ 2016-09-16T11:11:50+08:00 ] ERR: (ThinkException) 非法操作:__PUBLIC__
[ 2016-09-16T11:11:50+08:00 ] ERR: (ThinkException) 非法操作:__PUBLIC__
[ 2016-09-16T11:11:50+08:00 ] ERR: (ThinkException) 非法操作:__PUBLIC__
[ 2016-09-16T11:12:11+08:00 ] ERR: (ThinkException) XML标签语法错误 : name="<{$ab['sex']}
[ 2016-09-16T11:12:11+08:00 ] ERR: (ThinkException) 非法操作:__PUBLIC__
[ 2016-09-16T11:12:11+08:00 ] ERR: (ThinkException) 非法操作:__PUBLIC__
[ 2016-09-16T11:12:11+08:00 ] ERR: (ThinkException) 非法操作:__PUBLIC__
[ 2016-09-16T11:12:11+08:00 ] ERR: (ThinkException) 非法操作:__PUBLIC__
[ 2016-09-16T11:12:11+08:00 ] ERR: (ThinkException) 非法操作:__PUBLIC__
[ 2016-09-16T11:12:11+08:00 ] ERR: (ThinkException) 非法操作:__PUBLIC__
[ 2016-09-16T11:12:11+08:00 ] ERR: (ThinkException) 非法操作:__PUBLIC__
[ 2016-09-16T11:12:11+08:00 ] ERR: (ThinkException) 非法操作:__PUBLIC__
[ 2016-09-16T11:12:11+08:00 ] ERR: (ThinkException) 非法操作:__PUBLIC__
[ 2016-09-16T11:12:11+08:00 ] ERR: (ThinkException) 非法操作:__PUBLIC__
[ 2016-09-16T11:12:11+08:00 ] ERR: (ThinkException) XML标签语法错误 : name="<{$ab['sex']}
[ 2016-09-16T11:12:11+08:00 ] ERR: (ThinkException) 非法操作:__PUBLIC__
[ 2016-09-16T11:12:12+08:00 ] ERR: (ThinkException) 非法操作:__PUBLIC__
[ 2016-09-16T11:12:12+08:00 ] ERR: (ThinkException) 非法操作:__PUBLIC__
[ 2016-09-16T11:12:12+08:00 ] ERR: (ThinkException) 非法操作:__PUBLIC__
[ 2016-09-16T11:12:12+08:00 ] ERR: (ThinkException) 非法操作:__PUBLIC__
[ 2016-09-16T11:12:12+08:00 ] ERR: (ThinkException) 非法操作:__PUBLIC__
[ 2016-09-16T11:12:12+08:00 ] ERR: (ThinkException) 非法操作:__PUBLIC__
[ 2016-09-16T11:12:12+08:00 ] ERR: (ThinkException) 非法操作:__PUBLIC__
[ 2016-09-16T11:12:12+08:00 ] ERR: (ThinkException) 非法操作:__PUBLIC__
[ 2016-09-16T11:12:12+08:00 ] ERR: (ThinkException) 非法操作:__PUBLIC__
[ 2016-09-16T11:12:12+08:00 ] ERR: (ThinkException) 非法操作:__PUBLIC__
[ 2016-09-16T11:12:12+08:00 ] ERR: (ThinkException) 非法操作:__PUBLIC__
[ 2016-09-16T11:12:12+08:00 ] ERR: (ThinkException) 非法操作:__PUBLIC__
[ 2016-09-16T11:18:41+08:00 ] ERR: (ThinkException) Model:getMe您所请求的方法不存在！
[ 2016-09-16T11:19:00+08:00 ] ERR: (ThinkException) 无法加载模块:about
[ 2016-09-16T11:20:36+08:00 ] ERR: (ThinkException) 非法操作:修改成功!
[ 2016-09-16T11:21:39+08:00 ] ERR: (ThinkException) 无法加载模块:bblog
[ 2016-09-16T11:31:23+08:00 ] ERR: (ThinkException) 非法操作:Person
[ 2016-09-16T11:31:37+08:00 ] ERR: (ThinkException) 非法操作:Person
[ 2016-09-16T11:48:32+08:00 ] ERR: (ThinkException) 非法操作:images
[ 2016-09-16T11:48:44+08:00 ] ERR: (ThinkException) 非法操作:images
[ 2016-09-16T11:49:07+08:00 ] ERR: (ThinkException) 非法操作:images
[ 2016-09-16T11:49:20+08:00 ] ERR: (ThinkException) 非法操作:images
[ 2016-09-16T11:49:22+08:00 ] ERR: (ThinkException) 非法操作:images
[ 2016-09-16T11:49:27+08:00 ] ERR: (ThinkException) 非法操作:images
[ 2016-09-16T11:49:33+08:00 ] ERR: (ThinkException) 非法操作:images
[ 2016-09-16T11:49:37+08:00 ] ERR: (ThinkException) 非法操作:images
[ 2016-09-16T11:49:46+08:00 ] ERR: (ThinkException) 非法操作:images
[ 2016-09-16T11:50:08+08:00 ] ERR: (ThinkException) 非法操作:images
[ 2016-09-16T11:52:26+08:00 ] ERR: (ThinkException) 非法操作:images
[ 2016-09-16T11:56:28+08:00 ] ERR: (ThinkException) 非法操作:images
[ 2016-09-16T11:56:41+08:00 ] ERR: (ThinkException) 非法操作:images
[ 2016-09-16T11:56:59+08:00 ] ERR: (ThinkException) 非法操作:images
[ 2016-09-16T11:57:08+08:00 ] ERR: (ThinkException) 非法操作:images
[ 2016-09-16T11:57:41+08:00 ] ERR: (ThinkException) 非法操作:images
[ 2016-09-16T11:57:42+08:00 ] ERR: (ThinkException) 非法操作:images
[ 2016-09-16T11:59:46+08:00 ] ERR: (ThinkException) 非法操作:images
[ 2016-09-16T11:59:47+08:00 ] ERR: (ThinkException) 非法操作:images
[ 2016-09-16T11:59:48+08:00 ] ERR: (ThinkException) 非法操作:images
[ 2016-09-16T12:01:19+08:00 ] ERR: (ThinkException) 非法操作:images
[ 2016-09-16T12:01:20+08:00 ] ERR: (ThinkException) 非法操作:images
[ 2016-09-16T12:01:21+08:00 ] ERR: (ThinkException) 非法操作:images
[ 2016-09-16T12:01:24+08:00 ] ERR: (ThinkException) 非法操作:images
[ 2016-09-16T12:01:25+08:00 ] ERR: (ThinkException) 非法操作:images
[ 2016-09-16T12:03:41+08:00 ] ERR: (ThinkException) 非法操作:images
[ 2016-09-16T12:04:07+08:00 ] ERR: (ThinkException) 非法操作:images
[ 2016-09-16T12:04:12+08:00 ] ERR: (ThinkException) 非法操作:images
[ 2016-09-16T12:04:16+08:00 ] ERR: (ThinkException) 非法操作:images
[ 2016-09-16T12:04:27+08:00 ] ERR: (ThinkException) 非法操作:aboutid=1473649101
[ 2016-09-16T12:04:39+08:00 ] ERR: (ThinkException) 非法操作:images
[ 2016-09-16T12:04:40+08:00 ] ERR: (ThinkException) 非法操作:images
[ 2016-09-16T12:04:43+08:00 ] ERR: (ThinkException) 非法操作:images
[ 2016-09-16T12:04:45+08:00 ] ERR: (ThinkException) 非法操作:images
[ 2016-09-16T12:04:48+08:00 ] ERR: (ThinkException) 非法操作:images
[ 2016-09-16T12:05:22+08:00 ] ERR: (ThinkException) 非法操作:images
[ 2016-09-16T12:05:27+08:00 ] ERR: (ThinkException) 非法操作:images
[ 2016-09-16T12:05:27+08:00 ] ERR: (ThinkException) 非法操作:images
[ 2016-09-16T12:05:27+08:00 ] ERR: (ThinkException) 非法操作:images
[ 2016-09-16T12:05:27+08:00 ] ERR: (ThinkException) 非法操作:images
[ 2016-09-16T12:05:28+08:00 ] ERR: (ThinkException) 非法操作:images
[ 2016-09-16T12:07:01+08:00 ] ERR: (ThinkException) 非法操作:images
[ 2016-09-16T12:07:02+08:00 ] ERR: (ThinkException) 非法操作:images
[ 2016-09-16T12:07:02+08:00 ] ERR: (ThinkException) 非法操作:images
[ 2016-09-16T12:07:03+08:00 ] ERR: (ThinkException) 非法操作:images
[ 2016-09-16T12:07:03+08:00 ] ERR: (ThinkException) 非法操作:images
[ 2016-09-16T12:07:03+08:00 ] ERR: (ThinkException) 非法操作:images
[ 2016-09-16T12:07:03+08:00 ] ERR: (ThinkException) 非法操作:images
[ 2016-09-16T12:07:04+08:00 ] ERR: (ThinkException) 非法操作:images
[ 2016-09-16T12:07:04+08:00 ] ERR: (ThinkException) 非法操作:images
[ 2016-09-16T12:07:04+08:00 ] ERR: (ThinkException) 非法操作:images
[ 2016-09-16T12:07:04+08:00 ] ERR: (ThinkException) 非法操作:images
[ 2016-09-16T12:07:05+08:00 ] ERR: (ThinkException) 非法操作:images
[ 2016-09-16T12:07:09+08:00 ] ERR: (ThinkException) 非法操作:images
[ 2016-09-16T12:07:12+08:00 ] ERR: (ThinkException) 非法操作:images
[ 2016-09-16T12:07:45+08:00 ] ERR: (ThinkException) 非法操作:images
[ 2016-09-16T12:07:46+08:00 ] ERR: (ThinkException) 非法操作:images
[ 2016-09-16T12:07:52+08:00 ] ERR: (ThinkException) 非法操作:images
[ 2016-09-16T12:09:27+08:00 ] ERR: (ThinkException) 非法操作:images
[ 2016-09-16T12:09:34+08:00 ] ERR: (ThinkException) 非法操作:images
[ 2016-09-16T12:09:35+08:00 ] ERR: (ThinkException) 非法操作:images
[ 2016-09-16T12:09:36+08:00 ] ERR: (ThinkException) 非法操作:images
[ 2016-09-16T12:09:40+08:00 ] ERR: (ThinkException) 非法操作:images
[ 2016-09-16T17:23:13+08:00 ] ERR: (ThinkException) 非法操作:images
[ 2016-09-16T17:23:32+08:00 ] ERR: (ThinkException) 非法操作:images
[ 2016-09-16T17:23:33+08:00 ] ERR: (ThinkException) 非法操作:images
[ 2016-09-16T17:23:53+08:00 ] ERR: (ThinkException) 非法操作:images
[ 2016-09-16T17:24:00+08:00 ] ERR: (ThinkException) 非法操作:images
[ 2016-09-16T17:32:50+08:00 ] ERR: (ThinkException) 非法操作:images
[ 2016-09-16T17:36:11+08:00 ] ERR: (ThinkException) XML标签语法错误 : condition="<{$uid}
[ 2016-09-16T17:36:11+08:00 ] ERR: (ThinkException) 非法操作:__PUBLIC__
[ 2016-09-16T17:36:11+08:00 ] ERR: (ThinkException) 非法操作:__PUBLIC__
[ 2016-09-16T17:36:11+08:00 ] ERR: (ThinkException) 非法操作:__PUBLIC__
[ 2016-09-16T17:36:11+08:00 ] ERR: (ThinkException) 非法操作:images
[ 2016-09-16T17:36:11+08:00 ] ERR: (ThinkException) 非法操作:__PUBLIC__
[ 2016-09-16T17:36:11+08:00 ] ERR: (ThinkException) 非法操作:__PUBLIC__
[ 2016-09-16T17:36:11+08:00 ] ERR: (ThinkException) 非法操作:__PUBLIC__
[ 2016-09-16T17:36:11+08:00 ] ERR: (ThinkException) 非法操作:__PUBLIC__
[ 2016-09-16T17:36:11+08:00 ] ERR: (ThinkException) 非法操作:__PUBLIC__
[ 2016-09-16T17:36:11+08:00 ] ERR: (ThinkException) 非法操作:__PUBLIC__
[ 2016-09-16T17:36:11+08:00 ] ERR: (ThinkException) 非法操作:__PUBLIC__
[ 2016-09-16T17:36:11+08:00 ] ERR: (ThinkException) 非法操作:__PUBLIC__
[ 2016-09-16T17:36:11+08:00 ] ERR: (ThinkException) 非法操作:__PUBLIC__
[ 2016-09-16T17:36:11+08:00 ] ERR: (ThinkException) 非法操作:__PUBLIC__
[ 2016-09-16T17:36:11+08:00 ] ERR: (ThinkException) 非法操作:images
[ 2016-09-16T17:37:01+08:00 ] ERR: (ThinkException) 非法操作:images
[ 2016-09-16T17:37:52+08:00 ] ERR: (ThinkException) 非法操作:images
[ 2016-09-16T17:38:17+08:00 ] ERR: (ThinkException) 非法操作:images
[ 2016-09-16T17:38:21+08:00 ] ERR: (ThinkException) 非法操作:images
[ 2016-09-16T17:38:23+08:00 ] ERR: (ThinkException) 非法操作:images
[ 2016-09-16T17:39:38+08:00 ] ERR: (ThinkException) 非法操作:images
[ 2016-09-16T17:42:02+08:00 ] ERR: (ThinkException) 非法操作:images
[ 2016-09-16T17:42:42+08:00 ] ERR: (ThinkException) 非法操作:images
[ 2016-09-16T17:47:50+08:00 ] ERR: (ThinkException) 非法操作:images
[ 2016-09-16T17:48:00+08:00 ] ERR: (ThinkException) 非法操作:images
[ 2016-09-16T17:48:00+08:00 ] ERR: (ThinkException) 非法操作:images
[ 2016-09-16T17:48:00+08:00 ] ERR: (ThinkException) 非法操作:images
[ 2016-09-16T17:48:00+08:00 ] ERR: (ThinkException) 非法操作:images
[ 2016-09-16T17:48:37+08:00 ] ERR: (ThinkException) 非法操作:images
[ 2016-09-16T17:49:42+08:00 ] ERR: (ThinkException) 非法操作:images
[ 2016-09-16T17:49:43+08:00 ] ERR: (ThinkException) 非法操作:images
[ 2016-09-16T17:51:15+08:00 ] ERR: (ThinkException) 非法操作:images
[ 2016-09-16T17:57:48+08:00 ] ERR: (ThinkException) 非法操作:images
[ 2016-09-16T17:58:31+08:00 ] ERR: (ThinkException) 非法操作:images
[ 2016-09-16T18:00:22+08:00 ] ERR: (ThinkException) 非法操作:images
