[ 2015-11-28T10:52:46+08:00 ] ERR: (ThinkException) 非法操作:style
[ 2015-11-28T10:52:46+08:00 ] ERR: (ThinkException) 非法操作:style
[ 2015-11-28T10:52:46+08:00 ] ERR: (ThinkException) 非法操作:images
[ 2015-11-28T10:52:46+08:00 ] ERR: (ThinkException) 非法操作:images
[ 2015-11-28T10:52:46+08:00 ] ERR: (ThinkException) 非法操作:images
[ 2015-11-28T10:52:46+08:00 ] ERR: (ThinkException) 非法操作:images
[ 2015-11-28T10:52:46+08:00 ] ERR: (ThinkException) 非法操作:images
[ 2015-11-28T10:52:46+08:00 ] ERR: (ThinkException) 非法操作:images
[ 2015-11-28T10:52:46+08:00 ] ERR: (ThinkException) 非法操作:images
[ 2015-11-28T14:07:46+08:00 ] ERR: (ThinkException) 非法操作:images
[ 2015-11-28T14:07:46+08:00 ] ERR: (ThinkException) 非法操作:images
[ 2015-11-28T14:07:46+08:00 ] ERR: (ThinkException) 非法操作:images
[ 2015-11-28T14:07:46+08:00 ] ERR: (ThinkException) 非法操作:images
[ 2015-11-28T14:29:48+08:00 ] ERR: (ThinkException) 非法操作:js
[ 2015-11-28T14:29:48+08:00 ] ERR: (ThinkException) 非法操作:js
[ 2015-11-28T14:29:48+08:00 ] ERR: (ThinkException) 非法操作:js
[ 2015-11-28T14:29:48+08:00 ] ERR: (ThinkException) 非法操作:css
[ 2015-11-28T14:29:48+08:00 ] ERR: (ThinkException) 非法操作:js
[ 2015-11-28T14:29:48+08:00 ] ERR: (ThinkException) 非法操作:images
[ 2015-11-28T14:29:48+08:00 ] ERR: (ThinkException) 非法操作:images
[ 2015-11-28T14:29:48+08:00 ] ERR: (ThinkException) 非法操作:images
[ 2015-11-28T14:29:48+08:00 ] ERR: (ThinkException) 非法操作:images
[ 2015-11-28T14:29:51+08:00 ] ERR: (ThinkException) 非法操作:js
[ 2015-11-28T14:29:51+08:00 ] ERR: (ThinkException) 非法操作:css
[ 2015-11-28T14:29:51+08:00 ] ERR: (ThinkException) 非法操作:js
[ 2015-11-28T14:29:51+08:00 ] ERR: (ThinkException) 非法操作:js
[ 2015-11-28T14:29:51+08:00 ] ERR: (ThinkException) 非法操作:js
[ 2015-11-28T14:29:51+08:00 ] ERR: (ThinkException) 非法操作:images
[ 2015-11-28T14:29:51+08:00 ] ERR: (ThinkException) 非法操作:images
[ 2015-11-28T14:29:51+08:00 ] ERR: (ThinkException) 非法操作:images
[ 2015-11-28T14:29:51+08:00 ] ERR: (ThinkException) 非法操作:images
[ 2015-11-28T14:30:29+08:00 ] ERR: (ThinkException) 非法操作:js
[ 2015-11-28T14:30:29+08:00 ] ERR: (ThinkException) 非法操作:images
[ 2015-11-28T14:30:29+08:00 ] ERR: (ThinkException) 非法操作:images
[ 2015-11-28T14:30:29+08:00 ] ERR: (ThinkException) 非法操作:images
[ 2015-11-28T14:30:29+08:00 ] ERR: (ThinkException) 非法操作:images
[ 2015-11-28T14:31:14+08:00 ] ERR: (ThinkException) 非法操作:js
[ 2015-11-28T14:31:25+08:00 ] ERR: (ThinkException) 非法操作:js
[ 2015-11-28T14:31:25+08:00 ] ERR: (ThinkException) 非法操作:images
[ 2015-11-28T14:31:25+08:00 ] ERR: (ThinkException) 非法操作:images
[ 2015-11-28T14:31:25+08:00 ] ERR: (ThinkException) 非法操作:images
[ 2015-11-28T14:31:25+08:00 ] ERR: (ThinkException) 非法操作:images
[ 2015-11-28T14:32:52+08:00 ] ERR: (ThinkException) 非法操作:images
[ 2015-11-28T14:32:52+08:00 ] ERR: (ThinkException) 非法操作:js
[ 2015-11-28T14:32:52+08:00 ] ERR: (ThinkException) 非法操作:images
[ 2015-11-28T14:32:52+08:00 ] ERR: (ThinkException) 非法操作:images
[ 2015-11-28T14:32:52+08:00 ] ERR: (ThinkException) 非法操作:images
[ 2015-11-28T14:33:18+08:00 ] ERR: (ThinkException) 非法操作:js
[ 2015-11-28T14:37:10+08:00 ] ERR: (ThinkException) 非法操作:js
[ 2015-11-28T14:37:58+08:00 ] ERR: (ThinkException) 非法操作:js
[ 2015-11-28T14:38:56+08:00 ] ERR: (ThinkException) 非法操作:js
[ 2015-11-28T14:39:00+08:00 ] ERR: (ThinkException) 非法操作:js
[ 2015-11-28T14:39:20+08:00 ] ERR: (ThinkException) 非法操作:js
[ 2015-11-28T14:48:12+08:00 ] ERR: (ThinkException) 非法操作:js
[ 2015-11-28T14:48:29+08:00 ] ERR: (ThinkException) 非法操作:js
[ 2015-11-28T14:48:38+08:00 ] ERR: (ThinkException) 非法操作:js
[ 2015-11-28T14:48:41+08:00 ] ERR: (ThinkException) 非法操作:js
[ 2015-11-28T14:48:47+08:00 ] ERR: (ThinkException) 非法操作:js
[ 2015-11-28T14:48:59+08:00 ] ERR: (ThinkException) 非法操作:js
[ 2015-11-28T14:48:59+08:00 ] ERR: (ThinkException) 非法操作:images
[ 2015-11-28T14:48:59+08:00 ] ERR: (ThinkException) 非法操作:images
[ 2015-11-28T14:48:59+08:00 ] ERR: (ThinkException) 非法操作:images
[ 2015-11-28T14:48:59+08:00 ] ERR: (ThinkException) 非法操作:images
[ 2015-11-28T14:49:03+08:00 ] ERR: (ThinkException) 非法操作:js
[ 2015-11-28T14:49:04+08:00 ] ERR: (ThinkException) 非法操作:images
[ 2015-11-28T14:49:04+08:00 ] ERR: (ThinkException) 非法操作:images
[ 2015-11-28T14:49:04+08:00 ] ERR: (ThinkException) 非法操作:images
[ 2015-11-28T14:49:04+08:00 ] ERR: (ThinkException) 非法操作:images
[ 2015-11-28T14:49:08+08:00 ] ERR: (ThinkException) 非法操作:images
[ 2015-11-28T14:49:08+08:00 ] ERR: (ThinkException) 非法操作:js
[ 2015-11-28T14:49:08+08:00 ] ERR: (ThinkException) 非法操作:images
[ 2015-11-28T14:49:08+08:00 ] ERR: (ThinkException) 非法操作:images
[ 2015-11-28T14:49:08+08:00 ] ERR: (ThinkException) 非法操作:images
[ 2015-11-28T14:49:31+08:00 ] ERR: (ThinkException) 非法操作:js
[ 2015-11-28T14:49:31+08:00 ] ERR: (ThinkException) 非法操作:images
[ 2015-11-28T14:49:31+08:00 ] ERR: (ThinkException) 非法操作:images
[ 2015-11-28T14:49:31+08:00 ] ERR: (ThinkException) 非法操作:images
[ 2015-11-28T14:49:31+08:00 ] ERR: (ThinkException) 非法操作:images
[ 2015-11-28T14:49:38+08:00 ] ERR: (ThinkException) 非法操作:css
[ 2015-11-28T14:49:38+08:00 ] ERR: (ThinkException) 非法操作:js
[ 2015-11-28T14:49:38+08:00 ] ERR: (ThinkException) 非法操作:js
[ 2015-11-28T14:49:38+08:00 ] ERR: (ThinkException) 非法操作:js
[ 2015-11-28T14:49:59+08:00 ] ERR: (ThinkException) 非法操作:js
[ 2015-11-28T14:49:59+08:00 ] ERR: (ThinkException) 非法操作:js
[ 2015-11-28T14:49:59+08:00 ] ERR: (ThinkException) 非法操作:js
[ 2015-11-28T14:49:59+08:00 ] ERR: (ThinkException) 非法操作:css
[ 2015-11-28T14:50:05+08:00 ] ERR: (ThinkException) 非法操作:css
[ 2015-11-28T14:50:05+08:00 ] ERR: (ThinkException) 非法操作:js
[ 2015-11-28T14:50:05+08:00 ] ERR: (ThinkException) 非法操作:js
[ 2015-11-28T14:50:05+08:00 ] ERR: (ThinkException) 非法操作:js
[ 2015-11-28T14:51:43+08:00 ] ERR: (ThinkException) 非法操作:images
[ 2015-11-28T14:51:43+08:00 ] ERR: (ThinkException) 非法操作:images
[ 2015-11-28T14:51:43+08:00 ] ERR: (ThinkException) 非法操作:images
[ 2015-11-28T14:51:43+08:00 ] ERR: (ThinkException) 非法操作:images
[ 2015-11-28T14:51:43+08:00 ] ERR: (ThinkException) 非法操作:images
[ 2015-11-28T14:52:07+08:00 ] ERR: (ThinkException) 非法操作:images
[ 2015-11-28T14:52:07+08:00 ] ERR: (ThinkException) 非法操作:images
[ 2015-11-28T14:52:07+08:00 ] ERR: (ThinkException) 非法操作:images
[ 2015-11-28T14:52:07+08:00 ] ERR: (ThinkException) 非法操作:images
[ 2015-11-28T14:52:07+08:00 ] ERR: (ThinkException) 非法操作:images
[ 2015-11-28T14:53:26+08:00 ] ERR: (ThinkException) 非法操作:css
[ 2015-11-28T14:53:26+08:00 ] ERR: (ThinkException) 非法操作:images
[ 2015-11-28T14:53:26+08:00 ] ERR: (ThinkException) 非法操作:images
[ 2015-11-28T14:53:26+08:00 ] ERR: (ThinkException) 非法操作:images
[ 2015-11-28T14:53:26+08:00 ] ERR: (ThinkException) 非法操作:images
[ 2015-11-28T14:53:26+08:00 ] ERR: (ThinkException) 非法操作:images
[ 2015-11-28T14:54:59+08:00 ] ERR: (ThinkException) 非法操作:css
[ 2015-11-28T14:54:59+08:00 ] ERR: (ThinkException) 非法操作:images
[ 2015-11-28T14:55:18+08:00 ] ERR: (ThinkException) 非法操作:css
[ 2015-11-28T15:00:01+08:00 ] ERR: (ThinkException) 非法操作:css
[ 2015-11-28T15:00:12+08:00 ] ERR: (ThinkException) 非法操作:css
[ 2015-11-28T15:00:17+08:00 ] ERR: (ThinkException) 非法操作:js
[ 2015-11-28T15:00:17+08:00 ] ERR: (ThinkException) 非法操作:css
[ 2015-11-28T15:00:17+08:00 ] ERR: (ThinkException) 非法操作:js
[ 2015-11-28T15:00:17+08:00 ] ERR: (ThinkException) 非法操作:js
[ 2015-11-28T15:02:53+08:00 ] ERR: (ThinkException) 非法操作:images
[ 2015-11-28T15:02:53+08:00 ] ERR: (ThinkException) 非法操作:images
[ 2015-11-28T15:02:53+08:00 ] ERR: (ThinkException) 非法操作:images
[ 2015-11-28T15:02:53+08:00 ] ERR: (ThinkException) 非法操作:images
[ 2015-11-28T15:02:53+08:00 ] ERR: (ThinkException) 非法操作:images
[ 2015-11-28T15:03:20+08:00 ] ERR: (ThinkException) 非法操作:images
[ 2015-11-28T15:03:20+08:00 ] ERR: (ThinkException) 非法操作:images
[ 2015-11-28T15:03:20+08:00 ] ERR: (ThinkException) 非法操作:images
[ 2015-11-28T15:03:20+08:00 ] ERR: (ThinkException) 非法操作:images
[ 2015-11-28T16:38:27+08:00 ] ERR: (ThinkException) 非法操作:js
[ 2015-11-28T16:38:27+08:00 ] ERR: (ThinkException) 非法操作:images
[ 2015-11-28T16:38:27+08:00 ] ERR: (ThinkException) 非法操作:images
[ 2015-11-28T16:38:59+08:00 ] ERR: (ThinkException) 非法操作:js
[ 2015-11-28T16:42:57+08:00 ] ERR: (ThinkException) 非法操作:js
[ 2015-11-28T16:43:09+08:00 ] ERR: (ThinkException) 非法操作:js
[ 2015-11-28T16:43:25+08:00 ] ERR: (ThinkException) 非法操作:js
[ 2015-11-28T16:43:40+08:00 ] ERR: (ThinkException) 非法操作:js
[ 2015-11-28T16:43:52+08:00 ] ERR: (ThinkException) 非法操作:js
[ 2015-11-28T16:44:18+08:00 ] ERR: (ThinkException) 非法操作:js
[ 2015-11-28T16:44:21+08:00 ] ERR: (ThinkException) 非法操作:js
[ 2015-11-28T16:44:29+08:00 ] ERR: (ThinkException) 非法操作:js
[ 2015-11-28T16:44:45+08:00 ] ERR: (ThinkException) 非法操作:js
[ 2015-11-28T16:45:19+08:00 ] ERR: (ThinkException) 非法操作:js
[ 2015-11-28T16:45:49+08:00 ] ERR: (ThinkException) 非法操作:js
[ 2015-11-28T16:45:49+08:00 ] ERR: (ThinkException) 非法操作:js
[ 2015-11-28T16:46:04+08:00 ] ERR: (ThinkException) 非法操作:js
[ 2015-11-28T16:46:16+08:00 ] ERR: (ThinkException) 非法操作:js
[ 2015-11-28T16:47:00+08:00 ] ERR: (ThinkException) 非法操作:js
[ 2015-11-28T16:47:08+08:00 ] ERR: (ThinkException) 非法操作:js
[ 2015-11-28T16:47:29+08:00 ] ERR: (ThinkException) 非法操作:js
[ 2015-11-28T16:47:54+08:00 ] ERR: (ThinkException) 非法操作:js
[ 2015-11-28T16:48:03+08:00 ] ERR: (ThinkException) 非法操作:js
[ 2015-11-28T16:48:24+08:00 ] ERR: (ThinkException) 非法操作:js
[ 2015-11-28T16:49:27+08:00 ] ERR: (ThinkException) 非法操作:js
[ 2015-11-28T16:50:16+08:00 ] ERR: (ThinkException) 非法操作:js
[ 2015-11-28T16:50:26+08:00 ] ERR: (ThinkException) 非法操作:js
[ 2015-11-28T16:50:45+08:00 ] ERR: (ThinkException) 非法操作:js
[ 2015-11-28T16:50:53+08:00 ] ERR: (ThinkException) 非法操作:js
[ 2015-11-28T16:51:06+08:00 ] ERR: (ThinkException) 非法操作:js
[ 2015-11-28T16:51:14+08:00 ] ERR: (ThinkException) 非法操作:js
[ 2015-11-28T16:51:30+08:00 ] ERR: (ThinkException) 非法操作:js
[ 2015-11-28T16:51:35+08:00 ] ERR: (ThinkException) 非法操作:js
[ 2015-11-28T16:51:41+08:00 ] ERR: (ThinkException) 非法操作:js
[ 2015-11-28T16:51:56+08:00 ] ERR: (ThinkException) 非法操作:js
[ 2015-11-28T16:52:04+08:00 ] ERR: (ThinkException) 非法操作:js
[ 2015-11-28T16:52:24+08:00 ] ERR: (ThinkException) 非法操作:js
[ 2015-11-28T16:52:47+08:00 ] ERR: (ThinkException) 非法操作:js
[ 2015-11-28T16:53:17+08:00 ] ERR: (ThinkException) 非法操作:js
[ 2015-11-28T16:53:30+08:00 ] ERR: (ThinkException) 非法操作:js
[ 2015-11-28T16:53:41+08:00 ] ERR: (ThinkException) 非法操作:js
[ 2015-11-28T16:54:09+08:00 ] ERR: (ThinkException) 非法操作:js
[ 2015-11-28T16:54:49+08:00 ] ERR: (ThinkException) 非法操作:js
[ 2015-11-28T16:55:03+08:00 ] ERR: (ThinkException) 非法操作:js
[ 2015-11-28T17:15:10+08:00 ] ERR: (ThinkException) 非法操作:js
[ 2015-11-28T17:15:55+08:00 ] ERR: (ThinkException) 非法操作:js
[ 2015-11-28T17:15:58+08:00 ] ERR: (ThinkException) 非法操作:js
[ 2015-11-28T17:17:24+08:00 ] ERR: (ThinkException) 非法操作:js
[ 2015-11-28T17:18:38+08:00 ] ERR: (ThinkException) 非法操作:js
[ 2015-11-28T17:19:17+08:00 ] ERR: (ThinkException) 非法操作:js
[ 2015-11-28T17:19:31+08:00 ] ERR: (ThinkException) 非法操作:js
[ 2015-11-28T17:21:14+08:00 ] ERR: (ThinkException) 非法操作:js
[ 2015-11-28T17:21:52+08:00 ] ERR: (ThinkException) 非法操作:js
[ 2015-11-28T17:22:33+08:00 ] ERR: (ThinkException) 非法操作:js
[ 2015-11-28T17:22:42+08:00 ] ERR: (ThinkException) 非法操作:js
[ 2015-11-28T17:22:51+08:00 ] ERR: (ThinkException) 非法操作:js
[ 2015-11-28T17:23:06+08:00 ] ERR: (ThinkException) 非法操作:js
[ 2015-11-28T17:24:53+08:00 ] ERR: (ThinkException) 非法操作:js
[ 2015-11-28T17:25:31+08:00 ] ERR: (ThinkException) 非法操作:js
[ 2015-11-28T17:25:56+08:00 ] ERR: (ThinkException) 非法操作:js
[ 2015-11-28T17:26:24+08:00 ] ERR: (ThinkException) 非法操作:js
[ 2015-11-28T17:26:31+08:00 ] ERR: (ThinkException) 非法操作:js
[ 2015-11-28T17:26:47+08:00 ] ERR: (ThinkException) 非法操作:js
[ 2015-11-28T17:26:58+08:00 ] ERR: (ThinkException) 非法操作:js
[ 2015-11-28T17:27:08+08:00 ] ERR: (ThinkException) 非法操作:js
[ 2015-11-28T17:27:15+08:00 ] ERR: (ThinkException) 非法操作:js
[ 2015-11-28T17:27:51+08:00 ] ERR: (ThinkException) 非法操作:js
[ 2015-11-28T17:28:15+08:00 ] ERR: (ThinkException) 非法操作:js
[ 2015-11-28T17:28:17+08:00 ] ERR: (ThinkException) 非法操作:js
[ 2015-11-28T17:28:18+08:00 ] ERR: (ThinkException) 非法操作:js
[ 2015-11-28T17:28:18+08:00 ] ERR: (ThinkException) 非法操作:js
[ 2015-11-28T17:28:19+08:00 ] ERR: (ThinkException) 非法操作:js
[ 2015-11-28T17:28:20+08:00 ] ERR: (ThinkException) 非法操作:js
[ 2015-11-28T17:28:20+08:00 ] ERR: (ThinkException) 非法操作:js
[ 2015-11-28T17:29:00+08:00 ] ERR: (ThinkException) 非法操作:js
[ 2015-11-28T17:29:02+08:00 ] ERR: (ThinkException) 非法操作:jiadian
[ 2015-11-28T17:29:04+08:00 ] ERR: (ThinkException) 非法操作:js
[ 2015-11-28T17:51:11+08:00 ] ERR: (ThinkException) 非法操作:js
[ 2015-11-28T18:02:36+08:00 ] ERR: (ThinkException) 非法操作:js
[ 2015-11-28T18:02:50+08:00 ] ERR: (ThinkException) 非法操作:js
[ 2015-11-28T18:03:01+08:00 ] ERR: (ThinkException) 非法操作:js
[ 2015-11-28T18:04:12+08:00 ] ERR: (ThinkException) 非法操作:js
[ 2015-11-28T18:05:53+08:00 ] ERR: (ThinkException) 非法操作:js
[ 2015-11-28T18:06:14+08:00 ] ERR: (ThinkException) 非法操作:js
[ 2015-11-28T18:06:26+08:00 ] ERR: (ThinkException) 非法操作:js
[ 2015-11-28T18:39:36+08:00 ] ERR: (ThinkException) 非法操作:js
[ 2015-11-28T18:47:33+08:00 ] ERR: (ThinkException) 非法操作:js
[ 2015-11-28T18:48:25+08:00 ] ERR: (ThinkException) 非法操作:js
[ 2015-11-28T18:48:32+08:00 ] ERR: (ThinkException) 非法操作:js
[ 2015-11-28T18:48:52+08:00 ] ERR: (ThinkException) 非法操作:js
[ 2015-11-28T18:49:46+08:00 ] ERR: (ThinkException) 非法操作:js
[ 2015-11-28T18:50:38+08:00 ] ERR: (ThinkException) 非法操作:js
[ 2015-11-28T18:50:46+08:00 ] ERR: (ThinkException) 非法操作:js
[ 2015-11-28T18:52:10+08:00 ] ERR: (ThinkException) 非法操作:js
[ 2015-11-28T18:52:15+08:00 ] ERR: (ThinkException) 非法操作:js
[ 2015-11-28T18:52:20+08:00 ] ERR: (ThinkException) 非法操作:js
[ 2015-11-28T18:52:25+08:00 ] ERR: (ThinkException) 非法操作:js
[ 2015-11-28T18:52:30+08:00 ] ERR: (ThinkException) 非法操作:js
[ 2015-11-28T18:52:39+08:00 ] ERR: (ThinkException) 非法操作:js
[ 2015-11-28T18:52:47+08:00 ] ERR: (ThinkException) 非法操作:js
[ 2015-11-28T18:52:54+08:00 ] ERR: (ThinkException) 非法操作:js
[ 2015-11-28T18:52:57+08:00 ] ERR: (ThinkException) 非法操作:js
[ 2015-11-28T18:53:00+08:00 ] ERR: (ThinkException) 非法操作:js
[ 2015-11-28T18:53:04+08:00 ] ERR: (ThinkException) 非法操作:js
[ 2015-11-28T18:53:21+08:00 ] ERR: (ThinkException) 非法操作:js
[ 2015-11-28T18:53:33+08:00 ] ERR: (ThinkException) 非法操作:js
[ 2015-11-28T18:54:25+08:00 ] ERR: (ThinkException) 非法操作:js
[ 2015-11-28T18:55:37+08:00 ] ERR: (ThinkException) 非法操作:js
[ 2015-11-28T18:57:35+08:00 ] ERR: (ThinkException) 非法操作:js
[ 2015-11-28T18:58:08+08:00 ] ERR: (ThinkException) 非法操作:js
[ 2015-11-28T18:58:31+08:00 ] ERR: (ThinkException) 非法操作:js
[ 2015-11-28T18:58:35+08:00 ] ERR: (ThinkException) 非法操作:js
[ 2015-11-28T18:58:59+08:00 ] ERR: (ThinkException) 非法操作:js
[ 2015-11-28T18:59:09+08:00 ] ERR: (ThinkException) 非法操作:js
[ 2015-11-28T18:59:32+08:00 ] ERR: (ThinkException) 非法操作:js
[ 2015-11-28T18:59:56+08:00 ] ERR: (ThinkException) 非法操作:js
[ 2015-11-28T19:01:18+08:00 ] ERR: (ThinkException) 非法操作:js
[ 2015-11-28T19:01:27+08:00 ] ERR: (ThinkException) 非法操作:js
[ 2015-11-28T19:01:35+08:00 ] ERR: (ThinkException) 非法操作:js
[ 2015-11-28T19:01:42+08:00 ] ERR: (ThinkException) 非法操作:js
[ 2015-11-28T19:04:43+08:00 ] ERR: (ThinkException) 非法操作:js
[ 2015-11-28T19:05:29+08:00 ] ERR: (ThinkException) 非法操作:js
[ 2015-11-28T19:09:33+08:00 ] ERR: (ThinkException) 非法操作:js
[ 2015-11-28T19:09:56+08:00 ] ERR: (ThinkException) 非法操作:js
[ 2015-11-28T19:10:11+08:00 ] ERR: (ThinkException) 非法操作:js
[ 2015-11-28T19:10:27+08:00 ] ERR: (ThinkException) 非法操作:js
[ 2015-11-28T19:11:12+08:00 ] ERR: (ThinkException) 非法操作:js
[ 2015-11-28T19:11:47+08:00 ] ERR: (ThinkException) 非法操作:js
[ 2015-11-28T19:12:00+08:00 ] ERR: (ThinkException) 非法操作:js
[ 2015-11-28T19:12:15+08:00 ] ERR: (ThinkException) 非法操作:js
[ 2015-11-28T19:13:35+08:00 ] ERR: (ThinkException) 非法操作:js
[ 2015-11-28T19:15:35+08:00 ] ERR: (ThinkException) 非法操作:js
[ 2015-11-28T19:16:08+08:00 ] ERR: (ThinkException) 非法操作:js
[ 2015-11-28T19:16:40+08:00 ] ERR: (ThinkException) 非法操作:js
[ 2015-11-28T19:16:46+08:00 ] ERR: (ThinkException) 非法操作:js
[ 2015-11-28T19:17:01+08:00 ] ERR: (ThinkException) 非法操作:js
[ 2015-11-28T19:17:09+08:00 ] ERR: (ThinkException) 非法操作:js
[ 2015-11-28T19:17:38+08:00 ] ERR: (ThinkException) 非法操作:js
[ 2015-11-28T19:17:53+08:00 ] ERR: (ThinkException) 非法操作:js
[ 2015-11-28T19:18:01+08:00 ] ERR: (ThinkException) 非法操作:js
[ 2015-11-28T19:18:13+08:00 ] ERR: (ThinkException) 非法操作:js
[ 2015-11-28T19:18:44+08:00 ] ERR: (ThinkException) 非法操作:js
[ 2015-11-28T19:18:51+08:00 ] ERR: (ThinkException) 非法操作:js
[ 2015-11-28T19:19:04+08:00 ] ERR: (ThinkException) 非法操作:js
[ 2015-11-28T19:19:09+08:00 ] ERR: (ThinkException) 非法操作:js
[ 2015-11-28T19:19:24+08:00 ] ERR: (ThinkException) 非法操作:js
[ 2015-11-28T19:19:28+08:00 ] ERR: (ThinkException) 非法操作:js
[ 2015-11-28T19:20:51+08:00 ] ERR: (ThinkException) 非法操作:js
[ 2015-11-28T19:21:14+08:00 ] ERR: (ThinkException) 非法操作:js
[ 2015-11-28T19:23:05+08:00 ] ERR: (ThinkException) 非法操作:js
[ 2015-11-28T19:23:21+08:00 ] ERR: (ThinkException) 非法操作:js
[ 2015-11-28T19:23:28+08:00 ] ERR: (ThinkException) 非法操作:js
[ 2015-11-28T19:23:52+08:00 ] ERR: (ThinkException) 非法操作:js
[ 2015-11-28T19:24:04+08:00 ] ERR: (ThinkException) 非法操作:js
[ 2015-11-28T19:25:29+08:00 ] ERR: (ThinkException) 非法操作:js
[ 2015-11-28T19:25:47+08:00 ] ERR: (ThinkException) 非法操作:js
[ 2015-11-28T19:26:58+08:00 ] ERR: (ThinkException) 非法操作:js
[ 2015-11-28T19:27:15+08:00 ] ERR: (ThinkException) 非法操作:js
[ 2015-11-28T19:27:30+08:00 ] ERR: (ThinkException) 非法操作:js
[ 2015-11-28T19:27:55+08:00 ] ERR: (ThinkException) 非法操作:js
[ 2015-11-28T19:28:44+08:00 ] ERR: (ThinkException) 非法操作:js
[ 2015-11-28T19:28:57+08:00 ] ERR: (ThinkException) 非法操作:js
[ 2015-11-28T19:29:08+08:00 ] ERR: (ThinkException) 非法操作:js
[ 2015-11-28T19:29:49+08:00 ] ERR: (ThinkException) 非法操作:js
[ 2015-11-28T19:30:10+08:00 ] ERR: (ThinkException) 非法操作:js
[ 2015-11-28T19:30:49+08:00 ] ERR: (ThinkException) 非法操作:js
[ 2015-11-28T19:31:17+08:00 ] ERR: (ThinkException) 非法操作:js
[ 2015-11-28T19:33:32+08:00 ] ERR: (ThinkException) 非法操作:js
[ 2015-11-28T19:34:13+08:00 ] ERR: (ThinkException) 非法操作:js
[ 2015-11-28T19:35:09+08:00 ] ERR: (ThinkException) 非法操作:js
[ 2015-11-28T19:35:28+08:00 ] ERR: (ThinkException) 非法操作:js
[ 2015-11-28T19:36:48+08:00 ] ERR: (ThinkException) 非法操作:js
[ 2015-11-28T19:37:14+08:00 ] ERR: (ThinkException) 非法操作:js
[ 2015-11-28T19:38:41+08:00 ] ERR: (ThinkException) 非法操作:js
[ 2015-11-28T19:38:48+08:00 ] ERR: (ThinkException) 非法操作:js
[ 2015-11-28T19:39:00+08:00 ] ERR: (ThinkException) 非法操作:js
[ 2015-11-28T19:39:25+08:00 ] ERR: (ThinkException) 非法操作:js
[ 2015-11-28T19:39:35+08:00 ] ERR: (ThinkException) 非法操作:js
[ 2015-11-28T19:39:56+08:00 ] ERR: (ThinkException) 非法操作:js
[ 2015-11-28T19:40:29+08:00 ] ERR: (ThinkException) 非法操作:js
[ 2015-11-28T19:40:42+08:00 ] ERR: (ThinkException) 非法操作:js
[ 2015-11-28T19:41:20+08:00 ] ERR: (ThinkException) 非法操作:js
[ 2015-11-28T19:42:01+08:00 ] ERR: (ThinkException) 非法操作:js
[ 2015-11-28T19:42:03+08:00 ] ERR: (ThinkException) 非法操作:js
[ 2015-11-28T19:42:13+08:00 ] ERR: (ThinkException) 非法操作:js
[ 2015-11-28T19:42:38+08:00 ] ERR: (ThinkException) 非法操作:js
[ 2015-11-28T19:42:54+08:00 ] ERR: (ThinkException) 非法操作:js
[ 2015-11-28T19:43:01+08:00 ] ERR: (ThinkException) 非法操作:js
[ 2015-11-28T19:43:02+08:00 ] ERR: (ThinkException) 非法操作:js
[ 2015-11-28T19:43:50+08:00 ] ERR: (ThinkException) 非法操作:js
[ 2015-11-28T19:44:00+08:00 ] ERR: (ThinkException) 非法操作:js
[ 2015-11-28T19:44:28+08:00 ] ERR: (ThinkException) 非法操作:js
[ 2015-11-28T19:45:05+08:00 ] ERR: (ThinkException) 非法操作:js
[ 2015-11-28T19:45:47+08:00 ] ERR: (ThinkException) 非法操作:js
[ 2015-11-28T19:45:58+08:00 ] ERR: (ThinkException) 非法操作:js
[ 2015-11-28T19:46:28+08:00 ] ERR: (ThinkException) 非法操作:js
[ 2015-11-28T19:46:53+08:00 ] ERR: (ThinkException) 非法操作:js
[ 2015-11-28T19:47:31+08:00 ] ERR: (ThinkException) 非法操作:js
[ 2015-11-28T19:47:50+08:00 ] ERR: (ThinkException) 非法操作:js
[ 2015-11-28T19:48:13+08:00 ] ERR: (ThinkException) 非法操作:js
[ 2015-11-28T19:49:47+08:00 ] ERR: (ThinkException) 非法操作:js
[ 2015-11-28T19:50:00+08:00 ] ERR: (ThinkException) 非法操作:js
[ 2015-11-28T19:51:09+08:00 ] ERR: (ThinkException) 非法操作:js
[ 2015-11-28T19:52:02+08:00 ] ERR: (ThinkException) 非法操作:js
[ 2015-11-28T19:52:13+08:00 ] ERR: (ThinkException) 非法操作:js
[ 2015-11-28T19:52:47+08:00 ] ERR: (ThinkException) 非法操作:js
[ 2015-11-28T19:52:52+08:00 ] ERR: (ThinkException) 非法操作:js
[ 2015-11-28T19:52:55+08:00 ] ERR: (ThinkException) 非法操作:js
[ 2015-11-28T19:53:29+08:00 ] ERR: (ThinkException) 非法操作:js
[ 2015-11-28T19:53:38+08:00 ] ERR: (ThinkException) 非法操作:js
[ 2015-11-28T19:53:41+08:00 ] ERR: (ThinkException) 非法操作:js
[ 2015-11-28T19:54:29+08:00 ] ERR: (ThinkException) 非法操作:js
[ 2015-11-28T19:55:00+08:00 ] ERR: (ThinkException) 非法操作:js
[ 2015-11-28T19:55:17+08:00 ] ERR: (ThinkException) 非法操作:js
[ 2015-11-28T19:55:37+08:00 ] ERR: (ThinkException) 非法操作:js
[ 2015-11-28T19:56:32+08:00 ] ERR: (ThinkException) 非法操作:js
[ 2015-11-28T19:56:59+08:00 ] ERR: (ThinkException) 非法操作:js
[ 2015-11-28T19:59:16+08:00 ] ERR: (ThinkException) 非法操作:js
[ 2015-11-28T19:59:26+08:00 ] ERR: (ThinkException) 非法操作:js
[ 2015-11-28T20:01:53+08:00 ] ERR: (ThinkException) 非法操作:js
[ 2015-11-28T20:03:16+08:00 ] ERR: (ThinkException) 非法操作:js
[ 2015-11-28T20:03:28+08:00 ] ERR: (ThinkException) 非法操作:js
[ 2015-11-28T20:04:09+08:00 ] ERR: (ThinkException) 非法操作:js
[ 2015-11-28T20:04:19+08:00 ] ERR: (ThinkException) 非法操作:js
[ 2015-11-28T20:04:30+08:00 ] ERR: (ThinkException) 非法操作:js
[ 2015-11-28T20:04:37+08:00 ] ERR: (ThinkException) 非法操作:js
[ 2015-11-28T20:05:20+08:00 ] ERR: (ThinkException) 非法操作:js
[ 2015-11-28T20:06:09+08:00 ] ERR: (ThinkException) 非法操作:js
[ 2015-11-28T20:06:24+08:00 ] ERR: (ThinkException) 非法操作:js
[ 2015-11-28T20:06:38+08:00 ] ERR: (ThinkException) 非法操作:js
[ 2015-11-28T20:06:44+08:00 ] ERR: (ThinkException) 非法操作:js
[ 2015-11-28T20:08:28+08:00 ] ERR: (ThinkException) 非法操作:js
[ 2015-11-28T20:28:02+08:00 ] ERR: (ThinkException) 非法操作:images
[ 2015-11-28T20:28:02+08:00 ] ERR: (ThinkException) 非法操作:images
[ 2015-11-28T20:28:02+08:00 ] ERR: (ThinkException) 非法操作:images
[ 2015-11-28T20:38:04+08:00 ] ERR: (ThinkException) 无法加载模块:js
[ 2015-11-28T20:39:48+08:00 ] ERR: (ThinkException) 非法操作:images
[ 2015-11-28T20:39:48+08:00 ] ERR: (ThinkException) 非法操作:images
[ 2015-11-28T20:43:03+08:00 ] ERR: (ThinkException) 非法操作:images
[ 2015-11-28T20:56:47+08:00 ] ERR: (ThinkException) 非法操作:images
[ 2015-11-28T20:56:51+08:00 ] ERR: (ThinkException) 非法操作:images
[ 2015-11-28T20:58:04+08:00 ] ERR: (ThinkException) 非法操作:images
[ 2015-11-28T20:58:07+08:00 ] ERR: (ThinkException) 非法操作:images
[ 2015-11-28T20:58:28+08:00 ] ERR: (ThinkException) 非法操作:images
[ 2015-11-28T20:59:04+08:00 ] ERR: (ThinkException) 非法操作:images
[ 2015-11-28T21:23:02+08:00 ] ERR: (ThinkException) 非法操作:gouwuche
[ 2015-11-28T21:23:16+08:00 ] ERR: (ThinkException) 非法操作:js
[ 2015-11-28T21:23:50+08:00 ] ERR: (ThinkException) 非法操作:js
[ 2015-11-28T21:30:58+08:00 ] ERR: (ThinkException) 非法操作:js
[ 2015-11-28T21:34:22+08:00 ] ERR: (ThinkException) 非法操作:js
[ 2015-11-28T21:34:32+08:00 ] ERR: (ThinkException) 非法操作:js
[ 2015-11-28T21:34:41+08:00 ] ERR: (ThinkException) 非法操作:js
[ 2015-11-28T21:35:06+08:00 ] ERR: (ThinkException) 非法操作:js
[ 2015-11-28T21:35:09+08:00 ] ERR: (ThinkException) 非法操作:js
[ 2015-11-28T21:37:33+08:00 ] ERR: (ThinkException) 非法操作:js
[ 2015-11-28T21:38:02+08:00 ] ERR: (ThinkException) 非法操作:js
[ 2015-11-28T21:38:25+08:00 ] ERR: (ThinkException) 非法操作:js
[ 2015-11-28T21:38:41+08:00 ] ERR: (ThinkException) 非法操作:js
[ 2015-11-28T21:43:45+08:00 ] ERR: (ThinkException) 非法操作:js
[ 2015-11-28T21:43:59+08:00 ] ERR: (ThinkException) 非法操作:js
[ 2015-11-28T21:44:14+08:00 ] ERR: (ThinkException) 非法操作:js
[ 2015-11-28T21:44:30+08:00 ] ERR: (ThinkException) 非法操作:js
[ 2015-11-28T21:44:43+08:00 ] ERR: (ThinkException) 非法操作:js
[ 2015-11-28T21:44:49+08:00 ] ERR: (ThinkException) 非法操作:js
[ 2015-11-28T21:44:55+08:00 ] ERR: (ThinkException) 非法操作:js
[ 2015-11-28T21:45:36+08:00 ] ERR: (ThinkException) 非法操作:js
[ 2015-11-28T21:45:54+08:00 ] ERR: (ThinkException) 非法操作:js
[ 2015-11-28T21:45:59+08:00 ] ERR: (ThinkException) 非法操作:js
[ 2015-11-28T21:46:16+08:00 ] ERR: (ThinkException) 非法操作:js
[ 2015-11-28T21:46:32+08:00 ] ERR: (ThinkException) 非法操作:js
[ 2015-11-28T21:46:49+08:00 ] ERR: (ThinkException) 非法操作:js
[ 2015-11-28T21:46:55+08:00 ] ERR: (ThinkException) 非法操作:js
[ 2015-11-28T21:47:02+08:00 ] ERR: (ThinkException) 非法操作:js
[ 2015-11-28T21:47:05+08:00 ] ERR: (ThinkException) 非法操作:js
[ 2015-11-28T21:47:08+08:00 ] ERR: (ThinkException) 非法操作:js
[ 2015-11-28T21:47:23+08:00 ] ERR: (ThinkException) 非法操作:js
[ 2015-11-28T21:47:31+08:00 ] ERR: (ThinkException) 非法操作:js
[ 2015-11-28T21:47:41+08:00 ] ERR: (ThinkException) 非法操作:js
[ 2015-11-28T21:48:34+08:00 ] ERR: (ThinkException) 非法操作:js
[ 2015-11-28T21:48:44+08:00 ] ERR: (ThinkException) 非法操作:js
[ 2015-11-28T21:48:48+08:00 ] ERR: (ThinkException) 非法操作:js
[ 2015-11-28T21:52:17+08:00 ] ERR: (ThinkException) 非法操作:js
[ 2015-11-28T21:55:33+08:00 ] ERR: (ThinkException) 非法操作:js
[ 2015-11-28T21:58:36+08:00 ] ERR: (ThinkException) 非法操作:js
[ 2015-11-28T21:58:44+08:00 ] ERR: (ThinkException) 非法操作:js
[ 2015-11-28T21:58:55+08:00 ] ERR: (ThinkException) 非法操作:js
[ 2015-11-28T21:59:03+08:00 ] ERR: (ThinkException) 非法操作:js
[ 2015-11-28T22:06:50+08:00 ] ERR: (ThinkException) 非法操作:images
[ 2015-11-28T22:06:50+08:00 ] ERR: (ThinkException) 非法操作:images
[ 2015-11-28T22:06:50+08:00 ] ERR: (ThinkException) 非法操作:images
[ 2015-11-28T22:06:50+08:00 ] ERR: (ThinkException) 非法操作:images
[ 2015-11-28T22:07:00+08:00 ] ERR: (ThinkException) 非法操作:images
[ 2015-11-28T22:07:00+08:00 ] ERR: (ThinkException) 非法操作:images
[ 2015-11-28T22:07:00+08:00 ] ERR: (ThinkException) 非法操作:images
[ 2015-11-28T22:07:00+08:00 ] ERR: (ThinkException) 非法操作:images
[ 2015-11-28T22:07:36+08:00 ] ERR: (ThinkException) 非法操作:images
[ 2015-11-28T22:07:36+08:00 ] ERR: (ThinkException) 非法操作:images
[ 2015-11-28T22:07:36+08:00 ] ERR: (ThinkException) 非法操作:images
[ 2015-11-28T22:07:36+08:00 ] ERR: (ThinkException) 非法操作:images
[ 2015-11-28T22:08:04+08:00 ] ERR: (ThinkException) 非法操作:images
[ 2015-11-28T22:08:04+08:00 ] ERR: (ThinkException) 非法操作:images
[ 2015-11-28T22:08:04+08:00 ] ERR: (ThinkException) 非法操作:images
[ 2015-11-28T22:08:04+08:00 ] ERR: (ThinkException) 非法操作:images
[ 2015-11-28T22:08:15+08:00 ] ERR: (ThinkException) 非法操作:images
[ 2015-11-28T22:08:15+08:00 ] ERR: (ThinkException) 非法操作:images
[ 2015-11-28T22:08:15+08:00 ] ERR: (ThinkException) 非法操作:images
[ 2015-11-28T22:08:15+08:00 ] ERR: (ThinkException) 非法操作:images
[ 2015-11-28T22:08:27+08:00 ] ERR: (ThinkException) 非法操作:images
[ 2015-11-28T22:08:27+08:00 ] ERR: (ThinkException) 非法操作:images
[ 2015-11-28T22:08:27+08:00 ] ERR: (ThinkException) 非法操作:images
[ 2015-11-28T22:08:27+08:00 ] ERR: (ThinkException) 非法操作:images
[ 2015-11-28T22:09:06+08:00 ] ERR: (ThinkException) 非法操作:images
[ 2015-11-28T22:09:06+08:00 ] ERR: (ThinkException) 非法操作:images
[ 2015-11-28T22:09:06+08:00 ] ERR: (ThinkException) 非法操作:images
[ 2015-11-28T22:09:06+08:00 ] ERR: (ThinkException) 非法操作:images
[ 2015-11-28T22:09:29+08:00 ] ERR: (ThinkException) 非法操作:images
[ 2015-11-28T22:09:29+08:00 ] ERR: (ThinkException) 非法操作:images
[ 2015-11-28T22:09:29+08:00 ] ERR: (ThinkException) 非法操作:images
[ 2015-11-28T22:09:29+08:00 ] ERR: (ThinkException) 非法操作:images
[ 2015-11-28T22:57:18+08:00 ] ERR: (ThinkException) 非法操作:css
[ 2015-11-28T22:57:18+08:00 ] ERR: (ThinkException) 非法操作:css
[ 2015-11-28T22:57:18+08:00 ] ERR: (ThinkException) 非法操作:js
[ 2015-11-28T22:57:18+08:00 ] ERR: (ThinkException) 非法操作:images
[ 2015-11-28T22:57:18+08:00 ] ERR: (ThinkException) 非法操作:js
[ 2015-11-28T23:08:56+08:00 ] ERR: (ThinkException) 非法操作:images
[ 2015-11-28T23:08:56+08:00 ] ERR: (ThinkException) 非法操作:images
[ 2015-11-28T23:10:30+08:00 ] ERR: (ThinkException) 非法操作:images
[ 2015-11-28T23:10:30+08:00 ] ERR: (ThinkException) 非法操作:images
[ 2015-11-28T23:10:42+08:00 ] ERR: (ThinkException) 非法操作:images
[ 2015-11-28T23:23:38+08:00 ] ERR: (ThinkException) 非法操作:images
[ 2015-11-28T23:23:38+08:00 ] ERR: (ThinkException) 非法操作:images
[ 2015-11-28T23:23:38+08:00 ] ERR: (ThinkException) 非法操作:images
[ 2015-11-28T23:23:38+08:00 ] ERR: (ThinkException) 非法操作:images
[ 2015-11-28T23:23:38+08:00 ] ERR: (ThinkException) 非法操作:images
[ 2015-11-28T23:23:38+08:00 ] ERR: (ThinkException) 非法操作:images
[ 2015-11-28T23:23:38+08:00 ] ERR: (ThinkException) 非法操作:images
[ 2015-11-28T23:24:18+08:00 ] ERR: (ThinkException) 非法操作:images
[ 2015-11-28T23:24:18+08:00 ] ERR: (ThinkException) 非法操作:images
[ 2015-11-28T23:24:18+08:00 ] ERR: (ThinkException) 非法操作:images
[ 2015-11-28T23:24:18+08:00 ] ERR: (ThinkException) 非法操作:images
[ 2015-11-28T23:24:18+08:00 ] ERR: (ThinkException) 非法操作:images
[ 2015-11-28T23:24:18+08:00 ] ERR: (ThinkException) 非法操作:images
[ 2015-11-28T23:28:51+08:00 ] ERR: (ThinkException) 非法操作:images
[ 2015-11-28T23:28:51+08:00 ] ERR: (ThinkException) 非法操作:images
[ 2015-11-28T23:28:54+08:00 ] ERR: (ThinkException) 非法操作:images
[ 2015-11-28T23:28:58+08:00 ] ERR: (ThinkException) 非法操作:images
[ 2015-11-28T23:29:13+08:00 ] ERR: (ThinkException) 非法操作:images
[ 2015-11-28T23:29:15+08:00 ] ERR: (ThinkException) 非法操作:images
[ 2015-11-28T23:31:02+08:00 ] ERR: (ThinkException) 非法操作:images
[ 2015-11-28T23:31:10+08:00 ] ERR: (ThinkException) 非法操作:images
[ 2015-11-28T23:31:10+08:00 ] ERR: (ThinkException) 非法操作:images
[ 2015-11-28T23:31:16+08:00 ] ERR: (ThinkException) 非法操作:images
[ 2015-11-28T23:31:20+08:00 ] ERR: (ThinkException) 非法操作:images
[ 2015-11-28T23:31:20+08:00 ] ERR: (ThinkException) 非法操作:images
[ 2015-11-28T23:31:27+08:00 ] ERR: (ThinkException) 非法操作:images
[ 2015-11-28T23:31:27+08:00 ] ERR: (ThinkException) 非法操作:images
[ 2015-11-28T23:32:34+08:00 ] ERR: (ThinkException) 非法操作:images
[ 2015-11-28T23:32:34+08:00 ] ERR: (ThinkException) 非法操作:images
[ 2015-11-28T23:32:35+08:00 ] ERR: (ThinkException) 非法操作:images
[ 2015-11-28T23:33:27+08:00 ] ERR: (ThinkException) 非法操作:images
[ 2015-11-28T23:33:29+08:00 ] ERR: (ThinkException) 非法操作:images
[ 2015-11-28T23:33:29+08:00 ] ERR: (ThinkException) 非法操作:images
[ 2015-11-28T23:34:11+08:00 ] ERR: (ThinkException) 非法操作:images
[ 2015-11-28T23:34:29+08:00 ] ERR: (ThinkException) 非法操作:images
[ 2015-11-28T23:34:31+08:00 ] ERR: (ThinkException) 非法操作:images
[ 2015-11-28T23:34:35+08:00 ] ERR: (ThinkException) 非法操作:images
[ 2015-11-28T23:36:14+08:00 ] ERR: (ThinkException) 非法操作:images
[ 2015-11-28T23:37:25+08:00 ] ERR: (ThinkException) 非法操作:images
[ 2015-11-28T23:37:25+08:00 ] ERR: (ThinkException) 非法操作:images
[ 2015-11-28T23:37:56+08:00 ] ERR: (ThinkException) 非法操作:images
[ 2015-11-28T23:39:31+08:00 ] ERR: (ThinkException) 非法操作:images
[ 2015-11-28T23:39:32+08:00 ] ERR: (ThinkException) 非法操作:images
[ 2015-11-28T23:39:32+08:00 ] ERR: (ThinkException) 非法操作:images
[ 2015-11-28T23:39:44+08:00 ] ERR: (ThinkException) 非法操作:images
[ 2015-11-28T23:41:09+08:00 ] ERR: (ThinkException) 非法操作:images
[ 2015-11-28T23:41:10+08:00 ] ERR: (ThinkException) 非法操作:images
[ 2015-11-28T23:41:12+08:00 ] ERR: (ThinkException) 非法操作:images
[ 2015-11-28T23:41:12+08:00 ] ERR: (ThinkException) 非法操作:images
[ 2015-11-28T23:42:13+08:00 ] ERR: (ThinkException) 非法操作:images
[ 2015-11-28T23:42:15+08:00 ] ERR: (ThinkException) 非法操作:images
[ 2015-11-28T23:42:32+08:00 ] ERR: (ThinkException) 非法操作:images
[ 2015-11-28T23:43:00+08:00 ] ERR: (ThinkException) 非法操作:images
[ 2015-11-28T23:47:06+08:00 ] ERR: (ThinkException) 非法操作:images
[ 2015-11-28T23:47:08+08:00 ] ERR: (ThinkException) 非法操作:images
[ 2015-11-28T23:47:08+08:00 ] ERR: (ThinkException) 非法操作:images
[ 2015-11-28T23:47:37+08:00 ] ERR: (ThinkException) 非法操作:images
[ 2015-11-28T23:47:42+08:00 ] ERR: (ThinkException) 非法操作:images
[ 2015-11-28T23:48:01+08:00 ] ERR: (ThinkException) 非法操作:images
[ 2015-11-28T23:48:01+08:00 ] ERR: (ThinkException) 非法操作:images
[ 2015-11-28T23:48:04+08:00 ] ERR: (ThinkException) 非法操作:images
[ 2015-11-28T23:48:06+08:00 ] ERR: (ThinkException) 非法操作:images
[ 2015-11-28T23:48:06+08:00 ] ERR: (ThinkException) 非法操作:images
[ 2015-11-28T23:48:14+08:00 ] ERR: (ThinkException) 非法操作:images
[ 2015-11-28T23:48:17+08:00 ] ERR: (ThinkException) 非法操作:images
[ 2015-11-28T23:48:17+08:00 ] ERR: (ThinkException) 非法操作:images
[ 2015-11-28T23:48:18+08:00 ] ERR: (ThinkException) 非法操作:images
[ 2015-11-28T23:48:19+08:00 ] ERR: (ThinkException) 非法操作:images
[ 2015-11-28T23:48:22+08:00 ] ERR: (ThinkException) 非法操作:images
[ 2015-11-28T23:48:25+08:00 ] ERR: (ThinkException) 非法操作:images
[ 2015-11-28T23:48:25+08:00 ] ERR: (ThinkException) 非法操作:images
[ 2015-11-28T23:48:26+08:00 ] ERR: (ThinkException) 非法操作:images
[ 2015-11-28T23:48:33+08:00 ] ERR: (ThinkException) 非法操作:images
[ 2015-11-28T23:48:33+08:00 ] ERR: (ThinkException) 非法操作:images
[ 2015-11-28T23:48:35+08:00 ] ERR: (ThinkException) 非法操作:images
[ 2015-11-28T23:48:35+08:00 ] ERR: (ThinkException) 非法操作:images
[ 2015-11-28T23:48:50+08:00 ] ERR: (ThinkException) 非法操作:images
[ 2015-11-28T23:48:55+08:00 ] ERR: (ThinkException) 非法操作:images
[ 2015-11-28T23:48:57+08:00 ] ERR: (ThinkException) 非法操作:images
[ 2015-11-28T23:48:57+08:00 ] ERR: (ThinkException) 非法操作:images
[ 2015-11-28T23:48:57+08:00 ] ERR: (ThinkException) 非法操作:images
[ 2015-11-28T23:49:16+08:00 ] ERR: (ThinkException) 非法操作:images
[ 2015-11-28T23:49:16+08:00 ] ERR: (ThinkException) 非法操作:images
[ 2015-11-28T23:49:16+08:00 ] ERR: (ThinkException) 非法操作:images
[ 2015-11-28T23:49:17+08:00 ] ERR: (ThinkException) 非法操作:images
