[ 2015-12-05T10:12:06+08:00 ] ERR: (ThinkException) 非法操作:shopintroduce
[ 2015-12-05T10:49:16+08:00 ] ERR: (ThinkException) 非法操作:js
[ 2015-12-05T10:49:16+08:00 ] ERR: (ThinkException) 非法操作:js
[ 2015-12-05T10:49:16+08:00 ] ERR: (ThinkException) 非法操作:css
[ 2015-12-05T10:49:16+08:00 ] ERR: (ThinkException) 非法操作:js
[ 2015-12-05T10:49:16+08:00 ] ERR: (ThinkException) 非法操作:images
[ 2015-12-05T10:49:16+08:00 ] ERR: (ThinkException) 非法操作:images
[ 2015-12-05T10:49:16+08:00 ] ERR: (ThinkException) 非法操作:images
[ 2015-12-05T10:51:21+08:00 ] ERR: (ThinkException) 非法操作:css
[ 2015-12-05T10:51:21+08:00 ] ERR: (ThinkException) 非法操作:js
[ 2015-12-05T10:51:21+08:00 ] ERR: (ThinkException) 非法操作:js
[ 2015-12-05T10:51:21+08:00 ] ERR: (ThinkException) 非法操作:js
[ 2015-12-05T10:51:21+08:00 ] ERR: (ThinkException) 非法操作:images
[ 2015-12-05T10:51:21+08:00 ] ERR: (ThinkException) 非法操作:images
[ 2015-12-05T10:51:21+08:00 ] ERR: (ThinkException) 非法操作:images
[ 2015-12-05T10:51:43+08:00 ] ERR: (ThinkException) 非法操作:css
[ 2015-12-05T10:51:43+08:00 ] ERR: (ThinkException) 非法操作:images
[ 2015-12-05T10:51:43+08:00 ] ERR: (ThinkException) 非法操作:images
[ 2015-12-05T10:51:43+08:00 ] ERR: (ThinkException) 非法操作:images
[ 2015-12-05T10:52:44+08:00 ] ERR: (ThinkException) 非法操作:css
[ 2015-12-05T10:53:44+08:00 ] ERR: (ThinkException) 非法操作:css
[ 2015-12-05T10:54:34+08:00 ] ERR: (ThinkException) 非法操作:css
[ 2015-12-05T10:54:51+08:00 ] ERR: (ThinkException) 非法操作:css
[ 2015-12-05T10:56:43+08:00 ] ERR: (ThinkException) 非法操作:css
[ 2015-12-05T10:56:54+08:00 ] ERR: (ThinkException) 非法操作:css
[ 2015-12-05T10:58:46+08:00 ] ERR: (ThinkException) 非法操作:css
[ 2015-12-05T10:59:20+08:00 ] ERR: (ThinkException) 非法操作:css
[ 2015-12-05T10:59:53+08:00 ] ERR: (ThinkException) 非法操作:css
[ 2015-12-05T11:00:51+08:00 ] ERR: (ThinkException) 非法操作:css
[ 2015-12-05T11:00:57+08:00 ] ERR: (ThinkException) 非法操作:css
[ 2015-12-05T11:00:57+08:00 ] ERR: (ThinkException) 非法操作:js
[ 2015-12-05T11:00:57+08:00 ] ERR: (ThinkException) 非法操作:js
[ 2015-12-05T11:00:57+08:00 ] ERR: (ThinkException) 非法操作:images
[ 2015-12-05T11:00:57+08:00 ] ERR: (ThinkException) 非法操作:images
[ 2015-12-05T11:00:57+08:00 ] ERR: (ThinkException) 非法操作:images
[ 2015-12-05T11:01:40+08:00 ] ERR: (ThinkException) 非法操作:css
[ 2015-12-05T11:01:40+08:00 ] ERR: (ThinkException) 非法操作:js
[ 2015-12-05T11:01:40+08:00 ] ERR: (ThinkException) 非法操作:js
[ 2015-12-05T11:01:57+08:00 ] ERR: (ThinkException) 非法操作:css
[ 2015-12-05T11:01:57+08:00 ] ERR: (ThinkException) 非法操作:js
[ 2015-12-05T11:01:57+08:00 ] ERR: (ThinkException) 非法操作:js
[ 2015-12-05T11:02:20+08:00 ] ERR: (ThinkException) 非法操作:js
[ 2015-12-05T11:02:20+08:00 ] ERR: (ThinkException) 非法操作:js
[ 2015-12-05T11:02:20+08:00 ] ERR: (ThinkException) 非法操作:css
[ 2015-12-05T11:02:29+08:00 ] ERR: (ThinkException) 非法操作:css
[ 2015-12-05T11:02:29+08:00 ] ERR: (ThinkException) 非法操作:js
[ 2015-12-05T11:02:29+08:00 ] ERR: (ThinkException) 非法操作:js
[ 2015-12-05T11:02:34+08:00 ] ERR: (ThinkException) 非法操作:js
[ 2015-12-05T11:02:34+08:00 ] ERR: (ThinkException) 非法操作:js
[ 2015-12-05T11:02:34+08:00 ] ERR: (ThinkException) 非法操作:css
[ 2015-12-05T11:02:37+08:00 ] ERR: (ThinkException) 非法操作:css
[ 2015-12-05T11:02:37+08:00 ] ERR: (ThinkException) 非法操作:js
[ 2015-12-05T11:02:37+08:00 ] ERR: (ThinkException) 非法操作:js
[ 2015-12-05T11:02:43+08:00 ] ERR: (ThinkException) 非法操作:js
[ 2015-12-05T11:02:43+08:00 ] ERR: (ThinkException) 非法操作:css
[ 2015-12-05T11:02:43+08:00 ] ERR: (ThinkException) 非法操作:js
[ 2015-12-05T11:03:05+08:00 ] ERR: (ThinkException) 非法操作:js
[ 2015-12-05T11:03:05+08:00 ] ERR: (ThinkException) 非法操作:css
[ 2015-12-05T11:03:05+08:00 ] ERR: (ThinkException) 非法操作:js
[ 2015-12-05T11:03:10+08:00 ] ERR: (ThinkException) 非法操作:js
[ 2015-12-05T11:03:10+08:00 ] ERR: (ThinkException) 非法操作:js
[ 2015-12-05T11:03:10+08:00 ] ERR: (ThinkException) 非法操作:css
[ 2015-12-05T11:04:58+08:00 ] ERR: (ThinkException) 非法操作:css
[ 2015-12-05T11:04:58+08:00 ] ERR: (ThinkException) 非法操作:images
[ 2015-12-05T11:04:58+08:00 ] ERR: (ThinkException) 非法操作:images
[ 2015-12-05T11:04:58+08:00 ] ERR: (ThinkException) 非法操作:images
[ 2015-12-05T11:06:10+08:00 ] ERR: (ThinkException) 非法操作:css
[ 2015-12-05T11:07:04+08:00 ] ERR: (ThinkException) 非法操作:css
[ 2015-12-05T12:32:58+08:00 ] ERR: (ThinkException) 非法操作:shopintroduce
[ 2015-12-05T16:56:27+08:00 ] ERR: (ThinkException) 无法加载模块:liuliu
[ 2015-12-05T16:56:58+08:00 ] ERR: (ThinkException) 无法加载模块:liuliu
[ 2015-12-05T16:57:31+08:00 ] ERR: (ThinkException) 无法加载模块:liuliu
[ 2015-12-05T16:57:57+08:00 ] ERR: (ThinkException) 无法加载模块:liuliu
[ 2015-12-05T16:58:02+08:00 ] ERR: (ThinkException) 无法加载模块:liuliu
[ 2015-12-05T16:58:56+08:00 ] ERR: (ThinkException) 无法加载模块:liuliu
[ 2015-12-05T17:16:28+08:00 ] ERR: (ThinkException) 非法操作:images
[ 2015-12-05T17:16:41+08:00 ] ERR: (ThinkException) 非法操作:images
[ 2015-12-05T17:16:47+08:00 ] ERR: (ThinkException) 非法操作:images
[ 2015-12-05T17:17:25+08:00 ] ERR: (ThinkException) 非法操作:images
[ 2015-12-05T17:17:36+08:00 ] ERR: (ThinkException) 非法操作:images
[ 2015-12-05T17:17:46+08:00 ] ERR: (ThinkException) 非法操作:images
[ 2015-12-05T17:18:39+08:00 ] ERR: (ThinkException) 非法操作:images
[ 2015-12-05T17:18:56+08:00 ] ERR: (ThinkException) 非法操作:images
[ 2015-12-05T23:26:51+08:00 ] ERR: (ThinkException) 非法操作:Dingdan
[ 2015-12-05T23:27:00+08:00 ] ERR: (ThinkException) 非法操作:Dingdan
