[ 2015-11-20T09:48:55+08:00 ] ERR: (ThinkException) 非法操作:look_shop
[ 2015-11-20T09:49:28+08:00 ] ERR: (ThinkException) 非法操作:look_shop
[ 2015-11-20T10:50:23+08:00 ] ERR: (ThinkException) 非法操作:BuyShop
[ 2015-11-20T10:56:18+08:00 ] ERR: (ThinkException) 非法操作:BuyShop
[ 2015-11-20T10:56:20+08:00 ] ERR: (ThinkException) 非法操作:BuyShop
[ 2015-11-20T12:25:42+08:00 ] ERR: (ThinkException) 模板不存在[./Admin/Tpl/Gong/gong.html]
[ 2015-11-20T12:30:10+08:00 ] ERR: (ThinkException) 非法操作:store
[ 2015-11-20T13:41:38+08:00 ] ERR: (ThinkException) 非法操作:ok
[ 2015-11-20T13:41:43+08:00 ] ERR: (ThinkException) 非法操作:ok
[ 2015-11-20T13:41:49+08:00 ] ERR: (ThinkException) 非法操作:ok
[ 2015-11-20T13:42:39+08:00 ] ERR: (ThinkException) 非法操作:ok
[ 2015-11-20T13:44:15+08:00 ] ERR: (ThinkException) 非法操作:ok
[ 2015-11-20T13:44:42+08:00 ] ERR: (ThinkException) 非法操作:ok
[ 2015-11-20T13:44:46+08:00 ] ERR: (ThinkException) 非法操作:ok
[ 2015-11-20T13:45:04+08:00 ] ERR: (ThinkException) 非法操作:ok
[ 2015-11-20T18:23:08+08:00 ] ERR: (ThinkException) 非法操作:store
[ 2015-11-20T22:17:06+08:00 ] ERR: (ThinkException) 非法操作:index
[ 2015-11-20T22:22:29+08:00 ] ERR: (ThinkException) 无法加载模块:Public
[ 2015-11-20T22:22:38+08:00 ] ERR: (ThinkException) 无法加载模块:Public
[ 2015-11-20T22:22:43+08:00 ] ERR: (ThinkException) 无法加载模块:Public
[ 2015-11-20T22:22:44+08:00 ] ERR: (ThinkException) 无法加载模块:Public
[ 2015-11-20T22:23:14+08:00 ] ERR: (ThinkException) 无法加载模块:Public
[ 2015-11-20T22:23:22+08:00 ] ERR: (ThinkException) 无法加载模块:Public
[ 2015-11-20T22:24:09+08:00 ] ERR: (ThinkException) 无法加载模块:Public
[ 2015-11-20T22:24:14+08:00 ] ERR: (ThinkException) 无法加载模块:Public
[ 2015-11-20T22:24:27+08:00 ] ERR: (ThinkException) 无法加载模块:Public
[ 2015-11-20T22:24:51+08:00 ] ERR: (ThinkException) 无法加载模块:Public
[ 2015-11-20T22:25:02+08:00 ] ERR: (ThinkException) 无法加载模块:Public
[ 2015-11-20T22:25:06+08:00 ] ERR: (ThinkException) 无法加载模块:Public
[ 2015-11-20T22:25:09+08:00 ] ERR: (ThinkException) 无法加载模块:Public
[ 2015-11-20T22:25:15+08:00 ] ERR: (ThinkException) 无法加载模块:Public
[ 2015-11-20T22:25:19+08:00 ] ERR: (ThinkException) 无法加载模块:Public
[ 2015-11-20T22:25:22+08:00 ] ERR: (ThinkException) 无法加载模块:Public
[ 2015-11-20T22:48:00+08:00 ] ERR: (ThinkException) 无法加载模块:reg
[ 2015-11-20T22:50:02+08:00 ] ERR: (ThinkException) 非法操作:css
[ 2015-11-20T22:50:02+08:00 ] ERR: (ThinkException) 非法操作:images
[ 2015-11-20T22:51:31+08:00 ] ERR: (ThinkException) 非法操作:css
[ 2015-11-20T22:56:23+08:00 ] ERR: (ThinkException) 非法操作:images
[ 2015-11-20T22:56:23+08:00 ] ERR: (ThinkException) 非法操作:images
[ 2015-11-20T22:56:33+08:00 ] ERR: (ThinkException) 非法操作:images
[ 2015-11-20T22:56:33+08:00 ] ERR: (ThinkException) 非法操作:images
[ 2015-11-20T22:56:33+08:00 ] ERR: (ThinkException) 非法操作:images
[ 2015-11-20T22:56:34+08:00 ] ERR: (ThinkException) 非法操作:js
[ 2015-11-20T22:56:34+08:00 ] ERR: (ThinkException) 非法操作:images
[ 2015-11-20T22:56:34+08:00 ] ERR: (ThinkException) 非法操作:images
[ 2015-11-20T22:56:34+08:00 ] ERR: (ThinkException) 非法操作:images
[ 2015-11-20T22:56:34+08:00 ] ERR: (ThinkException) 非法操作:images
[ 2015-11-20T22:56:34+08:00 ] ERR: (ThinkException) 非法操作:images
[ 2015-11-20T22:56:34+08:00 ] ERR: (ThinkException) 非法操作:images
[ 2015-11-20T22:58:44+08:00 ] ERR: (ThinkException) 非法操作:images
[ 2015-11-20T22:58:44+08:00 ] ERR: (ThinkException) 非法操作:js
[ 2015-11-20T22:58:44+08:00 ] ERR: (ThinkException) 非法操作:images
[ 2015-11-20T22:58:44+08:00 ] ERR: (ThinkException) 非法操作:images
[ 2015-11-20T22:58:44+08:00 ] ERR: (ThinkException) 非法操作:images
[ 2015-11-20T22:58:44+08:00 ] ERR: (ThinkException) 非法操作:images
[ 2015-11-20T22:58:44+08:00 ] ERR: (ThinkException) 非法操作:images
[ 2015-11-20T22:58:44+08:00 ] ERR: (ThinkException) 非法操作:images
[ 2015-11-20T22:59:57+08:00 ] ERR: (ThinkException) 非法操作:js
[ 2015-11-20T22:59:57+08:00 ] ERR: (ThinkException) 非法操作:images
[ 2015-11-20T22:59:57+08:00 ] ERR: (ThinkException) 非法操作:images
[ 2015-11-20T22:59:57+08:00 ] ERR: (ThinkException) 非法操作:images
[ 2015-11-20T22:59:57+08:00 ] ERR: (ThinkException) 非法操作:images
[ 2015-11-20T22:59:57+08:00 ] ERR: (ThinkException) 非法操作:images
[ 2015-11-20T22:59:57+08:00 ] ERR: (ThinkException) 非法操作:images
[ 2015-11-20T22:59:57+08:00 ] ERR: (ThinkException) 非法操作:images
[ 2015-11-20T23:00:16+08:00 ] ERR: (ThinkException) 非法操作:js
[ 2015-11-20T23:00:16+08:00 ] ERR: (ThinkException) 非法操作:images
[ 2015-11-20T23:00:16+08:00 ] ERR: (ThinkException) 非法操作:images
[ 2015-11-20T23:00:16+08:00 ] ERR: (ThinkException) 非法操作:images
[ 2015-11-20T23:00:16+08:00 ] ERR: (ThinkException) 非法操作:images
[ 2015-11-20T23:00:16+08:00 ] ERR: (ThinkException) 非法操作:images
[ 2015-11-20T23:00:16+08:00 ] ERR: (ThinkException) 非法操作:images
[ 2015-11-20T23:00:16+08:00 ] ERR: (ThinkException) 非法操作:images
[ 2015-11-20T23:00:19+08:00 ] ERR: (ThinkException) 非法操作:images
[ 2015-11-20T23:00:19+08:00 ] ERR: (ThinkException) 非法操作:js
[ 2015-11-20T23:00:19+08:00 ] ERR: (ThinkException) 非法操作:images
[ 2015-11-20T23:00:19+08:00 ] ERR: (ThinkException) 非法操作:images
[ 2015-11-20T23:00:19+08:00 ] ERR: (ThinkException) 非法操作:images
[ 2015-11-20T23:00:19+08:00 ] ERR: (ThinkException) 非法操作:images
[ 2015-11-20T23:00:19+08:00 ] ERR: (ThinkException) 非法操作:images
[ 2015-11-20T23:00:19+08:00 ] ERR: (ThinkException) 非法操作:images
[ 2015-11-20T23:11:23+08:00 ] ERR: (ThinkException) 非法操作:js
[ 2015-11-20T23:11:23+08:00 ] ERR: (ThinkException) 非法操作:images
[ 2015-11-20T23:11:23+08:00 ] ERR: (ThinkException) 非法操作:images
[ 2015-11-20T23:11:23+08:00 ] ERR: (ThinkException) 非法操作:images
[ 2015-11-20T23:11:23+08:00 ] ERR: (ThinkException) 非法操作:images
[ 2015-11-20T23:11:23+08:00 ] ERR: (ThinkException) 非法操作:images
[ 2015-11-20T23:11:23+08:00 ] ERR: (ThinkException) 非法操作:images
[ 2015-11-20T23:11:24+08:00 ] ERR: (ThinkException) 非法操作:images
[ 2015-11-20T23:13:03+08:00 ] ERR: (ThinkException) 非法操作:images
[ 2015-11-20T23:13:03+08:00 ] ERR: (ThinkException) 非法操作:js
[ 2015-11-20T23:13:03+08:00 ] ERR: (ThinkException) 非法操作:images
[ 2015-11-20T23:13:03+08:00 ] ERR: (ThinkException) 非法操作:images
[ 2015-11-20T23:13:03+08:00 ] ERR: (ThinkException) 非法操作:images
[ 2015-11-20T23:13:03+08:00 ] ERR: (ThinkException) 非法操作:images
[ 2015-11-20T23:13:03+08:00 ] ERR: (ThinkException) 非法操作:images
[ 2015-11-20T23:13:03+08:00 ] ERR: (ThinkException) 非法操作:images
[ 2015-11-20T23:13:52+08:00 ] ERR: (ThinkException) 非法操作:images
[ 2015-11-20T23:13:52+08:00 ] ERR: (ThinkException) 非法操作:images
[ 2015-11-20T23:13:52+08:00 ] ERR: (ThinkException) 非法操作:images
[ 2015-11-20T23:13:52+08:00 ] ERR: (ThinkException) 非法操作:images
[ 2015-11-20T23:13:52+08:00 ] ERR: (ThinkException) 非法操作:js
[ 2015-11-20T23:13:52+08:00 ] ERR: (ThinkException) 非法操作:images
[ 2015-11-20T23:13:52+08:00 ] ERR: (ThinkException) 非法操作:images
[ 2015-11-20T23:13:52+08:00 ] ERR: (ThinkException) 非法操作:images
[ 2015-11-20T23:16:29+08:00 ] ERR: (ThinkException) 非法操作:js
[ 2015-11-20T23:16:29+08:00 ] ERR: (ThinkException) 非法操作:images
[ 2015-11-20T23:16:29+08:00 ] ERR: (ThinkException) 非法操作:images
[ 2015-11-20T23:16:29+08:00 ] ERR: (ThinkException) 非法操作:images
[ 2015-11-20T23:16:29+08:00 ] ERR: (ThinkException) 非法操作:images
[ 2015-11-20T23:16:29+08:00 ] ERR: (ThinkException) 非法操作:images
[ 2015-11-20T23:16:29+08:00 ] ERR: (ThinkException) 非法操作:images
[ 2015-11-20T23:16:29+08:00 ] ERR: (ThinkException) 非法操作:images
[ 2015-11-20T23:17:21+08:00 ] ERR: (ThinkException) 非法操作:js
[ 2015-11-20T23:17:21+08:00 ] ERR: (ThinkException) 非法操作:images
[ 2015-11-20T23:17:21+08:00 ] ERR: (ThinkException) 非法操作:images
[ 2015-11-20T23:17:21+08:00 ] ERR: (ThinkException) 非法操作:images
[ 2015-11-20T23:17:21+08:00 ] ERR: (ThinkException) 非法操作:images
[ 2015-11-20T23:17:21+08:00 ] ERR: (ThinkException) 非法操作:images
[ 2015-11-20T23:17:21+08:00 ] ERR: (ThinkException) 非法操作:images
[ 2015-11-20T23:17:21+08:00 ] ERR: (ThinkException) 非法操作:images
[ 2015-11-20T23:17:31+08:00 ] ERR: (ThinkException) 非法操作:images
[ 2015-11-20T23:17:31+08:00 ] ERR: (ThinkException) 非法操作:js
[ 2015-11-20T23:17:31+08:00 ] ERR: (ThinkException) 非法操作:images
[ 2015-11-20T23:17:31+08:00 ] ERR: (ThinkException) 非法操作:images
[ 2015-11-20T23:17:31+08:00 ] ERR: (ThinkException) 非法操作:images
[ 2015-11-20T23:17:31+08:00 ] ERR: (ThinkException) 非法操作:images
[ 2015-11-20T23:17:31+08:00 ] ERR: (ThinkException) 非法操作:images
[ 2015-11-20T23:17:31+08:00 ] ERR: (ThinkException) 非法操作:images
[ 2015-11-20T23:18:06+08:00 ] ERR: (ThinkException) 非法操作:images
[ 2015-11-20T23:18:06+08:00 ] ERR: (ThinkException) 非法操作:images
[ 2015-11-20T23:18:06+08:00 ] ERR: (ThinkException) 非法操作:js
[ 2015-11-20T23:18:06+08:00 ] ERR: (ThinkException) 非法操作:images
[ 2015-11-20T23:18:06+08:00 ] ERR: (ThinkException) 非法操作:images
[ 2015-11-20T23:18:06+08:00 ] ERR: (ThinkException) 非法操作:images
[ 2015-11-20T23:18:06+08:00 ] ERR: (ThinkException) 非法操作:images
[ 2015-11-20T23:18:06+08:00 ] ERR: (ThinkException) 非法操作:images
[ 2015-11-20T23:18:21+08:00 ] ERR: (ThinkException) 非法操作:images
[ 2015-11-20T23:18:21+08:00 ] ERR: (ThinkException) 非法操作:js
[ 2015-11-20T23:18:21+08:00 ] ERR: (ThinkException) 非法操作:images
[ 2015-11-20T23:18:21+08:00 ] ERR: (ThinkException) 非法操作:images
[ 2015-11-20T23:18:21+08:00 ] ERR: (ThinkException) 非法操作:images
[ 2015-11-20T23:18:21+08:00 ] ERR: (ThinkException) 非法操作:images
[ 2015-11-20T23:18:21+08:00 ] ERR: (ThinkException) 非法操作:images
[ 2015-11-20T23:18:21+08:00 ] ERR: (ThinkException) 非法操作:images
[ 2015-11-20T23:18:42+08:00 ] ERR: (ThinkException) 非法操作:images
[ 2015-11-20T23:18:42+08:00 ] ERR: (ThinkException) 非法操作:images
[ 2015-11-20T23:18:42+08:00 ] ERR: (ThinkException) 非法操作:images
[ 2015-11-20T23:18:42+08:00 ] ERR: (ThinkException) 非法操作:images
[ 2015-11-20T23:18:42+08:00 ] ERR: (ThinkException) 非法操作:js
[ 2015-11-20T23:18:42+08:00 ] ERR: (ThinkException) 非法操作:images
[ 2015-11-20T23:18:42+08:00 ] ERR: (ThinkException) 非法操作:images
[ 2015-11-20T23:18:42+08:00 ] ERR: (ThinkException) 非法操作:images
[ 2015-11-20T23:21:49+08:00 ] ERR: (ThinkException) 非法操作:js
[ 2015-11-20T23:35:59+08:00 ] ERR: (ThinkException) 非法操作:images
[ 2015-11-20T23:35:59+08:00 ] ERR: (ThinkException) 非法操作:css
[ 2015-11-20T23:35:59+08:00 ] ERR: (ThinkException) 非法操作:css
[ 2015-11-20T23:36:00+08:00 ] ERR: (ThinkException) 非法操作:images
[ 2015-11-20T23:58:13+08:00 ] ERR: (ThinkException) 非法操作:tui
[ 2015-11-20T23:58:57+08:00 ] ERR: (ThinkException) 非法操作:login
[ 2015-11-20T23:59:06+08:00 ] ERR: (ThinkException) 非法操作:login
