[ 2015-11-18T00:06:01+08:00 ] ERR: (ThinkException) 非法操作:564b4d2a892d9
[ 2015-11-18T00:06:13+08:00 ] ERR: (ThinkException) 非法操作:564b4d2a892d9
[ 2015-11-18T00:14:06+08:00 ] ERR: (ThinkException) 非法操作:del
[ 2015-11-18T00:19:54+08:00 ] ERR: (ThinkException) Model:del您所请求的方法不存在！
[ 2015-11-18T00:20:11+08:00 ] ERR: (ThinkException) Model:del您所请求的方法不存在！
[ 2015-11-18T00:20:58+08:00 ] ERR: (ThinkException) Model:del您所请求的方法不存在！
[ 2015-11-18T00:21:01+08:00 ] ERR: (ThinkException) Model:del您所请求的方法不存在！
[ 2015-11-18T00:21:14+08:00 ] ERR: (ThinkException) Model:del您所请求的方法不存在！
[ 2015-11-18T00:34:14+08:00 ] ERR: (ThinkException) 无法加载模块:__ROOT__
[ 2015-11-18T00:35:05+08:00 ] ERR: (ThinkException) 无法加载模块:__ROOT__
[ 2015-11-18T00:35:13+08:00 ] ERR: (ThinkException) 无法加载模块:__ROOT__
[ 2015-11-18T11:36:17+08:00 ] ERR: (ThinkException) 无法加载模块:Store
[ 2015-11-18T11:36:41+08:00 ] ERR: (ThinkException) 无法加载模块:Store
[ 2015-11-18T11:36:43+08:00 ] ERR: (ThinkException) 无法加载模块:Store
[ 2015-11-18T12:22:12+08:00 ] ERR: (ThinkException) 非法操作:申请失败!
[ 2015-11-18T12:22:21+08:00 ] ERR: (ThinkException) 非法操作:申请失败!
[ 2015-11-18T12:22:28+08:00 ] ERR: (ThinkException) 非法操作:申请失败!
[ 2015-11-18T12:22:40+08:00 ] ERR: (ThinkException) 非法操作:申请失败!
[ 2015-11-18T12:22:41+08:00 ] ERR: (ThinkException) 非法操作:申请失败!
[ 2015-11-18T12:22:41+08:00 ] ERR: (ThinkException) 非法操作:申请失败!
[ 2015-11-18T12:22:41+08:00 ] ERR: (ThinkException) 非法操作:申请失败!
[ 2015-11-18T12:22:44+08:00 ] ERR: (ThinkException) 非法操作:she
[ 2015-11-18T12:23:32+08:00 ] ERR: (ThinkException) 非法操作:申请失败!
[ 2015-11-18T12:23:35+08:00 ] ERR: (ThinkException) 非法操作:申请失败!
[ 2015-11-18T12:23:36+08:00 ] ERR: (ThinkException) 非法操作:申请失败!
[ 2015-11-18T12:23:37+08:00 ] ERR: (ThinkException) 非法操作:she
[ 2015-11-18T12:25:28+08:00 ] ERR: (ThinkException) 非法操作:申请失败!
[ 2015-11-18T12:25:37+08:00 ] ERR: (ThinkException) 非法操作:申请失败!
[ 2015-11-18T18:02:01+08:00 ] ERR: (ThinkException) 非法操作:shenji
