[ 2015-11-21T18:42:08+08:00 ] ERR: (ThinkException) 非法操作:ht_person
[ 2015-11-21T18:42:48+08:00 ] ERR: (ThinkException) 非法操作:css
[ 2015-11-21T18:42:48+08:00 ] ERR: (ThinkException) 非法操作:css
[ 2015-11-21T18:42:48+08:00 ] ERR: (ThinkException) 非法操作:images
[ 2015-11-21T18:42:48+08:00 ] ERR: (ThinkException) 非法操作:images
[ 2015-11-21T18:44:20+08:00 ] ERR: (ThinkException) 非法操作:images
[ 2015-11-21T18:46:29+08:00 ] ERR: (ThinkException) 非法操作:images
[ 2015-11-21T18:46:56+08:00 ] ERR: (ThinkException) 非法操作:images
[ 2015-11-21T18:48:10+08:00 ] ERR: (ThinkException) 非法操作:images
[ 2015-11-21T18:48:17+08:00 ] ERR: (ThinkException) 非法操作:images
[ 2015-11-21T18:48:52+08:00 ] ERR: (ThinkException) 非法操作:images
[ 2015-11-21T18:49:38+08:00 ] ERR: (ThinkException) 非法操作:images
[ 2015-11-21T18:50:42+08:00 ] ERR: (ThinkException) 非法操作:images
[ 2015-11-21T18:51:36+08:00 ] ERR: (ThinkException) 非法操作:images
[ 2015-11-21T22:51:44+08:00 ] ERR: (ThinkException) 非法操作:ht_addgl
[ 2015-11-21T22:57:43+08:00 ] ERR: (ThinkException) 非法操作:images
[ 2015-11-21T22:57:43+08:00 ] ERR: (ThinkException) 非法操作:images
[ 2015-11-21T22:58:03+08:00 ] ERR: (ThinkException) 非法操作:images
[ 2015-11-21T22:58:59+08:00 ] ERR: (ThinkException) 非法操作:images
[ 2015-11-21T22:58:59+08:00 ] ERR: (ThinkException) 无法加载模块:images
[ 2015-11-21T22:58:59+08:00 ] ERR: (ThinkException) 无法加载模块:images
[ 2015-11-21T22:59:54+08:00 ] ERR: (ThinkException) 非法操作:images
[ 2015-11-21T22:59:54+08:00 ] ERR: (ThinkException) 无法加载模块:images
[ 2015-11-21T23:00:37+08:00 ] ERR: (ThinkException) 非法操作:images
[ 2015-11-21T23:00:37+08:00 ] ERR: (ThinkException) 无法加载模块:images
[ 2015-11-21T23:00:55+08:00 ] ERR: (ThinkException) 非法操作:images
[ 2015-11-21T23:00:55+08:00 ] ERR: (ThinkException) 无法加载模块:images
[ 2015-11-21T23:06:41+08:00 ] ERR: (ThinkException) 非法操作:images
[ 2015-11-21T23:07:49+08:00 ] ERR: (ThinkException) 非法操作:images
[ 2015-11-21T23:09:00+08:00 ] ERR: (ThinkException) 非法操作:images
[ 2015-11-21T23:09:15+08:00 ] ERR: (ThinkException) 非法操作:images
[ 2015-11-21T23:09:21+08:00 ] ERR: (ThinkException) 非法操作:images
[ 2015-11-21T23:09:58+08:00 ] ERR: (ThinkException) 非法操作:images
[ 2015-11-21T23:12:34+08:00 ] ERR: (ThinkException) 非法操作:images
[ 2015-11-21T23:13:16+08:00 ] ERR: (ThinkException) 非法操作:images
[ 2015-11-21T23:34:42+08:00 ] ERR: (ThinkException) 非法操作:do_addgl
[ 2015-11-21T23:35:04+08:00 ] ERR: (ThinkException) 非法操作:do_addgl
[ 2015-11-21T23:37:33+08:00 ] ERR: (ThinkException) 非法操作:css
[ 2015-11-21T23:37:33+08:00 ] ERR: (ThinkException) 非法操作:css
[ 2015-11-21T23:37:33+08:00 ] ERR: (ThinkException) 非法操作:images
[ 2015-11-21T23:37:33+08:00 ] ERR: (ThinkException) 非法操作:images
[ 2015-11-21T23:37:33+08:00 ] ERR: (ThinkException) 非法操作:images
[ 2015-11-21T23:37:35+08:00 ] ERR: (ThinkException) 非法操作:images
[ 2015-11-21T23:37:35+08:00 ] ERR: (ThinkException) 非法操作:css
[ 2015-11-21T23:37:35+08:00 ] ERR: (ThinkException) 非法操作:css
[ 2015-11-21T23:37:35+08:00 ] ERR: (ThinkException) 非法操作:images
[ 2015-11-21T23:37:35+08:00 ] ERR: (ThinkException) 非法操作:images
[ 2015-11-21T23:39:20+08:00 ] ERR: (ThinkException) 非法操作:images
[ 2015-11-21T23:39:20+08:00 ] ERR: (ThinkException) 非法操作:images
[ 2015-11-21T23:39:20+08:00 ] ERR: (ThinkException) 非法操作:css
[ 2015-11-21T23:39:20+08:00 ] ERR: (ThinkException) 非法操作:css
[ 2015-11-21T23:39:20+08:00 ] ERR: (ThinkException) 非法操作:images
[ 2015-11-21T23:40:30+08:00 ] ERR: (ThinkException) 非法操作:css
[ 2015-11-21T23:40:30+08:00 ] ERR: (ThinkException) 非法操作:images
[ 2015-11-21T23:40:30+08:00 ] ERR: (ThinkException) 非法操作:images
[ 2015-11-21T23:41:23+08:00 ] ERR: (ThinkException) 非法操作:css
[ 2015-11-21T23:41:23+08:00 ] ERR: (ThinkException) 非法操作:images
[ 2015-11-21T23:41:24+08:00 ] ERR: (ThinkException) 非法操作:images
[ 2015-11-21T23:41:50+08:00 ] ERR: (ThinkException) 非法操作:images
[ 2015-11-21T23:41:50+08:00 ] ERR: (ThinkException) 非法操作:images
[ 2015-11-21T23:41:50+08:00 ] ERR: (ThinkException) 非法操作:css
[ 2015-11-21T23:41:50+08:00 ] ERR: (ThinkException) 非法操作:css
[ 2015-11-21T23:42:12+08:00 ] ERR: (ThinkException) 非法操作:css
[ 2015-11-21T23:42:12+08:00 ] ERR: (ThinkException) 非法操作:css
[ 2015-11-21T23:42:12+08:00 ] ERR: (ThinkException) 非法操作:images
[ 2015-11-21T23:42:12+08:00 ] ERR: (ThinkException) 非法操作:images
[ 2015-11-21T23:42:41+08:00 ] ERR: (ThinkException) 非法操作:css
[ 2015-11-21T23:42:41+08:00 ] ERR: (ThinkException) 非法操作:css
[ 2015-11-21T23:42:41+08:00 ] ERR: (ThinkException) 非法操作:images
[ 2015-11-21T23:42:41+08:00 ] ERR: (ThinkException) 非法操作:images
[ 2015-11-21T23:42:41+08:00 ] ERR: (ThinkException) 非法操作:images
[ 2015-11-21T23:42:41+08:00 ] ERR: (ThinkException) 非法操作:css
[ 2015-11-21T23:42:41+08:00 ] ERR: (ThinkException) 非法操作:images
[ 2015-11-21T23:42:41+08:00 ] ERR: (ThinkException) 非法操作:css
[ 2015-11-21T23:42:41+08:00 ] ERR: (ThinkException) 非法操作:images
[ 2015-11-21T23:42:41+08:00 ] ERR: (ThinkException) 非法操作:images
[ 2015-11-21T23:43:06+08:00 ] ERR: (ThinkException) 非法操作:images
[ 2015-11-21T23:43:06+08:00 ] ERR: (ThinkException) 非法操作:images
[ 2015-11-21T23:43:37+08:00 ] ERR: (ThinkException) 非法操作:images
[ 2015-11-21T23:43:37+08:00 ] ERR: (ThinkException) 非法操作:images
[ 2015-11-21T23:43:42+08:00 ] ERR: (ThinkException) 非法操作:images
[ 2015-11-21T23:43:42+08:00 ] ERR: (ThinkException) 非法操作:images
[ 2015-11-21T23:43:54+08:00 ] ERR: (ThinkException) 非法操作:images
[ 2015-11-21T23:43:54+08:00 ] ERR: (ThinkException) 非法操作:images
[ 2015-11-21T23:45:16+08:00 ] ERR: (ThinkException) 非法操作:images
[ 2015-11-21T23:45:16+08:00 ] ERR: (ThinkException) 非法操作:images
[ 2015-11-21T23:48:38+08:00 ] ERR: (ThinkException) 非法操作:images
[ 2015-11-21T23:48:38+08:00 ] ERR: (ThinkException) 非法操作:images
[ 2015-11-21T23:48:46+08:00 ] ERR: (ThinkException) 非法操作:images
[ 2015-11-21T23:48:46+08:00 ] ERR: (ThinkException) 非法操作:images
[ 2015-11-21T23:48:51+08:00 ] ERR: (ThinkException) 非法操作:images
[ 2015-11-21T23:48:51+08:00 ] ERR: (ThinkException) 非法操作:images
[ 2015-11-21T23:48:56+08:00 ] ERR: (ThinkException) 非法操作:images
[ 2015-11-21T23:48:56+08:00 ] ERR: (ThinkException) 非法操作:images
[ 2015-11-21T23:49:01+08:00 ] ERR: (ThinkException) 非法操作:images
[ 2015-11-21T23:49:01+08:00 ] ERR: (ThinkException) 非法操作:images
[ 2015-11-21T23:50:34+08:00 ] ERR: (ThinkException) 非法操作:images
[ 2015-11-21T23:50:34+08:00 ] ERR: (ThinkException) 非法操作:images
[ 2015-11-21T23:51:10+08:00 ] ERR: (ThinkException) 非法操作:images
[ 2015-11-21T23:51:21+08:00 ] ERR: (ThinkException) 非法操作:images
[ 2015-11-21T23:51:37+08:00 ] ERR: (ThinkException) 非法操作:images
[ 2015-11-21T23:51:45+08:00 ] ERR: (ThinkException) 非法操作:images
