[ 2015-11-19T13:02:14+08:00 ] ERR: (ThinkException) 非法操作:1
[ 2015-11-19T13:03:18+08:00 ] ERR: (ThinkException) 非法操作:1
[ 2015-11-19T13:03:23+08:00 ] ERR: (ThinkException) 非法操作:1
[ 2015-11-19T13:03:46+08:00 ] ERR: (ThinkException) 非法操作:1
[ 2015-11-19T13:03:54+08:00 ] ERR: (ThinkException) 非法操作:1
[ 2015-11-19T13:03:54+08:00 ] ERR: (ThinkException) 非法操作:1
[ 2015-11-19T13:06:52+08:00 ] ERR: (ThinkException) 非法操作:1
[ 2015-11-19T13:08:01+08:00 ] ERR: (ThinkException) 非法操作:1
[ 2015-11-19T13:08:38+08:00 ] ERR: (ThinkException) 非法操作:1
[ 2015-11-19T13:08:39+08:00 ] ERR: (ThinkException) 非法操作:1
[ 2015-11-19T13:08:43+08:00 ] ERR: (ThinkException) 非法操作:1
[ 2015-11-19T13:09:05+08:00 ] ERR: (ThinkException) 非法操作:1
[ 2015-11-19T13:09:25+08:00 ] ERR: (ThinkException) 非法操作:1
[ 2015-11-19T13:09:53+08:00 ] ERR: (ThinkException) 非法操作:1
[ 2015-11-19T13:10:10+08:00 ] ERR: (ThinkException) 非法操作:1
[ 2015-11-19T13:10:15+08:00 ] ERR: (ThinkException) 非法操作:1
[ 2015-11-19T13:10:22+08:00 ] ERR: (ThinkException) 非法操作:1
[ 2015-11-19T13:11:25+08:00 ] ERR: (ThinkException) 非法操作:1
[ 2015-11-19T13:11:48+08:00 ] ERR: (ThinkException) 非法操作:1
[ 2015-11-19T13:12:16+08:00 ] ERR: (ThinkException) 非法操作:1
[ 2015-11-19T13:12:21+08:00 ] ERR: (ThinkException) 非法操作:1
[ 2015-11-19T13:12:38+08:00 ] ERR: (ThinkException) 非法操作:1
[ 2015-11-19T13:12:44+08:00 ] ERR: (ThinkException) 非法操作:1
[ 2015-11-19T13:12:57+08:00 ] ERR: (ThinkException) 非法操作:1
[ 2015-11-19T13:13:09+08:00 ] ERR: (ThinkException) 非法操作:1
[ 2015-11-19T13:13:15+08:00 ] ERR: (ThinkException) 非法操作:1
[ 2015-11-19T13:14:02+08:00 ] ERR: (ThinkException) 非法操作:1
[ 2015-11-19T13:14:35+08:00 ] ERR: (ThinkException) 非法操作:1
[ 2015-11-19T13:14:45+08:00 ] ERR: (ThinkException) 非法操作:1
[ 2015-11-19T13:15:02+08:00 ] ERR: (ThinkException) 非法操作:1
[ 2015-11-19T13:18:01+08:00 ] ERR: (ThinkException) 非法操作:1
[ 2015-11-19T13:35:16+08:00 ] ERR: (ThinkException) 无法加载模块:Gongying
[ 2015-11-19T16:32:51+08:00 ] ERR: (ThinkException) 非法操作:shopping_ping
[ 2015-11-19T16:33:20+08:00 ] ERR: (ThinkException) 模板不存在[./Admin/Tpl/Store/shopping_ping.html]
[ 2015-11-19T16:33:35+08:00 ] ERR: (ThinkException) 模板不存在[./Admin/Tpl/Store/shopping_ping.html]
[ 2015-11-19T16:33:58+08:00 ] ERR: (ThinkException) 非法操作:shopping_ping
[ 2015-11-19T16:34:22+08:00 ] ERR: (ThinkException) 非法操作:shopping_ping
[ 2015-11-19T17:59:18+08:00 ] ERR: (ThinkException) 非法操作:shoppingList
[ 2015-11-19T22:15:10+08:00 ] ERR: (ThinkException) 模板不存在[./Admin/Tpl/Store/ShoppingPing.html]
[ 2015-11-19T22:15:51+08:00 ] ERR: (ThinkException) 模板不存在[./Admin/Tpl/Store/ShoppingPing.html]
[ 2015-11-19T22:15:54+08:00 ] ERR: (ThinkException) 非法操作:shoppingList
[ 2015-11-19T22:27:58+08:00 ] ERR: (ThinkException) 非法操作:shoppingList
[ 2015-11-19T23:04:57+08:00 ] ERR: (ThinkException) 非法操作:shoppingTong
[ 2015-11-19T23:30:47+08:00 ] ERR: (ThinkException) 非法操作:ding
[ 2015-11-19T23:51:45+08:00 ] ERR: (ThinkException) 非法操作:ding
[ 2015-11-19T23:58:02+08:00 ] ERR: (ThinkException) 无法加载模块:Gongying
