[ 2015-11-25T17:39:43+08:00 ] ERR: (ThinkException) 非法操作:css
[ 2015-11-25T17:39:43+08:00 ] ERR: (ThinkException) 非法操作:images
[ 2015-11-25T17:39:43+08:00 ] ERR: (ThinkException) 非法操作:css
[ 2015-11-25T17:39:43+08:00 ] ERR: (ThinkException) 非法操作:images
[ 2015-11-25T17:51:26+08:00 ] ERR: (ThinkException) 非法操作:css
[ 2015-11-25T17:51:26+08:00 ] ERR: (ThinkException) 非法操作:images
[ 2015-11-25T17:51:26+08:00 ] ERR: (ThinkException) 非法操作:css
[ 2015-11-25T17:51:26+08:00 ] ERR: (ThinkException) 非法操作:images
[ 2015-11-25T17:58:45+08:00 ] ERR: (ThinkException) 非法操作:css
[ 2015-11-25T17:58:45+08:00 ] ERR: (ThinkException) 非法操作:images
[ 2015-11-25T17:58:45+08:00 ] ERR: (ThinkException) 非法操作:css
[ 2015-11-25T17:58:45+08:00 ] ERR: (ThinkException) 非法操作:images
[ 2015-11-25T22:22:19+08:00 ] ERR: (ThinkException) XML标签语法错误 : condition="gong_id eq 0"}
[ 2015-11-25T22:22:19+08:00 ] ERR: (ThinkException) 非法操作:__PUBLIC__
[ 2015-11-25T22:22:19+08:00 ] ERR: (ThinkException) 非法操作:__PUBLIC__
[ 2015-11-25T22:22:19+08:00 ] ERR: (ThinkException) 非法操作:__PUBLIC__
[ 2015-11-25T22:22:19+08:00 ] ERR: (ThinkException) 非法操作:__PUBLIC__
[ 2015-11-25T22:22:19+08:00 ] ERR: (ThinkException) 非法操作:__PUBLIC__
[ 2015-11-25T22:22:19+08:00 ] ERR: (ThinkException) 非法操作:__PUBLIC__
[ 2015-11-25T22:22:19+08:00 ] ERR: (ThinkException) 非法操作:__PUBLIC__
[ 2015-11-25T22:22:19+08:00 ] ERR: (ThinkException) 非法操作:__PUBLIC__
[ 2015-11-25T22:22:19+08:00 ] ERR: (ThinkException) 非法操作:__PUBLIC__
[ 2015-11-25T22:22:19+08:00 ] ERR: (ThinkException) 非法操作:__PUBLIC__
[ 2015-11-25T22:22:25+08:00 ] ERR: (ThinkException) XML标签语法错误 : condition="$vv.gong_id eq 0"}
[ 2015-11-25T22:22:25+08:00 ] ERR: (ThinkException) 非法操作:__PUBLIC__
[ 2015-11-25T22:22:25+08:00 ] ERR: (ThinkException) 非法操作:__PUBLIC__
[ 2015-11-25T22:22:25+08:00 ] ERR: (ThinkException) 非法操作:__PUBLIC__
[ 2015-11-25T22:22:26+08:00 ] ERR: (ThinkException) 非法操作:__PUBLIC__
[ 2015-11-25T22:22:26+08:00 ] ERR: (ThinkException) 非法操作:__PUBLIC__
[ 2015-11-25T22:22:26+08:00 ] ERR: (ThinkException) 非法操作:__PUBLIC__
[ 2015-11-25T22:22:26+08:00 ] ERR: (ThinkException) 非法操作:__PUBLIC__
[ 2015-11-25T22:22:26+08:00 ] ERR: (ThinkException) 非法操作:__PUBLIC__
[ 2015-11-25T22:22:26+08:00 ] ERR: (ThinkException) 非法操作:__PUBLIC__
[ 2015-11-25T22:22:26+08:00 ] ERR: (ThinkException) 非法操作:__PUBLIC__
[ 2015-11-25T22:22:26+08:00 ] ERR: (ThinkException) 非法操作:__PUBLIC__
[ 2015-11-25T22:22:26+08:00 ] ERR: (ThinkException) 非法操作:__PUBLIC__
[ 2015-11-25T22:22:31+08:00 ] ERR: (ThinkException) XML标签语法错误 : condition="vv.gong_id eq 0"}
[ 2015-11-25T22:22:31+08:00 ] ERR: (ThinkException) 非法操作:__PUBLIC__
[ 2015-11-25T22:22:31+08:00 ] ERR: (ThinkException) 非法操作:__PUBLIC__
[ 2015-11-25T22:22:31+08:00 ] ERR: (ThinkException) 非法操作:__PUBLIC__
[ 2015-11-25T22:22:31+08:00 ] ERR: (ThinkException) 非法操作:__PUBLIC__
[ 2015-11-25T22:22:31+08:00 ] ERR: (ThinkException) 非法操作:__PUBLIC__
[ 2015-11-25T22:22:31+08:00 ] ERR: (ThinkException) 非法操作:__PUBLIC__
[ 2015-11-25T22:22:31+08:00 ] ERR: (ThinkException) 非法操作:__PUBLIC__
[ 2015-11-25T22:22:31+08:00 ] ERR: (ThinkException) 非法操作:__PUBLIC__
[ 2015-11-25T22:22:31+08:00 ] ERR: (ThinkException) 非法操作:__PUBLIC__
[ 2015-11-25T22:22:31+08:00 ] ERR: (ThinkException) 非法操作:__PUBLIC__
[ 2015-11-25T22:23:18+08:00 ] ERR: (ThinkException) XML标签语法错误 : condition="$gong_id eq 0"}
[ 2015-11-25T22:23:18+08:00 ] ERR: (ThinkException) 非法操作:__PUBLIC__
[ 2015-11-25T22:23:18+08:00 ] ERR: (ThinkException) 非法操作:__PUBLIC__
[ 2015-11-25T22:23:18+08:00 ] ERR: (ThinkException) 非法操作:__PUBLIC__
[ 2015-11-25T22:23:18+08:00 ] ERR: (ThinkException) 非法操作:__PUBLIC__
[ 2015-11-25T22:23:19+08:00 ] ERR: (ThinkException) 非法操作:__PUBLIC__
[ 2015-11-25T22:23:19+08:00 ] ERR: (ThinkException) 非法操作:__PUBLIC__
[ 2015-11-25T22:23:19+08:00 ] ERR: (ThinkException) 非法操作:__PUBLIC__
[ 2015-11-25T22:23:19+08:00 ] ERR: (ThinkException) 非法操作:__PUBLIC__
[ 2015-11-25T22:23:19+08:00 ] ERR: (ThinkException) 非法操作:__PUBLIC__
[ 2015-11-25T22:23:19+08:00 ] ERR: (ThinkException) 非法操作:__PUBLIC__
[ 2015-11-25T22:23:19+08:00 ] ERR: (ThinkException) 非法操作:__PUBLIC__
[ 2015-11-25T22:23:19+08:00 ] ERR: (ThinkException) 非法操作:__PUBLIC__
[ 2015-11-25T22:23:33+08:00 ] ERR: (ThinkException) XML标签语法错误 : condition="$vv.gong_id eq 0"}
[ 2015-11-25T22:23:33+08:00 ] ERR: (ThinkException) 非法操作:__PUBLIC__
[ 2015-11-25T22:23:33+08:00 ] ERR: (ThinkException) 非法操作:__PUBLIC__
[ 2015-11-25T22:23:33+08:00 ] ERR: (ThinkException) 非法操作:__PUBLIC__
[ 2015-11-25T22:23:33+08:00 ] ERR: (ThinkException) 非法操作:__PUBLIC__
[ 2015-11-25T22:23:33+08:00 ] ERR: (ThinkException) 非法操作:__PUBLIC__
[ 2015-11-25T22:23:33+08:00 ] ERR: (ThinkException) 非法操作:__PUBLIC__
[ 2015-11-25T22:23:33+08:00 ] ERR: (ThinkException) 非法操作:__PUBLIC__
[ 2015-11-25T22:23:33+08:00 ] ERR: (ThinkException) 非法操作:__PUBLIC__
[ 2015-11-25T22:23:33+08:00 ] ERR: (ThinkException) 非法操作:__PUBLIC__
[ 2015-11-25T22:25:17+08:00 ] ERR: (ThinkException) XML标签语法错误 : condition="$vv.gong_id eq 0"}
[ 2015-11-25T22:25:17+08:00 ] ERR: (ThinkException) 非法操作:__PUBLIC__
[ 2015-11-25T22:25:17+08:00 ] ERR: (ThinkException) 非法操作:__PUBLIC__
[ 2015-11-25T22:25:17+08:00 ] ERR: (ThinkException) 非法操作:__PUBLIC__
[ 2015-11-25T22:25:17+08:00 ] ERR: (ThinkException) 非法操作:__PUBLIC__
[ 2015-11-25T22:25:17+08:00 ] ERR: (ThinkException) 非法操作:__PUBLIC__
[ 2015-11-25T22:25:17+08:00 ] ERR: (ThinkException) 非法操作:__PUBLIC__
[ 2015-11-25T22:25:17+08:00 ] ERR: (ThinkException) 非法操作:__PUBLIC__
[ 2015-11-25T22:25:17+08:00 ] ERR: (ThinkException) 非法操作:__PUBLIC__
[ 2015-11-25T22:25:17+08:00 ] ERR: (ThinkException) 非法操作:__PUBLIC__
[ 2015-11-25T22:25:17+08:00 ] ERR: (ThinkException) 非法操作:__PUBLIC__
[ 2015-11-25T22:25:17+08:00 ] ERR: (ThinkException) 非法操作:__PUBLIC__
[ 2015-11-25T22:25:26+08:00 ] ERR: (ThinkException) XML标签语法错误 : condition="$username eq 0"}
[ 2015-11-25T22:25:26+08:00 ] ERR: (ThinkException) 非法操作:__PUBLIC__
[ 2015-11-25T22:25:26+08:00 ] ERR: (ThinkException) 非法操作:__PUBLIC__
[ 2015-11-25T22:25:26+08:00 ] ERR: (ThinkException) 非法操作:__PUBLIC__
[ 2015-11-25T22:25:26+08:00 ] ERR: (ThinkException) 非法操作:__PUBLIC__
[ 2015-11-25T22:25:26+08:00 ] ERR: (ThinkException) 非法操作:__PUBLIC__
[ 2015-11-25T22:25:26+08:00 ] ERR: (ThinkException) 非法操作:__PUBLIC__
[ 2015-11-25T22:25:26+08:00 ] ERR: (ThinkException) 非法操作:__PUBLIC__
[ 2015-11-25T22:25:26+08:00 ] ERR: (ThinkException) 非法操作:__PUBLIC__
[ 2015-11-25T22:25:26+08:00 ] ERR: (ThinkException) 非法操作:__PUBLIC__
[ 2015-11-25T22:25:58+08:00 ] ERR: (ThinkException) XML标签语法错误 : condition="$gong_id eq 0"}
[ 2015-11-25T22:25:58+08:00 ] ERR: (ThinkException) 非法操作:__PUBLIC__
[ 2015-11-25T22:25:58+08:00 ] ERR: (ThinkException) 非法操作:__PUBLIC__
[ 2015-11-25T22:25:58+08:00 ] ERR: (ThinkException) 非法操作:__PUBLIC__
[ 2015-11-25T22:25:58+08:00 ] ERR: (ThinkException) 非法操作:__PUBLIC__
[ 2015-11-25T22:25:58+08:00 ] ERR: (ThinkException) 非法操作:__PUBLIC__
[ 2015-11-25T22:25:58+08:00 ] ERR: (ThinkException) 非法操作:__PUBLIC__
[ 2015-11-25T22:25:58+08:00 ] ERR: (ThinkException) 非法操作:__PUBLIC__
[ 2015-11-25T22:25:59+08:00 ] ERR: (ThinkException) 非法操作:__PUBLIC__
[ 2015-11-25T22:25:59+08:00 ] ERR: (ThinkException) 非法操作:__PUBLIC__
[ 2015-11-25T22:26:02+08:00 ] ERR: (ThinkException) XML标签语法错误 : condition="gong_id eq 0"}
[ 2015-11-25T22:26:02+08:00 ] ERR: (ThinkException) 非法操作:__PUBLIC__
[ 2015-11-25T22:26:02+08:00 ] ERR: (ThinkException) 非法操作:__PUBLIC__
[ 2015-11-25T22:26:02+08:00 ] ERR: (ThinkException) 非法操作:__PUBLIC__
[ 2015-11-25T22:26:02+08:00 ] ERR: (ThinkException) 非法操作:__PUBLIC__
[ 2015-11-25T22:26:02+08:00 ] ERR: (ThinkException) 非法操作:__PUBLIC__
[ 2015-11-25T22:26:02+08:00 ] ERR: (ThinkException) 非法操作:__PUBLIC__
[ 2015-11-25T22:26:02+08:00 ] ERR: (ThinkException) 非法操作:__PUBLIC__
[ 2015-11-25T22:26:02+08:00 ] ERR: (ThinkException) 非法操作:__PUBLIC__
[ 2015-11-25T22:26:02+08:00 ] ERR: (ThinkException) 非法操作:__PUBLIC__
[ 2015-11-25T22:26:02+08:00 ] ERR: (ThinkException) 非法操作:__PUBLIC__
[ 2015-11-25T22:26:05+08:00 ] ERR: (ThinkException) XML标签语法错误 : condition="gong_id eq 0"}
[ 2015-11-25T22:26:05+08:00 ] ERR: (ThinkException) 非法操作:__PUBLIC__
[ 2015-11-25T22:26:05+08:00 ] ERR: (ThinkException) 非法操作:__PUBLIC__
[ 2015-11-25T22:26:05+08:00 ] ERR: (ThinkException) 非法操作:__PUBLIC__
[ 2015-11-25T22:26:05+08:00 ] ERR: (ThinkException) 非法操作:__PUBLIC__
[ 2015-11-25T22:26:05+08:00 ] ERR: (ThinkException) 非法操作:__PUBLIC__
[ 2015-11-25T22:26:05+08:00 ] ERR: (ThinkException) 非法操作:__PUBLIC__
[ 2015-11-25T22:26:05+08:00 ] ERR: (ThinkException) 非法操作:__PUBLIC__
[ 2015-11-25T22:26:05+08:00 ] ERR: (ThinkException) 非法操作:__PUBLIC__
[ 2015-11-25T22:26:05+08:00 ] ERR: (ThinkException) 非法操作:__PUBLIC__
[ 2015-11-25T22:26:05+08:00 ] ERR: (ThinkException) 非法操作:__PUBLIC__
[ 2015-11-25T22:26:45+08:00 ] ERR: (ThinkException) XML标签语法错误 : condition="$vv.gong_id eq 0"}
[ 2015-11-25T22:26:45+08:00 ] ERR: (ThinkException) 非法操作:__PUBLIC__
[ 2015-11-25T22:26:45+08:00 ] ERR: (ThinkException) 非法操作:__PUBLIC__
[ 2015-11-25T22:26:45+08:00 ] ERR: (ThinkException) 非法操作:__PUBLIC__
[ 2015-11-25T22:26:45+08:00 ] ERR: (ThinkException) 非法操作:__PUBLIC__
[ 2015-11-25T22:26:45+08:00 ] ERR: (ThinkException) 非法操作:__PUBLIC__
[ 2015-11-25T22:26:45+08:00 ] ERR: (ThinkException) 非法操作:__PUBLIC__
[ 2015-11-25T22:26:45+08:00 ] ERR: (ThinkException) 非法操作:__PUBLIC__
[ 2015-11-25T22:26:45+08:00 ] ERR: (ThinkException) 非法操作:__PUBLIC__
[ 2015-11-25T22:26:45+08:00 ] ERR: (ThinkException) 非法操作:__PUBLIC__
[ 2015-11-25T22:26:45+08:00 ] ERR: (ThinkException) 非法操作:__PUBLIC__
[ 2015-11-25T22:45:47+08:00 ] ERR: (ThinkException) XML标签语法错误 : name="<{$vv.gong_id}
[ 2015-11-25T22:45:47+08:00 ] ERR: (ThinkException) 非法操作:__PUBLIC__
[ 2015-11-25T22:45:47+08:00 ] ERR: (ThinkException) 非法操作:__PUBLIC__
[ 2015-11-25T22:45:47+08:00 ] ERR: (ThinkException) 非法操作:__PUBLIC__
[ 2015-11-25T22:45:47+08:00 ] ERR: (ThinkException) 非法操作:__PUBLIC__
[ 2015-11-25T22:45:47+08:00 ] ERR: (ThinkException) 非法操作:__PUBLIC__
[ 2015-11-25T22:45:47+08:00 ] ERR: (ThinkException) 非法操作:__PUBLIC__
[ 2015-11-25T22:45:47+08:00 ] ERR: (ThinkException) 非法操作:__PUBLIC__
[ 2015-11-25T22:45:47+08:00 ] ERR: (ThinkException) 非法操作:__PUBLIC__
[ 2015-11-25T22:45:47+08:00 ] ERR: (ThinkException) 非法操作:__PUBLIC__
[ 2015-11-25T22:45:47+08:00 ] ERR: (ThinkException) 非法操作:__PUBLIC__
[ 2015-11-25T22:45:47+08:00 ] ERR: (ThinkException) 非法操作:__PUBLIC__
[ 2015-11-25T22:45:47+08:00 ] ERR: (ThinkException) 非法操作:__PUBLIC__
[ 2015-11-25T22:47:45+08:00 ] ERR: (ThinkException) XML标签语法错误 : name="<{$vv.gong_id}
[ 2015-11-25T22:47:45+08:00 ] ERR: (ThinkException) 非法操作:__PUBLIC__
[ 2015-11-25T22:47:45+08:00 ] ERR: (ThinkException) 非法操作:__PUBLIC__
[ 2015-11-25T22:47:45+08:00 ] ERR: (ThinkException) 非法操作:__PUBLIC__
[ 2015-11-25T22:47:45+08:00 ] ERR: (ThinkException) 非法操作:__PUBLIC__
[ 2015-11-25T22:47:45+08:00 ] ERR: (ThinkException) 非法操作:__PUBLIC__
[ 2015-11-25T22:47:45+08:00 ] ERR: (ThinkException) 非法操作:__PUBLIC__
[ 2015-11-25T22:47:45+08:00 ] ERR: (ThinkException) 非法操作:__PUBLIC__
[ 2015-11-25T22:47:45+08:00 ] ERR: (ThinkException) 非法操作:__PUBLIC__
[ 2015-11-25T22:47:45+08:00 ] ERR: (ThinkException) 非法操作:__PUBLIC__
[ 2015-11-25T22:47:45+08:00 ] ERR: (ThinkException) 非法操作:__PUBLIC__
[ 2015-11-25T22:53:22+08:00 ] ERR: (ThinkException) XML标签语法错误 : name="<{$is_kai}
[ 2015-11-25T22:53:22+08:00 ] ERR: (ThinkException) 非法操作:__PUBLIC__
[ 2015-11-25T22:53:22+08:00 ] ERR: (ThinkException) 非法操作:__PUBLIC__
[ 2015-11-25T22:53:22+08:00 ] ERR: (ThinkException) 非法操作:__PUBLIC__
[ 2015-11-25T22:53:22+08:00 ] ERR: (ThinkException) 非法操作:__PUBLIC__
[ 2015-11-25T22:53:22+08:00 ] ERR: (ThinkException) 非法操作:__PUBLIC__
[ 2015-11-25T22:53:22+08:00 ] ERR: (ThinkException) 非法操作:__PUBLIC__
[ 2015-11-25T22:53:22+08:00 ] ERR: (ThinkException) 非法操作:__PUBLIC__
[ 2015-11-25T22:53:22+08:00 ] ERR: (ThinkException) 非法操作:__PUBLIC__
[ 2015-11-25T22:53:22+08:00 ] ERR: (ThinkException) 非法操作:__PUBLIC__
[ 2015-11-25T22:53:22+08:00 ] ERR: (ThinkException) 非法操作:__PUBLIC__
[ 2015-11-25T22:53:28+08:00 ] ERR: (ThinkException) XML标签语法错误 : name="<{$vv.is_kai}
[ 2015-11-25T22:53:28+08:00 ] ERR: (ThinkException) 非法操作:__PUBLIC__
[ 2015-11-25T22:53:29+08:00 ] ERR: (ThinkException) 非法操作:__PUBLIC__
[ 2015-11-25T22:53:29+08:00 ] ERR: (ThinkException) 非法操作:__PUBLIC__
[ 2015-11-25T22:53:29+08:00 ] ERR: (ThinkException) 非法操作:__PUBLIC__
[ 2015-11-25T22:53:29+08:00 ] ERR: (ThinkException) 非法操作:__PUBLIC__
[ 2015-11-25T22:53:29+08:00 ] ERR: (ThinkException) 非法操作:__PUBLIC__
[ 2015-11-25T22:53:29+08:00 ] ERR: (ThinkException) 非法操作:__PUBLIC__
[ 2015-11-25T22:53:29+08:00 ] ERR: (ThinkException) 非法操作:__PUBLIC__
[ 2015-11-25T22:53:29+08:00 ] ERR: (ThinkException) 非法操作:__PUBLIC__
[ 2015-11-25T22:53:29+08:00 ] ERR: (ThinkException) 非法操作:__PUBLIC__
[ 2015-11-25T22:53:29+08:00 ] ERR: (ThinkException) 非法操作:__PUBLIC__
[ 2015-11-25T22:53:29+08:00 ] ERR: (ThinkException) 非法操作:__PUBLIC__
[ 2015-11-25T23:04:42+08:00 ] ERR: (ThinkException) 无法加载模块:store
[ 2015-11-25T23:19:30+08:00 ] ERR: (ThinkException) 非法操作:ok
[ 2015-11-25T23:38:26+08:00 ] ERR: (ThinkException) 非法操作:fengdian
[ 2015-11-25T23:38:44+08:00 ] ERR: (ThinkException) 非法操作:fengdian
