[ 2017-01-07T11:44:47+08:00 ] ::1 /lanyueOS/MDBlog-Alpha/index.php?m=Home&c=Article&a=pushArticle
INFO: [ app_begin ] --START--
INFO: Run Behavior\ReadHtmlCacheBehavior [ RunTime:0.001000s ]
INFO: [ app_begin ] --END-- [ RunTime:0.001000s ]
NOTIC: [8] Undefined offset: 1483760687 D:\wamp\www\lanyueOS\thinkphp3.2.3\ThinkPHP\Library\Org\Md\varConfig.class.php 第 36 行.

[ 2017-01-07T11:44:49+08:00 ] ::1 /lanyueOS/MDBlog-Alpha/index.php?m=Home&c=Article&a=markdown&url=MjAxNy0wMS0wNy9jYjA4ZGViZjlkNDVhMzNlYTk3YjU0NWJmNzEzMDc3Nw%3D%3D
INFO: [ app_begin ] --START--
INFO: Run Behavior\ReadHtmlCacheBehavior [ RunTime:0.002000s ]
INFO: [ app_begin ] --END-- [ RunTime:0.004001s ]

[ 2017-01-07T11:46:25+08:00 ] ::1 /lanyueOS/MDBlog-Alpha/index.php?m=Home&c=Article&a=pushArticle
INFO: [ app_begin ] --START--
INFO: Run Behavior\ReadHtmlCacheBehavior [ RunTime:0.001000s ]
INFO: [ app_begin ] --END-- [ RunTime:0.001000s ]
NOTIC: [8] Undefined offset: 1483760785 D:\wamp\www\lanyueOS\thinkphp3.2.3\ThinkPHP\Library\Org\Md\varConfig.class.php 第 36 行.

[ 2017-01-07T11:46:26+08:00 ] ::1 /lanyueOS/MDBlog-Alpha/index.php?m=Home&c=Article&a=markdown&url=MjAxNy0wMS0wNy8zYWUxMmM4MzVhMjZmNDI1YTg1MDMzOWY0YWVmNjNkMA%3D%3D
INFO: [ app_begin ] --START--
INFO: Run Behavior\ReadHtmlCacheBehavior [ RunTime:0.000000s ]
INFO: [ app_begin ] --END-- [ RunTime:0.001000s ]

[ 2017-01-07T11:47:09+08:00 ] ::1 /lanyueOS/MDBlog-Alpha/index.php?m=Home&c=Article&a=pushArticle
INFO: [ app_begin ] --START--
INFO: Run Behavior\ReadHtmlCacheBehavior [ RunTime:0.001001s ]
INFO: [ app_begin ] --END-- [ RunTime:0.002001s ]
NOTIC: [8] Undefined offset: 1483760829 D:\wamp\www\lanyueOS\thinkphp3.2.3\ThinkPHP\Library\Org\Md\varConfig.class.php 第 36 行.

[ 2017-01-07T11:47:10+08:00 ] ::1 /lanyueOS/MDBlog-Alpha/index.php?m=Home&c=Article&a=markdown&url=MjAxNy0wMS0wNy85NmM5MDEyZWJhNDY5YzFkMjU0ODBkZmY3N2IzMzg1Zg%3D%3D
INFO: [ app_begin ] --START--
INFO: Run Behavior\ReadHtmlCacheBehavior [ RunTime:0.002000s ]
INFO: [ app_begin ] --END-- [ RunTime:0.004000s ]

[ 2017-01-07T11:49:01+08:00 ] ::1 /lanyueOS/MDBlog-Alpha/index.php?m=Home&c=Article&a=pushArticle
INFO: [ app_begin ] --START--
INFO: Run Behavior\ReadHtmlCacheBehavior [ RunTime:0.000000s ]
INFO: [ app_begin ] --END-- [ RunTime:0.001000s ]
NOTIC: [8] Undefined offset: 1483760941 D:\wamp\www\lanyueOS\thinkphp3.2.3\ThinkPHP\Library\Org\Md\varConfig.class.php 第 36 行.

[ 2017-01-07T11:49:03+08:00 ] ::1 /lanyueOS/MDBlog-Alpha/index.php?m=Home&c=Article&a=markdown&url=MjAxNy0wMS0wNy8zZmNhZWNlMjZhZTRlMTVlOTUzOTI2ZDViYWQyYWQyYQ%3D%3D
INFO: [ app_begin ] --START--
INFO: Run Behavior\ReadHtmlCacheBehavior [ RunTime:0.000000s ]
INFO: [ app_begin ] --END-- [ RunTime:0.002000s ]

[ 2017-01-07T11:49:41+08:00 ] ::1 /lanyueOS/MDBlog-Alpha/index.php?m=Home&c=Article&a=pushArticle
INFO: [ app_begin ] --START--
INFO: Run Behavior\ReadHtmlCacheBehavior [ RunTime:0.001000s ]
INFO: [ app_begin ] --END-- [ RunTime:0.002000s ]
NOTIC: [8] Undefined offset: 1483760981 D:\wamp\www\lanyueOS\thinkphp3.2.3\ThinkPHP\Library\Org\Md\varConfig.class.php 第 36 行.

[ 2017-01-07T11:49:43+08:00 ] ::1 /lanyueOS/MDBlog-Alpha/index.php?m=Home&c=Article&a=markdown&url=MjAxNy0wMS0wNy9iN2E5N2I1NjAxNWYwOTQzZGJkYjNmNDc4ZWRmM2ZjZA%3D%3D
INFO: [ app_begin ] --START--
INFO: Run Behavior\ReadHtmlCacheBehavior [ RunTime:0.001000s ]
INFO: [ app_begin ] --END-- [ RunTime:0.002000s ]

[ 2017-01-07T11:50:30+08:00 ] ::1 /lanyueOS/MDBlog-Alpha/index.php?m=Home&c=Article&a=pushArticle
INFO: [ app_begin ] --START--
INFO: Run Behavior\ReadHtmlCacheBehavior [ RunTime:0.001001s ]
INFO: [ app_begin ] --END-- [ RunTime:0.001001s ]
NOTIC: [8] Undefined offset: 1483761030 D:\wamp\www\lanyueOS\thinkphp3.2.3\ThinkPHP\Library\Org\Md\varConfig.class.php 第 36 行.

[ 2017-01-07T11:50:31+08:00 ] ::1 /lanyueOS/MDBlog-Alpha/index.php?m=Home&c=Article&a=markdown&url=MjAxNy0wMS0wNy8wMzc2NGQyMmEyZDBiYWY5ZWJmZGQ3NzljZDAyYTJmZQ%3D%3D
INFO: [ app_begin ] --START--
INFO: Run Behavior\ReadHtmlCacheBehavior [ RunTime:0.000000s ]
INFO: [ app_begin ] --END-- [ RunTime:0.001000s ]

[ 2017-01-07T13:06:25+08:00 ] ::1 /lanyueOS/MDBlog-Alpha/index.php?m=Home&c=Article&a=markdown&url=MjAxNy0wMS0wNy8wMzc2NGQyMmEyZDBiYWY5ZWJmZGQ3NzljZDAyYTJmZQ%3D%3D
INFO: [ app_begin ] --START--
INFO: Run Behavior\ReadHtmlCacheBehavior [ RunTime:0.006001s ]
INFO: [ app_begin ] --END-- [ RunTime:0.048003s ]

[ 2017-01-07T14:50:54+08:00 ] ::1 /lanyueOS/MDBlog-Alpha/index.php?m=Home&c=Article&a=markdown&url=MjAxNy0wMS0wNy8wMzc2NGQyMmEyZDBiYWY5ZWJmZGQ3NzljZDAyYTJmZQ%3D%3D
INFO: [ app_begin ] --START--
INFO: Run Behavior\ReadHtmlCacheBehavior [ RunTime:0.001000s ]
INFO: [ app_begin ] --END-- [ RunTime:0.002000s ]

[ 2017-01-07T16:22:35+08:00 ] ::1 /lanyueOS/MDBlog-Alpha/index.php?m=Home&c=Article&a=markdown&url=MjAxNy0wMS0wNy8wMzc2NGQyMmEyZDBiYWY5ZWJmZGQ3NzljZDAyYTJmZQ%3D%3D
INFO: [ app_begin ] --START--
INFO: Run Behavior\ReadHtmlCacheBehavior [ RunTime:0.002000s ]
INFO: [ app_begin ] --END-- [ RunTime:0.003000s ]

