[ 2017-01-06T11:13:35+08:00 ] ::1 /lanyueOS/MDBlog-Alpha/index.php?m=Home&c=Article&a=markdown&url=MjAxNS0xMi0yMi8xNjJjOTEzMDA4Y2UzNDU3MmUzZTE3YmNkNDU5YThiZA%3D%3D
INFO: [ app_begin ] --START--
INFO: Run Behavior\ReadHtmlCacheBehavior [ RunTime:0.002001s ]
INFO: [ app_begin ] --END-- [ RunTime:0.005001s ]

[ 2017-01-06T11:20:35+08:00 ] ::1 /lanyueOS/MDBlog-Alpha/index.php?m=Home&c=Article&a=pushArticle
INFO: [ app_begin ] --START--
INFO: Run Behavior\ReadHtmlCacheBehavior [ RunTime:0.001000s ]
INFO: [ app_begin ] --END-- [ RunTime:0.001000s ]

[ 2017-01-06T11:20:36+08:00 ] ::1 /lanyueOS/MDBlog-Alpha/index.php?m=Home&c=Article&a=markdown&url=MjAxNy0wMS0wNi85YzQ0NTVlNDcxZmI0NzQ5ODE5MTFkYzFjNGM0MDgxZg%3D%3D
INFO: [ app_begin ] --START--
INFO: Run Behavior\ReadHtmlCacheBehavior [ RunTime:0.002000s ]
INFO: [ app_begin ] --END-- [ RunTime:0.002000s ]

[ 2017-01-06T11:20:48+08:00 ] ::1 /lanyueOS/MDBlog-Alpha/index.php?m=Home&c=Article&a=markdown&url=MjAxNy0wMS0wNi85YzQ0NTVlNDcxZmI0NzQ5ODE5MTFkYzFjNGM0MDgxZg%3D%3D
INFO: [ app_begin ] --START--
INFO: Run Behavior\ReadHtmlCacheBehavior [ RunTime:0.001000s ]
INFO: [ app_begin ] --END-- [ RunTime:0.001000s ]

[ 2017-01-06T12:31:44+08:00 ] ::1 /lanyueOS/MDBlog-Alpha/index.php?m=Home&c=Article&a=pushArticle
INFO: [ app_begin ] --START--
INFO: Run Behavior\ReadHtmlCacheBehavior [ RunTime:0.001000s ]
INFO: [ app_begin ] --END-- [ RunTime:0.002000s ]
NOTIC: [8] Undefined offset: 1483677104 D:\wamp\www\lanyueOS\thinkphp3.2.3\ThinkPHP\Library\Org\Md\varConfig.class.php 第 36 行.

[ 2017-01-06T12:31:46+08:00 ] ::1 /lanyueOS/MDBlog-Alpha/index.php?m=Home&c=Article&a=markdown&url=MjAxNy0wMS0wNi81YTkwNzgwNjZlMWZiOGRiNWUyYzIwNjM5OTlmNmI1Yg%3D%3D
INFO: [ app_begin ] --START--
INFO: Run Behavior\ReadHtmlCacheBehavior [ RunTime:0.003000s ]
INFO: [ app_begin ] --END-- [ RunTime:0.003000s ]

[ 2017-01-06T12:32:40+08:00 ] ::1 /lanyueOS/MDBlog-Alpha/index.php?m=Home&c=Article&a=markdown&url=MjAxNy0wMS0wNi81YTkwNzgwNjZlMWZiOGRiNWUyYzIwNjM5OTlmNmI1Yg%3D%3D
INFO: [ app_begin ] --START--
INFO: Run Behavior\ReadHtmlCacheBehavior [ RunTime:0.001000s ]
INFO: [ app_begin ] --END-- [ RunTime:0.001000s ]

[ 2017-01-06T12:32:56+08:00 ] ::1 /lanyueOS/MDBlog-Alpha/index.php?m=Home&c=Article&a=pushArticle
INFO: [ app_begin ] --START--
INFO: Run Behavior\ReadHtmlCacheBehavior [ RunTime:0.002000s ]
INFO: [ app_begin ] --END-- [ RunTime:0.003000s ]

[ 2017-01-06T12:32:57+08:00 ] ::1 /lanyueOS/MDBlog-Alpha/index.php?m=Home&c=Article&a=markdown&url=MjAxNy0wMS0wNi81YTkwNzgwNjZlMWZiOGRiNWUyYzIwNjM5OTlmNmI1Yg%3D%3D
INFO: [ app_begin ] --START--
INFO: Run Behavior\ReadHtmlCacheBehavior [ RunTime:0.001000s ]
INFO: [ app_begin ] --END-- [ RunTime:0.002000s ]

[ 2017-01-06T12:33:18+08:00 ] ::1 /lanyueOS/MDBlog-Alpha/index.php?m=Home&c=Article&a=markdown&url=MjAxNy0wMS0wNi81YTkwNzgwNjZlMWZiOGRiNWUyYzIwNjM5OTlmNmI1Yg%3D%3D
INFO: [ app_begin ] --START--
INFO: Run Behavior\ReadHtmlCacheBehavior [ RunTime:0.001000s ]
INFO: [ app_begin ] --END-- [ RunTime:0.001000s ]

[ 2017-01-06T12:34:16+08:00 ] ::1 /lanyueOS/MDBlog-Alpha/index.php?m=Home&c=Article&a=pushArticle
INFO: [ app_begin ] --START--
INFO: Run Behavior\ReadHtmlCacheBehavior [ RunTime:0.000000s ]
INFO: [ app_begin ] --END-- [ RunTime:0.001000s ]

[ 2017-01-06T12:34:18+08:00 ] ::1 /lanyueOS/MDBlog-Alpha/index.php?m=Home&c=Article&a=markdown&url=MjAxNy0wMS0wNi81YTkwNzgwNjZlMWZiOGRiNWUyYzIwNjM5OTlmNmI1Yg%3D%3D
INFO: [ app_begin ] --START--
INFO: Run Behavior\ReadHtmlCacheBehavior [ RunTime:0.001000s ]
INFO: [ app_begin ] --END-- [ RunTime:0.002000s ]

[ 2017-01-06T14:22:18+08:00 ] ::1 /lanyueOS/MDBlog-Alpha/index.php?m=Home&c=Article&a=pushArticle
INFO: [ app_begin ] --START--
INFO: Run Behavior\ReadHtmlCacheBehavior [ RunTime:0.001000s ]
INFO: [ app_begin ] --END-- [ RunTime:0.001000s ]
NOTIC: [8] Undefined offset: 1483683738 D:\wamp\www\lanyueOS\thinkphp3.2.3\ThinkPHP\Library\Org\Md\varConfig.class.php 第 36 行.

[ 2017-01-06T14:22:19+08:00 ] ::1 /lanyueOS/MDBlog-Alpha/index.php?m=Home&c=Article&a=markdown&url=MjAxNy0wMS0wNi85MTQ5YmM0MmViM2U1MTYwODM2OThlZDYzMzNiZWJlYg%3D%3D
INFO: [ app_begin ] --START--
INFO: Run Behavior\ReadHtmlCacheBehavior [ RunTime:0.001000s ]
INFO: [ app_begin ] --END-- [ RunTime:0.003000s ]

[ 2017-01-06T14:56:03+08:00 ] ::1 /lanyueOS/MDBlog-Alpha/index.php?m=Home&c=Article&a=markdown&url=MjAxNy0wMS0wNi85MTQ5YmM0MmViM2U1MTYwODM2OThlZDYzMzNiZWJlYg%3D%3D
INFO: [ app_begin ] --START--
INFO: Run Behavior\ReadHtmlCacheBehavior [ RunTime:0.001000s ]
INFO: [ app_begin ] --END-- [ RunTime:0.001000s ]

[ 2017-01-06T15:40:24+08:00 ] ::1 /lanyueOS/MDBlog-Alpha/index.php?m=Home&c=Article&a=pushArticle
INFO: [ app_begin ] --START--
INFO: Run Behavior\ReadHtmlCacheBehavior [ RunTime:0.001000s ]
INFO: [ app_begin ] --END-- [ RunTime:0.002000s ]
NOTIC: [8] Undefined offset: 1483688423 D:\wamp\www\lanyueOS\thinkphp3.2.3\ThinkPHP\Library\Org\Md\varConfig.class.php 第 36 行.

[ 2017-01-06T15:40:25+08:00 ] ::1 /lanyueOS/MDBlog-Alpha/index.php?m=Home&c=Article&a=markdown&url=MjAxNy0wMS0wNi9kMzAwZTBkZTc5ZjVjZDMxZGQ4OTc2NjEyYWY2MzMxYg%3D%3D
INFO: [ app_begin ] --START--
INFO: Run Behavior\ReadHtmlCacheBehavior [ RunTime:0.001000s ]
INFO: [ app_begin ] --END-- [ RunTime:0.001000s ]

[ 2017-01-06T16:24:26+08:00 ] ::1 /lanyueOS/MDBlog-Alpha/index.php?m=Home&c=Article&a=pushArticle
INFO: [ app_begin ] --START--
INFO: Run Behavior\ReadHtmlCacheBehavior [ RunTime:0.001000s ]
INFO: [ app_begin ] --END-- [ RunTime:0.001000s ]
NOTIC: [8] Undefined offset: 1483691066 D:\wamp\www\lanyueOS\thinkphp3.2.3\ThinkPHP\Library\Org\Md\varConfig.class.php 第 36 行.

[ 2017-01-06T16:24:28+08:00 ] ::1 /lanyueOS/MDBlog-Alpha/index.php?m=Home&c=Article&a=markdown&url=MjAxNy0wMS0wNi9jNmFkZmQ5ZjViY2E4MDI5ZWE2MzMzMDFlZjZiYzBhMQ%3D%3D
INFO: [ app_begin ] --START--
INFO: Run Behavior\ReadHtmlCacheBehavior [ RunTime:0.000000s ]
INFO: [ app_begin ] --END-- [ RunTime:0.001000s ]

[ 2017-01-06T20:09:03+08:00 ] ::1 /lanyueOS/MDBlog-Alpha/index.php?m=Home&c=Article&a=pushArticle
INFO: [ app_begin ] --START--
INFO: Run Behavior\ReadHtmlCacheBehavior [ RunTime:0.001000s ]
INFO: [ app_begin ] --END-- [ RunTime:0.003000s ]
NOTIC: [8] Undefined offset: 1483704543 D:\wamp\www\lanyueOS\thinkphp3.2.3\ThinkPHP\Library\Org\Md\varConfig.class.php 第 36 行.

[ 2017-01-06T20:09:05+08:00 ] ::1 /lanyueOS/MDBlog-Alpha/index.php?m=Home&c=Article&a=markdown&url=MjAxNy0wMS0wNi84NDlmODhkOTljZTQyMGYxOGJkOTM2ZDE1ZmE1YmI1ZA%3D%3D
INFO: [ app_begin ] --START--
INFO: Run Behavior\ReadHtmlCacheBehavior [ RunTime:0.003000s ]
INFO: [ app_begin ] --END-- [ RunTime:0.004000s ]

[ 2017-01-06T21:02:42+08:00 ] ::1 /lanyueOS/MDBlog-Alpha/index.php?m=Home&c=Article&a=pushArticle
INFO: [ app_begin ] --START--
INFO: Run Behavior\ReadHtmlCacheBehavior [ RunTime:0.001000s ]
INFO: [ app_begin ] --END-- [ RunTime:0.002000s ]
NOTIC: [8] Undefined offset: 1483707762 D:\wamp\www\lanyueOS\thinkphp3.2.3\ThinkPHP\Library\Org\Md\varConfig.class.php 第 36 行.

[ 2017-01-06T21:02:44+08:00 ] ::1 /lanyueOS/MDBlog-Alpha/index.php?m=Home&c=Article&a=markdown&url=MjAxNy0wMS0wNi9iOTdlODFjMzc1MmE3NGY0NWIxNDNkZWZmNDNmM2Q5MQ%3D%3D
INFO: [ app_begin ] --START--
INFO: Run Behavior\ReadHtmlCacheBehavior [ RunTime:0.030001s ]
INFO: [ app_begin ] --END-- [ RunTime:0.031001s ]

[ 2017-01-06T21:04:07+08:00 ] ::1 /lanyueOS/MDBlog-Alpha/index.php?m=Home&c=Article&a=pushArticle
INFO: [ app_begin ] --START--
INFO: Run Behavior\ReadHtmlCacheBehavior [ RunTime:0.001000s ]
INFO: [ app_begin ] --END-- [ RunTime:0.002000s ]
NOTIC: [8] Undefined offset: 1483707847 D:\wamp\www\lanyueOS\thinkphp3.2.3\ThinkPHP\Library\Org\Md\varConfig.class.php 第 36 行.

[ 2017-01-06T21:04:08+08:00 ] ::1 /lanyueOS/MDBlog-Alpha/index.php?m=Home&c=Article&a=markdown&url=MjAxNy0wMS0wNi80OTVlNTg0YzFjMTIxNzY5YzY1Yjg3Zjg1OTZlYjMzNg%3D%3D
INFO: [ app_begin ] --START--
INFO: Run Behavior\ReadHtmlCacheBehavior [ RunTime:0.000000s ]
INFO: [ app_begin ] --END-- [ RunTime:0.000000s ]

[ 2017-01-06T21:05:29+08:00 ] ::1 /lanyueOS/MDBlog-Alpha/index.php?m=Home&c=Article&a=pushArticle
INFO: [ app_begin ] --START--
INFO: Run Behavior\ReadHtmlCacheBehavior [ RunTime:0.001000s ]
INFO: [ app_begin ] --END-- [ RunTime:0.002000s ]
NOTIC: [8] Undefined offset: 1483707929 D:\wamp\www\lanyueOS\thinkphp3.2.3\ThinkPHP\Library\Org\Md\varConfig.class.php 第 36 行.

[ 2017-01-06T21:05:30+08:00 ] ::1 /lanyueOS/MDBlog-Alpha/index.php?m=Home&c=Article&a=markdown&url=MjAxNy0wMS0wNi84YWNkYTA3NzUzZGY1ZjcxNTNlMmRhNjM3OTI1NGUyYQ%3D%3D
INFO: [ app_begin ] --START--
INFO: Run Behavior\ReadHtmlCacheBehavior [ RunTime:0.001000s ]
INFO: [ app_begin ] --END-- [ RunTime:0.002000s ]

[ 2017-01-06T21:07:08+08:00 ] ::1 /lanyueOS/MDBlog-Alpha/index.php?m=Home&c=Article&a=pushArticle
INFO: [ app_begin ] --START--
INFO: Run Behavior\ReadHtmlCacheBehavior [ RunTime:0.001001s ]
INFO: [ app_begin ] --END-- [ RunTime:0.001001s ]
NOTIC: [8] Undefined offset: 1483708028 D:\wamp\www\lanyueOS\thinkphp3.2.3\ThinkPHP\Library\Org\Md\varConfig.class.php 第 36 行.

[ 2017-01-06T21:07:10+08:00 ] ::1 /lanyueOS/MDBlog-Alpha/index.php?m=Home&c=Article&a=markdown&url=MjAxNy0wMS0wNi85YzM0N2MxNzQ4ZWRkODA3NjQwMjZiYTZkMjQ5ODkwOQ%3D%3D
INFO: [ app_begin ] --START--
INFO: Run Behavior\ReadHtmlCacheBehavior [ RunTime:0.001000s ]
INFO: [ app_begin ] --END-- [ RunTime:0.002000s ]

[ 2017-01-06T21:09:13+08:00 ] ::1 /lanyueOS/MDBlog-Alpha/index.php?m=Home&c=Article&a=pushArticle
INFO: [ app_begin ] --START--
INFO: Run Behavior\ReadHtmlCacheBehavior [ RunTime:0.002000s ]
INFO: [ app_begin ] --END-- [ RunTime:0.004000s ]

[ 2017-01-06T21:09:44+08:00 ] ::1 /lanyueOS/MDBlog-Alpha/index.php?m=Home&c=Article&a=pushArticle
INFO: [ app_begin ] --START--
INFO: Run Behavior\ReadHtmlCacheBehavior [ RunTime:0.003001s ]
INFO: [ app_begin ] --END-- [ RunTime:0.005001s ]
NOTIC: [8] Undefined offset: 1483708184 D:\wamp\www\lanyueOS\thinkphp3.2.3\ThinkPHP\Library\Org\Md\varConfig.class.php 第 36 行.

[ 2017-01-06T21:09:45+08:00 ] ::1 /lanyueOS/MDBlog-Alpha/index.php?m=Home&c=Article&a=markdown&url=MjAxNy0wMS0wNi9kOGMyZTcyYzczYTkxYmEzZWM2ODkwY2EwNmRjNDJmNQ%3D%3D
INFO: [ app_begin ] --START--
INFO: Run Behavior\ReadHtmlCacheBehavior [ RunTime:0.001000s ]
INFO: [ app_begin ] --END-- [ RunTime:0.002000s ]

