[ 2017-01-08T22:09:32+08:00 ] ::1 /lanyueOS/MDBlog-Alpha/index.php?m=Home&c=Article&a=pushArticle
INFO: [ app_begin ] --START--
INFO: Run Behavior\ReadHtmlCacheBehavior [ RunTime:0.001000s ]
INFO: [ app_begin ] --END-- [ RunTime:0.001000s ]

[ 2017-01-08T22:11:09+08:00 ] ::1 /lanyueOS/MDBlog-Alpha/index.php?m=Home&c=Article&a=pushArticle
INFO: [ app_begin ] --START--
INFO: Run Behavior\ReadHtmlCacheBehavior [ RunTime:0.001000s ]
INFO: [ app_begin ] --END-- [ RunTime:0.001000s ]
NOTIC: [8] Undefined offset: 1483884669 D:\wamp\www\lanyueOS\thinkphp3.2.3\ThinkPHP\Library\Org\Md\varConfig.class.php 第 36 行.

[ 2017-01-08T22:11:10+08:00 ] ::1 /lanyueOS/MDBlog-Alpha/index.php?m=Home&c=Article&a=markdown&url=MjAxNy0wMS0wOC83MDZjMWM5MjM4OGI1YmFkYjk4YWJhMjU5OWQ1ZDZjNg%3D%3D
INFO: [ app_begin ] --START--
INFO: Run Behavior\ReadHtmlCacheBehavior [ RunTime:0.001000s ]
INFO: [ app_begin ] --END-- [ RunTime:0.002000s ]

[ 2017-01-08T22:12:55+08:00 ] ::1 /lanyueOS/MDBlog-Alpha/index.php?m=Home&c=Article&a=pushArticle
INFO: [ app_begin ] --START--
INFO: Run Behavior\ReadHtmlCacheBehavior [ RunTime:0.001000s ]
INFO: [ app_begin ] --END-- [ RunTime:0.002000s ]
NOTIC: [8] Undefined offset: 1483884775 D:\wamp\www\lanyueOS\thinkphp3.2.3\ThinkPHP\Library\Org\Md\varConfig.class.php 第 36 行.

[ 2017-01-08T22:12:56+08:00 ] ::1 /lanyueOS/MDBlog-Alpha/index.php?m=Home&c=Article&a=markdown&url=MjAxNy0wMS0wOC9mMjZhZjFiYjBiNDZkY2Y4ZTUxM2E4MjZhMDNkZGZhNA%3D%3D
INFO: [ app_begin ] --START--
INFO: Run Behavior\ReadHtmlCacheBehavior [ RunTime:0.001000s ]
INFO: [ app_begin ] --END-- [ RunTime:0.001000s ]

[ 2017-01-08T22:15:05+08:00 ] ::1 /lanyueOS/MDBlog-Alpha/index.php?m=Home&c=Article&a=pushArticle
INFO: [ app_begin ] --START--
INFO: Run Behavior\ReadHtmlCacheBehavior [ RunTime:0.000000s ]
INFO: [ app_begin ] --END-- [ RunTime:0.001000s ]
NOTIC: [8] Undefined offset: 1483884905 D:\wamp\www\lanyueOS\thinkphp3.2.3\ThinkPHP\Library\Org\Md\varConfig.class.php 第 36 行.

[ 2017-01-08T22:15:07+08:00 ] ::1 /lanyueOS/MDBlog-Alpha/index.php?m=Home&c=Article&a=markdown&url=MjAxNy0wMS0wOC84YzVlMDgyMTNjZDdhZGRmYWYyODFjMGJlZjI4MzU1OQ%3D%3D
INFO: [ app_begin ] --START--
INFO: Run Behavior\ReadHtmlCacheBehavior [ RunTime:0.001000s ]
INFO: [ app_begin ] --END-- [ RunTime:0.004000s ]

[ 2017-01-08T22:15:48+08:00 ] ::1 /lanyueOS/MDBlog-Alpha/index.php?m=Home&c=Article&a=pushArticle
INFO: [ app_begin ] --START--
INFO: Run Behavior\ReadHtmlCacheBehavior [ RunTime:0.000000s ]
INFO: [ app_begin ] --END-- [ RunTime:0.002000s ]

[ 2017-01-08T22:15:50+08:00 ] ::1 /lanyueOS/MDBlog-Alpha/index.php?m=Home&c=Article&a=pushArticle
INFO: [ app_begin ] --START--
INFO: Run Behavior\ReadHtmlCacheBehavior [ RunTime:0.001001s ]
INFO: [ app_begin ] --END-- [ RunTime:0.001001s ]

