[ 2016-08-15T21:56:18+08:00 ] ERR: (ThinkException) 无法加载模块:login
[ 2016-08-15T22:09:14+08:00 ] ERR: (ThinkException) 非法操作:ueditor
[ 2016-08-15T22:19:22+08:00 ] ERR: (ThinkException) 非法操作:js
[ 2016-08-15T22:19:22+08:00 ] ERR: (ThinkException) 非法操作:js
[ 2016-08-15T22:19:22+08:00 ] ERR: (ThinkException) 非法操作:css
[ 2016-08-15T22:19:22+08:00 ] ERR: (ThinkException) 非法操作:css
[ 2016-08-15T22:19:22+08:00 ] ERR: (ThinkException) 非法操作:css
[ 2016-08-15T22:19:22+08:00 ] ERR: (ThinkException) 非法操作:css
[ 2016-08-15T22:19:22+08:00 ] ERR: (ThinkException) 非法操作:css
[ 2016-08-15T22:19:22+08:00 ] ERR: (ThinkException) 非法操作:css
[ 2016-08-15T22:19:22+08:00 ] ERR: (ThinkException) 非法操作:js
[ 2016-08-15T22:19:22+08:00 ] ERR: (ThinkException) 非法操作:js
[ 2016-08-15T22:19:22+08:00 ] ERR: (ThinkException) 非法操作:images
[ 2016-08-15T22:19:22+08:00 ] ERR: (ThinkException) 非法操作:images
[ 2016-08-15T22:19:22+08:00 ] ERR: (ThinkException) 非法操作:images
[ 2016-08-15T22:19:22+08:00 ] ERR: (ThinkException) 非法操作:images
[ 2016-08-15T22:19:22+08:00 ] ERR: (ThinkException) 非法操作:images
[ 2016-08-15T22:19:22+08:00 ] ERR: (ThinkException) 非法操作:images
[ 2016-08-15T22:20:03+08:00 ] ERR: (ThinkException) 非法操作:images
[ 2016-08-15T22:20:03+08:00 ] ERR: (ThinkException) 非法操作:images
[ 2016-08-15T22:20:03+08:00 ] ERR: (ThinkException) 非法操作:images
[ 2016-08-15T22:20:03+08:00 ] ERR: (ThinkException) 非法操作:images
[ 2016-08-15T22:20:03+08:00 ] ERR: (ThinkException) 非法操作:images
[ 2016-08-15T22:20:03+08:00 ] ERR: (ThinkException) 非法操作:images
[ 2016-08-15T22:20:03+08:00 ] ERR: (ThinkException) 非法操作:images
[ 2016-08-15T22:20:03+08:00 ] ERR: (ThinkException) 非法操作:css
[ 2016-08-15T23:54:35+08:00 ] ERR: (ThinkException) 非法操作:ueditor
[ 2016-08-15T23:54:38+08:00 ] ERR: (ThinkException) 非法操作:ueditor
