[ 2016-08-20T11:08:01+08:00 ] ERR: (ThinkException) 非法操作:doModify
[ 2016-08-20T11:42:28+08:00 ] ERR: (ThinkException) 非法操作:ueditor
[ 2016-08-20T11:44:18+08:00 ] ERR: (ThinkException) 非法操作:ueditor
[ 2016-08-20T11:44:20+08:00 ] ERR: (ThinkException) 非法操作:ueditor
[ 2016-08-20T12:09:31+08:00 ] ERR: (ThinkException) 非法操作:ueditor
[ 2016-08-20T12:10:42+08:00 ] ERR: (ThinkException) 非法操作:ueditor
[ 2016-08-20T12:11:29+08:00 ] ERR: (ThinkException) 非法操作:ueditor
[ 2016-08-20T12:12:24+08:00 ] ERR: (ThinkException) 非法操作:ueditor
[ 2016-08-20T12:13:00+08:00 ] ERR: (ThinkException) 非法操作:ueditor
[ 2016-08-20T12:13:30+08:00 ] ERR: (ThinkException) 非法操作:ueditor
[ 2016-08-20T12:13:59+08:00 ] ERR: (ThinkException) 非法操作:ueditor
[ 2016-08-20T14:51:21+08:00 ] ERR: (ThinkException) Model:wher您所请求的方法不存在！
[ 2016-08-20T14:52:56+08:00 ] ERR: (ThinkException) 非法操作:ueditor
[ 2016-08-20T14:53:29+08:00 ] ERR: (ThinkException) 非法操作:ueditor
[ 2016-08-20T15:05:32+08:00 ] ERR: (ThinkException) 无法加载模块:down
[ 2016-08-20T15:06:00+08:00 ] ERR: (ThinkException) 无法加载模块:down
[ 2016-08-20T15:06:04+08:00 ] ERR: (ThinkException) 无法加载模块:down
[ 2016-08-20T15:06:19+08:00 ] ERR: (ThinkException) 无法加载模块:down
[ 2016-08-20T15:06:22+08:00 ] ERR: (ThinkException) 非法操作:images
[ 2016-08-20T15:06:22+08:00 ] ERR: (ThinkException) 非法操作:images
[ 2016-08-20T15:06:22+08:00 ] ERR: (ThinkException) 非法操作:images
[ 2016-08-20T15:06:22+08:00 ] ERR: (ThinkException) 非法操作:images
[ 2016-08-20T15:06:22+08:00 ] ERR: (ThinkException) 非法操作:images
[ 2016-08-20T15:06:22+08:00 ] ERR: (ThinkException) 非法操作:css
[ 2016-08-20T21:28:02+08:00 ] ERR: (ThinkException) 非法操作:ueditor
[ 2016-08-20T21:28:59+08:00 ] ERR: (ThinkException) 非法操作:ueditor
[ 2016-08-20T22:28:14+08:00 ] ERR: (ThinkException) 模板不存在[./App/Tpl/Home/Index/Index/list.html]
[ 2016-08-20T22:31:07+08:00 ] ERR: (ThinkException) 非法操作:images
[ 2016-08-20T22:31:07+08:00 ] ERR: (ThinkException) 非法操作:images
[ 2016-08-20T22:31:07+08:00 ] ERR: (ThinkException) 非法操作:images
[ 2016-08-20T22:31:07+08:00 ] ERR: (ThinkException) 非法操作:images
[ 2016-08-20T22:31:07+08:00 ] ERR: (ThinkException) 非法操作:images
[ 2016-08-20T22:31:07+08:00 ] ERR: (ThinkException) 非法操作:css
[ 2016-08-20T22:42:27+08:00 ] ERR: (ThinkException) 非法操作:ueditor
[ 2016-08-20T22:44:33+08:00 ] ERR: (ThinkException) 非法操作:ueditor
