[ 2016-08-14T00:07:56+08:00 ] 0.0.0.0 /becommunity/index.php
INFO: [ app_begin ] --START--
INFO: Run ReadHtmlCache Behavior [ RunTime:0.002000s ]
INFO: [ app_begin ] --END-- [ RunTime:0.002000s ]
INFO: [ view_parse ] --START--
NOTIC: [8192] preg_replace(): The /e modifier is deprecated, use preg_replace_callback instead D:\wamp\www\becommunity\ThinkPHP\Lib\Template\ThinkTemplate.class.php 第 273 行.
NOTIC: [8192] preg_replace(): The /e modifier is deprecated, use preg_replace_callback instead D:\wamp\www\becommunity\ThinkPHP\Lib\Template\ThinkTemplate.class.php 第 168 行.
NOTIC: [8192] preg_replace(): The /e modifier is deprecated, use preg_replace_callback instead D:\wamp\www\becommunity\ThinkPHP\Lib\Template\ThinkTemplate.class.php 第 404 行.
NOTIC: [8192] preg_replace(): The /e modifier is deprecated, use preg_replace_callback instead D:\wamp\www\becommunity\ThinkPHP\Lib\Template\ThinkTemplate.class.php 第 404 行.
NOTIC: [8192] preg_replace(): The /e modifier is deprecated, use preg_replace_callback instead D:\wamp\www\becommunity\ThinkPHP\Lib\Template\ThinkTemplate.class.php 第 404 行.
NOTIC: [8192] preg_replace(): The /e modifier is deprecated, use preg_replace_callback instead D:\wamp\www\becommunity\ThinkPHP\Lib\Template\ThinkTemplate.class.php 第 404 行.
NOTIC: [8192] preg_replace(): The /e modifier is deprecated, use preg_replace_callback instead D:\wamp\www\becommunity\ThinkPHP\Lib\Template\ThinkTemplate.class.php 第 404 行.
NOTIC: [8192] preg_replace(): The /e modifier is deprecated, use preg_replace_callback instead D:\wamp\www\becommunity\ThinkPHP\Lib\Template\ThinkTemplate.class.php 第 404 行.
NOTIC: [8192] preg_replace(): The /e modifier is deprecated, use preg_replace_callback instead D:\wamp\www\becommunity\ThinkPHP\Lib\Template\ThinkTemplate.class.php 第 404 行.
NOTIC: [8192] preg_replace(): The /e modifier is deprecated, use preg_replace_callback instead D:\wamp\www\becommunity\ThinkPHP\Lib\Template\ThinkTemplate.class.php 第 404 行.
NOTIC: [8192] preg_replace(): The /e modifier is deprecated, use preg_replace_callback instead D:\wamp\www\becommunity\ThinkPHP\Lib\Template\ThinkTemplate.class.php 第 404 行.
NOTIC: [8192] preg_replace(): The /e modifier is deprecated, use preg_replace_callback instead D:\wamp\www\becommunity\ThinkPHP\Lib\Template\ThinkTemplate.class.php 第 404 行.
NOTIC: [8192] preg_replace(): The /e modifier is deprecated, use preg_replace_callback instead D:\wamp\www\becommunity\ThinkPHP\Lib\Template\ThinkTemplate.class.php 第 404 行.
NOTIC: [8192] preg_replace(): The /e modifier is deprecated, use preg_replace_callback instead D:\wamp\www\becommunity\ThinkPHP\Lib\Template\ThinkTemplate.class.php 第 404 行.
NOTIC: [8192] preg_replace(): The /e modifier is deprecated, use preg_replace_callback instead D:\wamp\www\becommunity\ThinkPHP\Lib\Template\ThinkTemplate.class.php 第 399 行.
NOTIC: [8192] preg_replace(): The /e modifier is deprecated, use preg_replace_callback instead D:\wamp\www\becommunity\ThinkPHP\Lib\Template\ThinkTemplate.class.php 第 399 行.
NOTIC: [8192] preg_replace(): The /e modifier is deprecated, use preg_replace_callback instead D:\wamp\www\becommunity\ThinkPHP\Lib\Template\ThinkTemplate.class.php 第 404 行.
NOTIC: [8192] preg_replace(): The /e modifier is deprecated, use preg_replace_callback instead D:\wamp\www\becommunity\ThinkPHP\Lib\Template\ThinkTemplate.class.php 第 404 行.
NOTIC: [8192] preg_replace(): The /e modifier is deprecated, use preg_replace_callback instead D:\wamp\www\becommunity\ThinkPHP\Lib\Template\ThinkTemplate.class.php 第 404 行.
NOTIC: [8192] preg_replace(): The /e modifier is deprecated, use preg_replace_callback instead D:\wamp\www\becommunity\ThinkPHP\Lib\Template\ThinkTemplate.class.php 第 399 行.
NOTIC: [8192] preg_replace(): The /e modifier is deprecated, use preg_replace_callback instead D:\wamp\www\becommunity\ThinkPHP\Lib\Template\ThinkTemplate.class.php 第 404 行.
NOTIC: [8192] preg_replace(): The /e modifier is deprecated, use preg_replace_callback instead D:\wamp\www\becommunity\ThinkPHP\Lib\Template\ThinkTemplate.class.php 第 404 行.
NOTIC: [8192] preg_replace(): The /e modifier is deprecated, use preg_replace_callback instead D:\wamp\www\becommunity\ThinkPHP\Lib\Template\ThinkTemplate.class.php 第 404 行.
NOTIC: [8192] preg_replace(): The /e modifier is deprecated, use preg_replace_callback instead D:\wamp\www\becommunity\ThinkPHP\Lib\Template\ThinkTemplate.class.php 第 404 行.
NOTIC: [8192] preg_replace(): The /e modifier is deprecated, use preg_replace_callback instead D:\wamp\www\becommunity\ThinkPHP\Lib\Template\ThinkTemplate.class.php 第 404 行.
NOTIC: [8192] preg_replace(): The /e modifier is deprecated, use preg_replace_callback instead D:\wamp\www\becommunity\ThinkPHP\Lib\Template\ThinkTemplate.class.php 第 404 行.
NOTIC: [8192] preg_replace(): The /e modifier is deprecated, use preg_replace_callback instead D:\wamp\www\becommunity\ThinkPHP\Lib\Template\ThinkTemplate.class.php 第 404 行.
NOTIC: [8192] preg_replace(): The /e modifier is deprecated, use preg_replace_callback instead D:\wamp\www\becommunity\ThinkPHP\Lib\Template\ThinkTemplate.class.php 第 404 行.
NOTIC: [8192] preg_replace(): The /e modifier is deprecated, use preg_replace_callback instead D:\wamp\www\becommunity\ThinkPHP\Lib\Template\ThinkTemplate.class.php 第 404 行.
NOTIC: [8192] preg_replace(): The /e modifier is deprecated, use preg_replace_callback instead D:\wamp\www\becommunity\ThinkPHP\Lib\Template\ThinkTemplate.class.php 第 404 行.
NOTIC: [8192] preg_replace(): The /e modifier is deprecated, use preg_replace_callback instead D:\wamp\www\becommunity\ThinkPHP\Lib\Template\ThinkTemplate.class.php 第 404 行.
NOTIC: [8192] preg_replace(): The /e modifier is deprecated, use preg_replace_callback instead D:\wamp\www\becommunity\ThinkPHP\Lib\Template\ThinkTemplate.class.php 第 404 行.
NOTIC: [8192] preg_replace(): The /e modifier is deprecated, use preg_replace_callback instead D:\wamp\www\becommunity\ThinkPHP\Lib\Template\ThinkTemplate.class.php 第 404 行.
NOTIC: [8192] preg_replace(): The /e modifier is deprecated, use preg_replace_callback instead D:\wamp\www\becommunity\ThinkPHP\Lib\Template\ThinkTemplate.class.php 第 404 行.
NOTIC: [8192] preg_replace(): The /e modifier is deprecated, use preg_replace_callback instead D:\wamp\www\becommunity\ThinkPHP\Lib\Template\ThinkTemplate.class.php 第 404 行.
NOTIC: [8192] preg_replace(): The /e modifier is deprecated, use preg_replace_callback instead D:\wamp\www\becommunity\ThinkPHP\Lib\Template\ThinkTemplate.class.php 第 404 行.
NOTIC: [8192] preg_replace(): The /e modifier is deprecated, use preg_replace_callback instead D:\wamp\www\becommunity\ThinkPHP\Lib\Template\ThinkTemplate.class.php 第 404 行.
NOTIC: [8192] preg_replace(): The /e modifier is deprecated, use preg_replace_callback instead D:\wamp\www\becommunity\ThinkPHP\Lib\Template\ThinkTemplate.class.php 第 404 行.
NOTIC: [8192] preg_replace(): The /e modifier is deprecated, use preg_replace_callback instead D:\wamp\www\becommunity\ThinkPHP\Lib\Template\ThinkTemplate.class.php 第 404 行.
NOTIC: [8192] preg_replace(): The /e modifier is deprecated, use preg_replace_callback instead D:\wamp\www\becommunity\ThinkPHP\Lib\Template\ThinkTemplate.class.php 第 404 行.
NOTIC: [8192] preg_replace(): The /e modifier is deprecated, use preg_replace_callback instead D:\wamp\www\becommunity\ThinkPHP\Lib\Template\ThinkTemplate.class.php 第 404 行.
NOTIC: [8192] preg_replace(): The /e modifier is deprecated, use preg_replace_callback instead D:\wamp\www\becommunity\ThinkPHP\Lib\Template\ThinkTemplate.class.php 第 404 行.
NOTIC: [8192] preg_replace(): The /e modifier is deprecated, use preg_replace_callback instead D:\wamp\www\becommunity\ThinkPHP\Lib\Template\ThinkTemplate.class.php 第 404 行.
NOTIC: [8192] preg_replace(): The /e modifier is deprecated, use preg_replace_callback instead D:\wamp\www\becommunity\ThinkPHP\Lib\Template\ThinkTemplate.class.php 第 404 行.
NOTIC: [8192] preg_replace(): The /e modifier is deprecated, use preg_replace_callback instead D:\wamp\www\becommunity\ThinkPHP\Lib\Template\ThinkTemplate.class.php 第 404 行.
NOTIC: [8192] preg_replace(): The /e modifier is deprecated, use preg_replace_callback instead D:\wamp\www\becommunity\ThinkPHP\Lib\Template\ThinkTemplate.class.php 第 404 行.
NOTIC: [8192] preg_replace(): The /e modifier is deprecated, use preg_replace_callback instead D:\wamp\www\becommunity\ThinkPHP\Lib\Template\ThinkTemplate.class.php 第 404 行.
NOTIC: [8192] preg_replace(): The /e modifier is deprecated, use preg_replace_callback instead D:\wamp\www\becommunity\ThinkPHP\Lib\Template\ThinkTemplate.class.php 第 404 行.
NOTIC: [8192] preg_replace(): The /e modifier is deprecated, use preg_replace_callback instead D:\wamp\www\becommunity\ThinkPHP\Lib\Template\ThinkTemplate.class.php 第 404 行.
NOTIC: [8192] preg_replace(): The /e modifier is deprecated, use preg_replace_callback instead D:\wamp\www\becommunity\ThinkPHP\Lib\Template\ThinkTemplate.class.php 第 404 行.
NOTIC: [8192] preg_replace(): The /e modifier is deprecated, use preg_replace_callback instead D:\wamp\www\becommunity\ThinkPHP\Lib\Template\ThinkTemplate.class.php 第 404 行.
NOTIC: [8192] preg_replace(): The /e modifier is deprecated, use preg_replace_callback instead D:\wamp\www\becommunity\ThinkPHP\Lib\Template\ThinkTemplate.class.php 第 404 行.
NOTIC: [8192] preg_replace(): The /e modifier is deprecated, use preg_replace_callback instead D:\wamp\www\becommunity\ThinkPHP\Lib\Template\ThinkTemplate.class.php 第 404 行.
NOTIC: [8192] preg_replace(): The /e modifier is deprecated, use preg_replace_callback instead D:\wamp\www\becommunity\ThinkPHP\Lib\Template\ThinkTemplate.class.php 第 404 行.
NOTIC: [8192] preg_replace(): The /e modifier is deprecated, use preg_replace_callback instead D:\wamp\www\becommunity\ThinkPHP\Lib\Template\ThinkTemplate.class.php 第 404 行.
NOTIC: [8192] preg_replace(): The /e modifier is deprecated, use preg_replace_callback instead D:\wamp\www\becommunity\ThinkPHP\Lib\Template\ThinkTemplate.class.php 第 404 行.
NOTIC: [8192] preg_replace(): The /e modifier is deprecated, use preg_replace_callback instead D:\wamp\www\becommunity\ThinkPHP\Lib\Template\ThinkTemplate.class.php 第 404 行.
NOTIC: [8192] preg_replace(): The /e modifier is deprecated, use preg_replace_callback instead D:\wamp\www\becommunity\ThinkPHP\Lib\Template\ThinkTemplate.class.php 第 404 行.
NOTIC: [8192] preg_replace(): The /e modifier is deprecated, use preg_replace_callback instead D:\wamp\www\becommunity\ThinkPHP\Lib\Template\ThinkTemplate.class.php 第 404 行.
NOTIC: [8192] preg_replace(): The /e modifier is deprecated, use preg_replace_callback instead D:\wamp\www\becommunity\ThinkPHP\Lib\Template\ThinkTemplate.class.php 第 404 行.
NOTIC: [8192] preg_replace(): The /e modifier is deprecated, use preg_replace_callback instead D:\wamp\www\becommunity\ThinkPHP\Lib\Template\ThinkTemplate.class.php 第 404 行.
NOTIC: [8192] preg_replace(): The /e modifier is deprecated, use preg_replace_callback instead D:\wamp\www\becommunity\ThinkPHP\Lib\Template\ThinkTemplate.class.php 第 404 行.
NOTIC: [8192] preg_replace(): The /e modifier is deprecated, use preg_replace_callback instead D:\wamp\www\becommunity\ThinkPHP\Lib\Template\ThinkTemplate.class.php 第 404 行.
NOTIC: [8192] preg_replace(): The /e modifier is deprecated, use preg_replace_callback instead D:\wamp\www\becommunity\ThinkPHP\Lib\Template\ThinkTemplate.class.php 第 404 行.
NOTIC: [8192] preg_replace(): The /e modifier is deprecated, use preg_replace_callback instead D:\wamp\www\becommunity\ThinkPHP\Lib\Template\ThinkTemplate.class.php 第 404 行.
NOTIC: [8192] preg_replace(): The /e modifier is deprecated, use preg_replace_callback instead D:\wamp\www\becommunity\ThinkPHP\Lib\Template\ThinkTemplate.class.php 第 404 行.
NOTIC: [8192] preg_replace(): The /e modifier is deprecated, use preg_replace_callback instead D:\wamp\www\becommunity\ThinkPHP\Lib\Template\ThinkTemplate.class.php 第 404 行.
NOTIC: [8192] preg_replace(): The /e modifier is deprecated, use preg_replace_callback instead D:\wamp\www\becommunity\ThinkPHP\Lib\Template\ThinkTemplate.class.php 第 404 行.
NOTIC: [8192] preg_replace(): The /e modifier is deprecated, use preg_replace_callback instead D:\wamp\www\becommunity\ThinkPHP\Lib\Template\ThinkTemplate.class.php 第 404 行.
NOTIC: [8192] preg_replace(): The /e modifier is deprecated, use preg_replace_callback instead D:\wamp\www\becommunity\ThinkPHP\Lib\Template\ThinkTemplate.class.php 第 404 行.
NOTIC: [8192] preg_replace(): The /e modifier is deprecated, use preg_replace_callback instead D:\wamp\www\becommunity\ThinkPHP\Lib\Template\ThinkTemplate.class.php 第 404 行.
NOTIC: [8192] preg_replace(): The /e modifier is deprecated, use preg_replace_callback instead D:\wamp\www\becommunity\ThinkPHP\Lib\Template\ThinkTemplate.class.php 第 404 行.
NOTIC: [8192] preg_replace(): The /e modifier is deprecated, use preg_replace_callback instead D:\wamp\www\becommunity\ThinkPHP\Lib\Template\ThinkTemplate.class.php 第 404 行.
NOTIC: [8192] preg_replace(): The /e modifier is deprecated, use preg_replace_callback instead D:\wamp\www\becommunity\ThinkPHP\Lib\Template\ThinkTemplate.class.php 第 404 行.
NOTIC: [8192] preg_replace(): The /e modifier is deprecated, use preg_replace_callback instead D:\wamp\www\becommunity\ThinkPHP\Lib\Template\ThinkTemplate.class.php 第 404 行.
NOTIC: [8192] preg_replace(): The /e modifier is deprecated, use preg_replace_callback instead D:\wamp\www\becommunity\ThinkPHP\Lib\Template\ThinkTemplate.class.php 第 404 行.
NOTIC: [8192] preg_replace(): The /e modifier is deprecated, use preg_replace_callback instead D:\wamp\www\becommunity\ThinkPHP\Lib\Template\ThinkTemplate.class.php 第 404 行.
NOTIC: [8192] preg_replace(): The /e modifier is deprecated, use preg_replace_callback instead D:\wamp\www\becommunity\ThinkPHP\Lib\Template\ThinkTemplate.class.php 第 404 行.
NOTIC: [8192] preg_replace(): The /e modifier is deprecated, use preg_replace_callback instead D:\wamp\www\becommunity\ThinkPHP\Lib\Template\ThinkTemplate.class.php 第 404 行.
NOTIC: [8192] preg_replace(): The /e modifier is deprecated, use preg_replace_callback instead D:\wamp\www\becommunity\ThinkPHP\Lib\Template\ThinkTemplate.class.php 第 404 行.
NOTIC: [8192] preg_replace(): The /e modifier is deprecated, use preg_replace_callback instead D:\wamp\www\becommunity\ThinkPHP\Lib\Template\ThinkTemplate.class.php 第 404 行.
NOTIC: [8192] preg_replace(): The /e modifier is deprecated, use preg_replace_callback instead D:\wamp\www\becommunity\ThinkPHP\Lib\Template\ThinkTemplate.class.php 第 404 行.
NOTIC: [8192] preg_replace(): The /e modifier is deprecated, use preg_replace_callback instead D:\wamp\www\becommunity\ThinkPHP\Lib\Template\ThinkTemplate.class.php 第 404 行.
NOTIC: [8192] preg_replace(): The /e modifier is deprecated, use preg_replace_callback instead D:\wamp\www\becommunity\ThinkPHP\Lib\Template\ThinkTemplate.class.php 第 404 行.
NOTIC: [8192] preg_replace(): The /e modifier is deprecated, use preg_replace_callback instead D:\wamp\www\becommunity\ThinkPHP\Lib\Template\ThinkTemplate.class.php 第 404 行.
NOTIC: [8192] preg_replace(): The /e modifier is deprecated, use preg_replace_callback instead D:\wamp\www\becommunity\ThinkPHP\Lib\Template\ThinkTemplate.class.php 第 404 行.
NOTIC: [8192] preg_replace(): The /e modifier is deprecated, use preg_replace_callback instead D:\wamp\www\becommunity\ThinkPHP\Lib\Template\ThinkTemplate.class.php 第 399 行.
NOTIC: [8192] preg_replace(): The /e modifier is deprecated, use preg_replace_callback instead D:\wamp\www\becommunity\ThinkPHP\Lib\Template\ThinkTemplate.class.php 第 399 行.
NOTIC: [8192] preg_replace(): The /e modifier is deprecated, use preg_replace_callback instead D:\wamp\www\becommunity\ThinkPHP\Lib\Template\ThinkTemplate.class.php 第 399 行.
NOTIC: [8192] preg_replace(): The /e modifier is deprecated, use preg_replace_callback instead D:\wamp\www\becommunity\ThinkPHP\Lib\Template\ThinkTemplate.class.php 第 399 行.
NOTIC: [8192] preg_replace(): The /e modifier is deprecated, use preg_replace_callback instead D:\wamp\www\becommunity\ThinkPHP\Lib\Template\ThinkTemplate.class.php 第 399 行.
NOTIC: [8192] preg_replace(): The /e modifier is deprecated, use preg_replace_callback instead D:\wamp\www\becommunity\ThinkPHP\Lib\Template\ThinkTemplate.class.php 第 399 行.
NOTIC: [8192] preg_replace(): The /e modifier is deprecated, use preg_replace_callback instead D:\wamp\www\becommunity\ThinkPHP\Lib\Template\ThinkTemplate.class.php 第 404 行.
NOTIC: [8192] preg_replace(): The /e modifier is deprecated, use preg_replace_callback instead D:\wamp\www\becommunity\ThinkPHP\Lib\Template\ThinkTemplate.class.php 第 404 行.
NOTIC: [8192] preg_replace(): The /e modifier is deprecated, use preg_replace_callback instead D:\wamp\www\becommunity\ThinkPHP\Lib\Template\ThinkTemplate.class.php 第 404 行.
NOTIC: [8192] preg_replace(): The /e modifier is deprecated, use preg_replace_callback instead D:\wamp\www\becommunity\ThinkPHP\Lib\Template\ThinkTemplate.class.php 第 197 行.
NOTIC: [8192] preg_replace(): The /e modifier is deprecated, use preg_replace_callback instead D:\wamp\www\becommunity\ThinkPHP\Lib\Template\ThinkTemplate.class.php 第 137 行.
INFO: Run ParseTemplate Behavior [ RunTime:0.021002s ]
INFO: [ view_parse ] --END-- [ RunTime:0.021002s ]
INFO: [ view_filter ] --START--
INFO: Run ContentReplace Behavior [ RunTime:0.001000s ]
INFO: Run TokenBuild Behavior [ RunTime:0.001000s ]
INFO: Run WriteHtmlCache Behavior [ RunTime:0.001000s ]
INFO: Run ShowRuntime Behavior [ RunTime:0.001000s ]
INFO: [ view_filter ] --END-- [ RunTime:0.004000s ]
INFO: [ view_end ] --START--
INFO: Run ShowPageTrace Behavior [ RunTime:0.001000s ]
INFO: [ view_end ] --END-- [ RunTime:0.001000s ]

[ 2016-08-14T00:16:49+08:00 ] ERR: (ThinkException) 无法加载模块:index
[ 2016-08-14T00:16:54+08:00 ] ERR: (ThinkException) 无法加载模块:login
[ 2016-08-14T00:17:02+08:00 ] ERR: (ThinkException) 无法加载模块:Index
[ 2016-08-14T00:17:05+08:00 ] ERR: (ThinkException) 无法加载模块:Index
[ 2016-08-14T00:17:38+08:00 ] ERR: (ThinkException) 无法加载模块:index
[ 2016-08-14T00:17:42+08:00 ] ERR: (ThinkException) 无法加载模块:Index
[ 2016-08-14T00:17:45+08:00 ] ERR: (ThinkException) 无法加载模块:Index
[ 2016-08-14T00:18:02+08:00 ] ERR: (ThinkException) 无法加载模块:Index
[ 2016-08-14T00:18:02+08:00 ] ERR: (ThinkException) 无法加载模块:Index
[ 2016-08-14T00:18:03+08:00 ] ERR: (ThinkException) 无法加载模块:Index
[ 2016-08-14T00:18:03+08:00 ] ERR: (ThinkException) 无法加载模块:Index
[ 2016-08-14T00:19:24+08:00 ] ERR: (ThinkException) 无法加载模块:Index
[ 2016-08-14T00:20:18+08:00 ] ERR: (ThinkException) 无法加载模块:Index
[ 2016-08-14T00:20:33+08:00 ] ERR: (ThinkException) 无法加载模块:Index
[ 2016-08-14T00:24:35+08:00 ] ERR: (ThinkException) 无法加载模块:index
[ 2016-08-14T00:50:35+08:00 ] ERR: (ThinkException) 无法加载模块:login
[ 2016-08-14T00:50:48+08:00 ] ERR: (ThinkException) 无法加载模块:login
[ 2016-08-14T00:51:37+08:00 ] ERR: (ThinkException) 无法加载模块:login
[ 2016-08-14T00:52:00+08:00 ] ERR: (ThinkException) 无法加载模块:Index
[ 2016-08-14T00:54:05+08:00 ] ERR: (ThinkException) 模板不存在[./App/Tpl/Admin/Index/Index/index.html]
[ 2016-08-14T00:54:40+08:00 ] ERR: (ThinkException) 模板不存在[./App/Tpl/Admin/Index/Index/index.html]
[ 2016-08-14T01:06:27+08:00 ] ERR: (ThinkException) 无法加载模块:login
[ 2016-08-14T01:06:38+08:00 ] ERR: (ThinkException) 无法加载模块:login
[ 2016-08-14T01:07:13+08:00 ] ERR: (ThinkException) 非法操作:退出成功,正在转到登录
[ 2016-08-14T01:12:49+08:00 ] ERR: (ThinkException) 无法加载模块:index
[ 2016-08-14T01:13:23+08:00 ] ERR: (ThinkException) 无法加载模块:index
[ 2016-08-14T01:15:38+08:00 ] ERR: (ThinkException) 模板不存在[./App/Tpl/Admin/Index/adminsendcategory.html]
[ 2016-08-14T01:16:37+08:00 ] ERR: (ThinkException) 无法加载模块:index
[ 2016-08-14T01:17:54+08:00 ] ERR: (ThinkException) 无法加载模块:index
[ 2016-08-14T01:17:59+08:00 ] ERR: (ThinkException) 无法加载模块:index
[ 2016-08-14T01:18:04+08:00 ] ERR: (ThinkException) 无法加载模块:index
[ 2016-08-14T01:18:20+08:00 ] ERR: (ThinkException) 无法加载模块:index
[ 2016-08-14T01:24:41+08:00 ] ERR: (ThinkException) 非法操作:ueditor
[ 2016-08-14T01:29:32+08:00 ] ERR: (ThinkException) 非法操作:index
[ 2016-08-14T01:32:12+08:00 ] ERR: (ThinkException) 非法操作:ueditor
[ 2016-08-14T01:34:04+08:00 ] ERR: (ThinkException) 非法操作:ueditor
[ 2016-08-14T01:41:39+08:00 ] ERR: (ThinkException) 非法操作:ueditor
[ 2016-08-14T01:42:10+08:00 ] ERR: (ThinkException) 非法操作:ueditor
[ 2016-08-14T01:43:23+08:00 ] ERR: (ThinkException) 非法操作:ueditor
[ 2016-08-14T01:43:26+08:00 ] ERR: (ThinkException) 非法操作:ueditor
[ 2016-08-14T01:43:32+08:00 ] ERR: (ThinkException) 非法操作:ueditor
[ 2016-08-14T01:44:11+08:00 ] ERR: (ThinkException) 非法操作:ueditor
[ 2016-08-14T01:44:28+08:00 ] ERR: (ThinkException) 非法操作:ueditor
[ 2016-08-14T01:44:42+08:00 ] ERR: (ThinkException) 非法操作:ueditor
[ 2016-08-14T01:44:49+08:00 ] ERR: (ThinkException) 非法操作:ueditor
[ 2016-08-14T01:45:18+08:00 ] ERR: (ThinkException) 非法操作:ueditor
[ 2016-08-14T01:45:33+08:00 ] ERR: (ThinkException) 非法操作:ueditor
[ 2016-08-14T01:45:39+08:00 ] ERR: (ThinkException) 非法操作:ueditor
[ 2016-08-14T01:45:51+08:00 ] ERR: (ThinkException) 非法操作:ueditor
[ 2016-08-14T01:46:00+08:00 ] ERR: (ThinkException) 非法操作:ueditor
[ 2016-08-14T01:46:09+08:00 ] ERR: (ThinkException) 非法操作:ueditor
[ 2016-08-14T01:46:29+08:00 ] ERR: (ThinkException) 非法操作:ueditor
[ 2016-08-14T01:46:46+08:00 ] ERR: (ThinkException) 非法操作:ueditor
[ 2016-08-14T01:47:43+08:00 ] ERR: (ThinkException) 非法操作:ueditor
[ 2016-08-14T01:47:55+08:00 ] ERR: (ThinkException) 非法操作:ueditor
[ 2016-08-14T01:48:01+08:00 ] ERR: (ThinkException) 非法操作:ueditor
[ 2016-08-14T01:48:10+08:00 ] ERR: (ThinkException) 非法操作:ueditor
[ 2016-08-14T01:48:14+08:00 ] ERR: (ThinkException) 非法操作:ueditor
[ 2016-08-14T01:48:29+08:00 ] ERR: (ThinkException) 非法操作:ueditor
[ 2016-08-14T01:48:35+08:00 ] ERR: (ThinkException) 非法操作:ueditor
[ 2016-08-14T01:48:43+08:00 ] ERR: (ThinkException) 非法操作:ueditor
[ 2016-08-14T01:48:58+08:00 ] ERR: (ThinkException) 非法操作:ueditor
[ 2016-08-14T01:49:07+08:00 ] ERR: (ThinkException) 非法操作:ueditor
[ 2016-08-14T01:49:13+08:00 ] ERR: (ThinkException) 非法操作:ueditor
[ 2016-08-14T01:49:19+08:00 ] ERR: (ThinkException) 非法操作:ueditor
[ 2016-08-14T01:49:28+08:00 ] ERR: (ThinkException) 非法操作:ueditor
[ 2016-08-14T01:49:33+08:00 ] ERR: (ThinkException) 非法操作:ueditor
[ 2016-08-14T01:49:50+08:00 ] ERR: (ThinkException) 非法操作:ueditor
[ 2016-08-14T01:50:24+08:00 ] ERR: (ThinkException) 非法操作:ueditor
[ 2016-08-14T01:50:33+08:00 ] ERR: (ThinkException) 非法操作:ueditor
[ 2016-08-14T01:50:37+08:00 ] ERR: (ThinkException) 非法操作:ueditor
[ 2016-08-14T01:51:01+08:00 ] ERR: (ThinkException) 非法操作:ueditor
[ 2016-08-14T01:51:08+08:00 ] ERR: (ThinkException) 非法操作:ueditor
[ 2016-08-14T01:51:12+08:00 ] ERR: (ThinkException) 非法操作:ueditor
[ 2016-08-14T01:51:17+08:00 ] ERR: (ThinkException) 非法操作:ueditor
[ 2016-08-14T01:51:23+08:00 ] ERR: (ThinkException) 非法操作:ueditor
[ 2016-08-14T01:51:29+08:00 ] ERR: (ThinkException) 非法操作:ueditor
[ 2016-08-14T01:51:38+08:00 ] ERR: (ThinkException) 非法操作:ueditor
[ 2016-08-14T01:51:46+08:00 ] ERR: (ThinkException) 非法操作:ueditor
[ 2016-08-14T01:51:54+08:00 ] ERR: (ThinkException) 非法操作:ueditor
[ 2016-08-14T01:51:57+08:00 ] ERR: (ThinkException) 非法操作:ueditor
[ 2016-08-14T01:52:14+08:00 ] ERR: (ThinkException) 非法操作:ueditor
[ 2016-08-14T01:52:28+08:00 ] ERR: (ThinkException) 非法操作:ueditor
[ 2016-08-14T01:52:32+08:00 ] ERR: (ThinkException) 非法操作:ueditor
[ 2016-08-14T01:52:43+08:00 ] ERR: (ThinkException) 非法操作:ueditor
[ 2016-08-14T02:01:22+08:00 ] ERR: (ThinkException) 非法操作:ueditor
[ 2016-08-14T02:02:00+08:00 ] ERR: (ThinkException) 非法操作:ueditor
[ 2016-08-14T02:03:00+08:00 ] ERR: (ThinkException) 非法操作:ueditor
[ 2016-08-14T02:03:24+08:00 ] ERR: (ThinkException) 非法操作:ueditor
[ 2016-08-14T02:03:38+08:00 ] ERR: (ThinkException) 非法操作:ueditor
[ 2016-08-14T02:04:16+08:00 ] ERR: (ThinkException) 非法操作:ueditor
[ 2016-08-14T02:04:48+08:00 ] ERR: (ThinkException) 非法操作:ueditor
[ 2016-08-14T02:04:57+08:00 ] ERR: (ThinkException) 非法操作:ueditor
[ 2016-08-14T02:07:52+08:00 ] ERR: (ThinkException) 非法操作:ueditor
[ 2016-08-14T02:08:04+08:00 ] ERR: (ThinkException) 非法操作:ueditor
[ 2016-08-14T02:08:27+08:00 ] ERR: (ThinkException) 非法操作:ueditor
[ 2016-08-14T02:10:39+08:00 ] ERR: (ThinkException) 非法操作:ueditor
[ 2016-08-14T02:19:09+08:00 ] ERR: (ThinkException) 非法操作:ueditor
[ 2016-08-14T02:19:44+08:00 ] ERR: (ThinkException) 非法操作:ueditor
[ 2016-08-14T02:52:37+08:00 ] ERR: (ThinkException) 非法操作:ueditor
[ 2016-08-14T02:54:04+08:00 ] ERR: (ThinkException) 非法操作:ueditor
[ 2016-08-14T02:58:27+08:00 ] ERR: (ThinkException) 非法操作:ueditor
[ 2016-08-14T03:10:58+08:00 ] ERR: (ThinkException) 非法操作:ueditor
[ 2016-08-14T03:17:01+08:00 ] ERR: (ThinkException) 非法操作:ueditor
[ 2016-08-14T03:17:30+08:00 ] ERR: (ThinkException) 非法操作:ueditor
[ 2016-08-14T03:18:04+08:00 ] ERR: (ThinkException) 非法操作:ueditor
[ 2016-08-14T03:18:17+08:00 ] ERR: (ThinkException) 非法操作:ueditor
[ 2016-08-14T03:18:34+08:00 ] ERR: (ThinkException) 非法操作:ueditor
[ 2016-08-14T03:18:47+08:00 ] ERR: (ThinkException) 非法操作:ueditor
[ 2016-08-14T03:18:57+08:00 ] ERR: (ThinkException) 非法操作:ueditor
[ 2016-08-14T03:19:05+08:00 ] ERR: (ThinkException) 非法操作:ueditor
[ 2016-08-14T03:19:38+08:00 ] ERR: (ThinkException) 非法操作:ueditor
[ 2016-08-14T03:25:36+08:00 ] ERR: (ThinkException) 非法操作:ueditor
[ 2016-08-14T03:26:35+08:00 ] ERR: (ThinkException) 非法操作:ueditor
[ 2016-08-14T03:27:20+08:00 ] ERR: (ThinkException) 非法操作:ueditor
[ 2016-08-14T12:16:32+08:00 ] ERR: (ThinkException) 无法加载模块:index
[ 2016-08-14T12:21:37+08:00 ] ERR: (ThinkException) 非法操作:ueditor
[ 2016-08-14T12:32:40+08:00 ] ERR: (ThinkException) 非法操作:ueditor
[ 2016-08-14T12:37:59+08:00 ] ERR: (ThinkException) 非法操作:ueditor
[ 2016-08-14T13:06:34+08:00 ] ERR: (ThinkException) 非法操作:ueditor
[ 2016-08-14T13:15:54+08:00 ] ERR: (ThinkException) 非法操作:ueditor
[ 2016-08-14T13:49:41+08:00 ] ERR: (ThinkException) 非法操作:ueditor
[ 2016-08-14T13:51:13+08:00 ] ERR: (ThinkException) 无法加载模块:ueditor
[ 2016-08-14T13:51:19+08:00 ] ERR: (ThinkException) 无法加载模块:ueditor
[ 2016-08-14T13:51:25+08:00 ] ERR: (ThinkException) 无法加载模块:public
[ 2016-08-14T13:51:33+08:00 ] ERR: (ThinkException) 无法加载模块:ueditor
[ 2016-08-14T13:51:34+08:00 ] ERR: (ThinkException) 无法加载模块:ueditor
[ 2016-08-14T13:51:36+08:00 ] ERR: (ThinkException) 非法操作:ueditor
[ 2016-08-14T13:52:07+08:00 ] ERR: (ThinkException) 无法加载模块:Public
[ 2016-08-14T13:52:23+08:00 ] ERR: (ThinkException) 无法加载模块:Public
[ 2016-08-14T13:52:24+08:00 ] ERR: (ThinkException) 无法加载模块:Public
[ 2016-08-14T13:52:33+08:00 ] ERR: (ThinkException) 无法加载模块:index
[ 2016-08-14T13:54:32+08:00 ] ERR: (ThinkException) 无法加载模块:Public
[ 2016-08-14T13:54:42+08:00 ] ERR: (ThinkException) 无法加载模块:Public
[ 2016-08-14T13:54:42+08:00 ] ERR: (ThinkException) 无法加载模块:Public
[ 2016-08-14T14:04:33+08:00 ] ERR: (ThinkException) 非法操作:ueditor
[ 2016-08-14T14:18:00+08:00 ] ERR: (ThinkException) 非法操作:ueditor
[ 2016-08-14T14:24:58+08:00 ] ERR: (ThinkException) 无法加载模块:index
[ 2016-08-14T14:25:18+08:00 ] ERR: (ThinkException) 模板不存在[./App/Tpl/Home/Index/Index/index.html]
[ 2016-08-14T14:26:56+08:00 ] ERR: (ThinkException) Action:dispaly您所请求的方法不存在！
[ 2016-08-14T14:26:56+08:00 ] ERR: (ThinkException) Action:dispaly您所请求的方法不存在！
[ 2016-08-14T19:53:22+08:00 ] ERR: (ThinkException) 非法操作:doDelete
[ 2016-08-14T19:54:46+08:00 ] ERR: (ThinkException) 非法操作:doModify
[ 2016-08-14T19:55:11+08:00 ] ERR: (ThinkException) 非法操作:doDelete
[ 2016-08-14T19:55:35+08:00 ] ERR: (ThinkException) 非法操作:doDelete
[ 2016-08-14T20:04:51+08:00 ] ERR: (ThinkException) 非法操作:doModify
[ 2016-08-14T20:05:30+08:00 ] ERR: (ThinkException) 非法操作:ueditor
[ 2016-08-14T20:08:22+08:00 ] ERR: (ThinkException) 非法操作:删除成功
[ 2016-08-14T20:08:45+08:00 ] ERR: (ThinkException) 非法操作:删除成功
[ 2016-08-14T20:09:50+08:00 ] ERR: (ThinkException) 无法加载模块:becommunity
[ 2016-08-14T20:10:21+08:00 ] ERR: (ThinkException) 无法加载模块:becommunity
[ 2016-08-14T20:18:19+08:00 ] ERR: (ThinkException) 非法操作:ueditor
[ 2016-08-14T20:36:05+08:00 ] ERR: (ThinkException) 非法操作:doModify
[ 2016-08-14T20:36:33+08:00 ] ERR: (ThinkException) 非法操作:doModify
[ 2016-08-14T20:37:23+08:00 ] ERR: (ThinkException) 非法操作:doModify
[ 2016-08-14T20:38:24+08:00 ] ERR: (ThinkException) 非法操作:ueditor
[ 2016-08-14T20:41:33+08:00 ] ERR: (ThinkException) 非法操作:ueditor
