[ 2016-09-21T00:02:19+08:00 ] ERR: (ThinkException) éæ³•æ“ä½œ:articlemanage
[ 2016-09-21T00:14:42+08:00 ] ERR: (ThinkException) Model:getgetAdminUseræ‚¨æ‰€è¯·æ±‚çš„æ–¹æ³•ä¸å­˜åœ¨ï¼
[ 2016-09-21T00:15:30+08:00 ] ERR: (ThinkException) Model:getgetAdminUseræ‚¨æ‰€è¯·æ±‚çš„æ–¹æ³•ä¸å­˜åœ¨ï¼
[ 2016-09-21T00:19:33+08:00 ] ERR: (ThinkException) Model:getBlogListæ‚¨æ‰€è¯·æ±‚çš„æ–¹æ³•ä¸å­˜åœ¨ï¼
[ 2016-09-21T00:32:58+08:00 ] ERR: (ThinkException) éæ³•æ“ä½œ:dodelete.shtml
[ 2016-09-21T00:35:04+08:00 ] ERR: (ThinkException) éæ³•æ“ä½œ:dodelete.shtml
[ 2016-09-21T00:35:58+08:00 ] ERR: (ThinkException) éæ³•æ“ä½œ:dodelete.shtml
[ 2016-09-21T00:36:08+08:00 ] ERR: (ThinkException) éæ³•æ“ä½œ:dodelete.shtml
[ 2016-09-21T00:39:02+08:00 ] ERR: (ThinkException) éæ³•æ“ä½œ:dodelete.shtml
[ 2016-09-21T00:41:45+08:00 ] ERR: (ThinkException) éæ³•æ“ä½œ:messagemanage
[ 2016-09-21T00:42:22+08:00 ] ERR: (ThinkException) éæ³•æ“ä½œ:messagemanage
[ 2016-09-21T00:44:09+08:00 ] ERR: (ThinkException) æ¨¡æ¿ä¸å­˜åœ¨[./App/Tpl/Admin/Blog/messagemanage.html]
[ 2016-09-21T00:53:11+08:00 ] ERR: (ThinkException) éæ³•æ“ä½œ:commentmanage
[ 2016-09-21T09:12:10+08:00 ] ERR: (ThinkException) éæ³•æ“ä½œ:commentmessage
[ 2016-09-21T09:12:24+08:00 ] ERR: (ThinkException) éæ³•æ“ä½œ:commentmessage
[ 2016-09-21T09:46:58+08:00 ] ERR: (ThinkException) éæ³•æ“ä½œ:lists.shtml
[ 2016-09-21T09:47:45+08:00 ] ERR: (ThinkException) éæ³•æ“ä½œ:lists.shtml
[ 2016-09-21T09:48:01+08:00 ] ERR: (ThinkException) éæ³•æ“ä½œ:article.shtml
[ 2016-09-21T12:32:51+08:00 ] ERR: (ThinkException) ÓÉÓÚÄ¿±ê¼ÆËã»ú»ı¼«¾Ü¾ø£¬ÎŞ·¨Á¬½Ó¡£

[ 2016-09-21T14:19:06+08:00 ] ERR: (ThinkException) éæ³•æ“ä½œ:article.shtml
[ 2016-09-21T14:20:44+08:00 ] ERR: (ThinkException) éæ³•æ“ä½œ:article.shtml
[ 2016-09-21T14:34:08+08:00 ] ERR: (ThinkException) éæ³•æ“ä½œ:index
[ 2016-09-21T14:37:00+08:00 ] ERR: (ThinkException) éæ³•æ“ä½œ:index
[ 2016-09-21T14:37:17+08:00 ] ERR: (ThinkException) éæ³•æ“ä½œ:index
[ 2016-09-21T18:52:34+08:00 ] ERR: (ThinkException) éæ³•æ“ä½œ:statisc
[ 2016-09-21T21:18:37+08:00 ] ERR: (ThinkException) éæ³•æ“ä½œ:personcenter
[ 2016-09-21T21:20:17+08:00 ] ERR: (ThinkException) æ¨¡æ¿ä¸å­˜åœ¨[./App/Tpl/Home/Question/personcenter.html]
[ 2016-09-21T21:20:20+08:00 ] ERR: (ThinkException) æ— æ³•åŠ è½½æ¨¡å—:Becommunity
[ 2016-09-21T21:20:32+08:00 ] ERR: (ThinkException) æ— æ³•åŠ è½½æ¨¡å—:Becommunity
[ 2016-09-21T21:20:47+08:00 ] ERR: (ThinkException) æ— æ³•åŠ è½½æ¨¡å—:Becommunity
[ 2016-09-21T21:20:50+08:00 ] ERR: (ThinkException) æ¨¡æ¿ä¸å­˜åœ¨[./App/Tpl/Home/Question/personcenter.html]
[ 2016-09-21T21:21:41+08:00 ] ERR: (ThinkException) æ¨¡æ¿ä¸å­˜åœ¨[./App/Tpl/Home/Question/personcenter.html]
[ 2016-09-21T21:21:59+08:00 ] ERR: (ThinkException) æ¨¡æ¿ä¸å­˜åœ¨[./App/Tpl/Home/Question/personcenter.html]
