[ 2016-10-07T00:33:24+08:00 ] ERR: (ThinkException) 非法操作:styles
[ 2016-10-07T00:33:24+08:00 ] ERR: (ThinkException) 非法操作:java - 知识库 - 你身边的技术百科全书 - csdn_files
[ 2016-10-07T00:33:24+08:00 ] ERR: (ThinkException) 非法操作:java - 知识库 - 你身边的技术百科全书 - csdn_files
[ 2016-10-07T00:33:24+08:00 ] ERR: (ThinkException) 非法操作:java - 知识库 - 你身边的技术百科全书 - csdn_files
[ 2016-10-07T00:33:24+08:00 ] ERR: (ThinkException) 非法操作:styles
[ 2016-10-07T00:33:47+08:00 ] ERR: (ThinkException) 非法操作:styles
[ 2016-10-07T00:34:06+08:00 ] ERR: (ThinkException) 非法操作:styles
[ 2016-10-07T00:34:06+08:00 ] ERR: (ThinkException) 非法操作:styles
[ 2016-10-07T00:34:06+08:00 ] ERR: (ThinkException) 非法操作:java - 知识库 - 你身边的技术百科全书 - csdn_files
[ 2016-10-07T00:34:06+08:00 ] ERR: (ThinkException) 非法操作:styles
[ 2016-10-07T00:34:06+08:00 ] ERR: (ThinkException) 非法操作:java - 知识库 - 你身边的技术百科全书 - csdn_files
[ 2016-10-07T00:34:06+08:00 ] ERR: (ThinkException) 非法操作:java - 知识库 - 你身边的技术百科全书 - csdn_files
[ 2016-10-07T00:34:41+08:00 ] ERR: (ThinkException) 非法操作:java - 知识库 - 你身边的技术百科全书 - csdn_files
[ 2016-10-07T00:34:41+08:00 ] ERR: (ThinkException) 非法操作:styles
[ 2016-10-07T00:34:41+08:00 ] ERR: (ThinkException) 非法操作:java - 知识库 - 你身边的技术百科全书 - csdn_files
[ 2016-10-07T00:34:41+08:00 ] ERR: (ThinkException) 非法操作:java - 知识库 - 你身边的技术百科全书 - csdn_files
[ 2016-10-07T00:35:30+08:00 ] ERR: (ThinkException) 非法操作:java - 知识库 - 你身边的技术百科全书 - csdn_files
[ 2016-10-07T00:35:30+08:00 ] ERR: (ThinkException) 非法操作:styles
[ 2016-10-07T00:35:30+08:00 ] ERR: (ThinkException) 非法操作:java - 知识库 - 你身边的技术百科全书 - csdn_files
[ 2016-10-07T00:35:30+08:00 ] ERR: (ThinkException) 非法操作:java - 知识库 - 你身边的技术百科全书 - csdn_files
[ 2016-10-07T00:35:32+08:00 ] ERR: (ThinkException) 非法操作:java - 知识库 - 你身边的技术百科全书 - csdn_files
[ 2016-10-07T00:35:32+08:00 ] ERR: (ThinkException) 非法操作:styles
[ 2016-10-07T00:35:32+08:00 ] ERR: (ThinkException) 非法操作:java - 知识库 - 你身边的技术百科全书 - csdn_files
[ 2016-10-07T00:35:32+08:00 ] ERR: (ThinkException) 非法操作:java - 知识库 - 你身边的技术百科全书 - csdn_files
[ 2016-10-07T00:35:32+08:00 ] ERR: (ThinkException) 非法操作:java - 知识库 - 你身边的技术百科全书 - csdn_files
[ 2016-10-07T00:35:35+08:00 ] ERR: (ThinkException) 非法操作:java - 知识库 - 你身边的技术百科全书 - csdn_files
[ 2016-10-07T00:35:35+08:00 ] ERR: (ThinkException) 非法操作:styles
[ 2016-10-07T00:35:35+08:00 ] ERR: (ThinkException) 非法操作:java - 知识库 - 你身边的技术百科全书 - csdn_files
[ 2016-10-07T00:35:35+08:00 ] ERR: (ThinkException) 非法操作:java - 知识库 - 你身边的技术百科全书 - csdn_files
[ 2016-10-07T00:35:48+08:00 ] ERR: (ThinkException) 非法操作:java - 知识库 - 你身边的技术百科全书 - csdn_files
[ 2016-10-07T00:35:48+08:00 ] ERR: (ThinkException) 非法操作:styles
[ 2016-10-07T00:35:48+08:00 ] ERR: (ThinkException) 非法操作:java - 知识库 - 你身边的技术百科全书 - csdn_files
[ 2016-10-07T00:35:48+08:00 ] ERR: (ThinkException) 非法操作:java - 知识库 - 你身边的技术百科全书 - csdn_files
[ 2016-10-07T00:35:48+08:00 ] ERR: (ThinkException) 非法操作:java - 知识库 - 你身边的技术百科全书 - csdn_files
[ 2016-10-07T00:35:57+08:00 ] ERR: (ThinkException) 非法操作:java - 知识库 - 你身边的技术百科全书 - csdn_files
[ 2016-10-07T00:35:57+08:00 ] ERR: (ThinkException) 非法操作:styles
[ 2016-10-07T00:35:57+08:00 ] ERR: (ThinkException) 非法操作:java - 知识库 - 你身边的技术百科全书 - csdn_files
[ 2016-10-07T00:35:57+08:00 ] ERR: (ThinkException) 非法操作:java - 知识库 - 你身边的技术百科全书 - csdn_files
[ 2016-10-07T00:36:01+08:00 ] ERR: (ThinkException) 非法操作:java - 知识库 - 你身边的技术百科全书 - csdn_files
[ 2016-10-07T00:36:01+08:00 ] ERR: (ThinkException) 非法操作:styles
[ 2016-10-07T00:36:01+08:00 ] ERR: (ThinkException) 非法操作:java - 知识库 - 你身边的技术百科全书 - csdn_files
[ 2016-10-07T00:36:01+08:00 ] ERR: (ThinkException) 非法操作:java - 知识库 - 你身边的技术百科全书 - csdn_files
[ 2016-10-07T00:36:01+08:00 ] ERR: (ThinkException) 非法操作:java - 知识库 - 你身边的技术百科全书 - csdn_files
[ 2016-10-07T00:38:09+08:00 ] ERR: (ThinkException) 非法操作:java - 知识库 - 你身边的技术百科全书 - csdn_files
[ 2016-10-07T00:38:09+08:00 ] ERR: (ThinkException) 非法操作:styles
[ 2016-10-07T00:38:09+08:00 ] ERR: (ThinkException) 非法操作:java - 知识库 - 你身边的技术百科全书 - csdn_files
[ 2016-10-07T00:38:09+08:00 ] ERR: (ThinkException) 非法操作:java - 知识库 - 你身边的技术百科全书 - csdn_files
[ 2016-10-07T00:38:09+08:00 ] ERR: (ThinkException) 非法操作:java - 知识库 - 你身边的技术百科全书 - csdn_files
[ 2016-10-07T00:38:31+08:00 ] ERR: (ThinkException) 非法操作:java - 知识库 - 你身边的技术百科全书 - csdn_files
[ 2016-10-07T00:38:31+08:00 ] ERR: (ThinkException) 非法操作:styles
[ 2016-10-07T00:38:31+08:00 ] ERR: (ThinkException) 非法操作:java - 知识库 - 你身边的技术百科全书 - csdn_files
[ 2016-10-07T00:38:31+08:00 ] ERR: (ThinkException) 非法操作:java - 知识库 - 你身边的技术百科全书 - csdn_files
[ 2016-10-07T00:39:41+08:00 ] ERR: (ThinkException) 非法操作:java - 知识库 - 你身边的技术百科全书 - csdn_files
[ 2016-10-07T00:39:41+08:00 ] ERR: (ThinkException) 非法操作:styles
[ 2016-10-07T00:39:41+08:00 ] ERR: (ThinkException) 非法操作:java - 知识库 - 你身边的技术百科全书 - csdn_files
[ 2016-10-07T00:39:41+08:00 ] ERR: (ThinkException) 非法操作:java - 知识库 - 你身边的技术百科全书 - csdn_files
[ 2016-10-07T00:39:50+08:00 ] ERR: (ThinkException) 非法操作:java - 知识库 - 你身边的技术百科全书 - csdn_files
[ 2016-10-07T00:39:50+08:00 ] ERR: (ThinkException) 非法操作:styles
[ 2016-10-07T00:39:50+08:00 ] ERR: (ThinkException) 非法操作:java - 知识库 - 你身边的技术百科全书 - csdn_files
[ 2016-10-07T00:39:50+08:00 ] ERR: (ThinkException) 非法操作:java - 知识库 - 你身边的技术百科全书 - csdn_files
[ 2016-10-07T00:41:40+08:00 ] ERR: (ThinkException) 非法操作:java - 知识库 - 你身边的技术百科全书 - csdn_files
[ 2016-10-07T00:41:40+08:00 ] ERR: (ThinkException) 非法操作:styles
[ 2016-10-07T00:41:40+08:00 ] ERR: (ThinkException) 非法操作:java - 知识库 - 你身边的技术百科全书 - csdn_files
[ 2016-10-07T00:41:40+08:00 ] ERR: (ThinkException) 非法操作:styles
[ 2016-10-07T00:41:40+08:00 ] ERR: (ThinkException) 非法操作:java - 知识库 - 你身边的技术百科全书 - csdn_files
[ 2016-10-07T00:42:58+08:00 ] ERR: (ThinkException) 非法操作:java - 知识库 - 你身边的技术百科全书 - csdn_files
[ 2016-10-07T00:42:58+08:00 ] ERR: (ThinkException) 非法操作:styles
[ 2016-10-07T00:42:58+08:00 ] ERR: (ThinkException) 非法操作:java - 知识库 - 你身边的技术百科全书 - csdn_files
[ 2016-10-07T00:42:58+08:00 ] ERR: (ThinkException) 非法操作:java - 知识库 - 你身边的技术百科全书 - csdn_files
[ 2016-10-07T00:43:22+08:00 ] ERR: (ThinkException) 非法操作:styles
[ 2016-10-07T00:43:22+08:00 ] ERR: (ThinkException) 非法操作:java - 知识库 - 你身边的技术百科全书 - csdn_files
[ 2016-10-07T00:43:22+08:00 ] ERR: (ThinkException) 非法操作:java - 知识库 - 你身边的技术百科全书 - csdn_files
[ 2016-10-07T00:43:22+08:00 ] ERR: (ThinkException) 非法操作:java - 知识库 - 你身边的技术百科全书 - csdn_files
[ 2016-10-07T00:43:46+08:00 ] ERR: (ThinkException) 非法操作:java - 知识库 - 你身边的技术百科全书 - csdn_files
[ 2016-10-07T00:43:46+08:00 ] ERR: (ThinkException) 非法操作:java - 知识库 - 你身边的技术百科全书 - csdn_files
[ 2016-10-07T00:43:46+08:00 ] ERR: (ThinkException) 非法操作:java - 知识库 - 你身边的技术百科全书 - csdn_files
[ 2016-10-07T00:43:46+08:00 ] ERR: (ThinkException) 非法操作:styles
[ 2016-10-07T00:43:59+08:00 ] ERR: (ThinkException) 非法操作:styles
[ 2016-10-07T00:43:59+08:00 ] ERR: (ThinkException) 非法操作:java - 知识库 - 你身边的技术百科全书 - csdn_files
[ 2016-10-07T00:43:59+08:00 ] ERR: (ThinkException) 非法操作:java - 知识库 - 你身边的技术百科全书 - csdn_files
[ 2016-10-07T00:43:59+08:00 ] ERR: (ThinkException) 非法操作:java - 知识库 - 你身边的技术百科全书 - csdn_files
[ 2016-10-07T00:44:07+08:00 ] ERR: (ThinkException) 非法操作:styles
[ 2016-10-07T00:44:07+08:00 ] ERR: (ThinkException) 非法操作:java - 知识库 - 你身边的技术百科全书 - csdn_files
[ 2016-10-07T00:44:07+08:00 ] ERR: (ThinkException) 非法操作:java - 知识库 - 你身边的技术百科全书 - csdn_files
[ 2016-10-07T00:44:07+08:00 ] ERR: (ThinkException) 非法操作:java - 知识库 - 你身边的技术百科全书 - csdn_files
[ 2016-10-07T00:45:18+08:00 ] ERR: (ThinkException) 非法操作:java - 知识库 - 你身边的技术百科全书 - csdn_files
[ 2016-10-07T00:45:18+08:00 ] ERR: (ThinkException) 非法操作:java - 知识库 - 你身边的技术百科全书 - csdn_files
[ 2016-10-07T00:45:18+08:00 ] ERR: (ThinkException) 非法操作:styles
[ 2016-10-07T00:45:18+08:00 ] ERR: (ThinkException) 非法操作:java - 知识库 - 你身边的技术百科全书 - csdn_files
[ 2016-10-07T00:47:42+08:00 ] ERR: (ThinkException) 非法操作:java - 知识库 - 你身边的技术百科全书 - csdn_files
[ 2016-10-07T00:47:42+08:00 ] ERR: (ThinkException) 非法操作:styles
[ 2016-10-07T00:47:42+08:00 ] ERR: (ThinkException) 非法操作:java - 知识库 - 你身边的技术百科全书 - csdn_files
[ 2016-10-07T00:47:42+08:00 ] ERR: (ThinkException) 非法操作:java - 知识库 - 你身边的技术百科全书 - csdn_files
[ 2016-10-07T00:48:05+08:00 ] ERR: (ThinkException) 非法操作:java - 知识库 - 你身边的技术百科全书 - csdn_files
[ 2016-10-07T00:48:05+08:00 ] ERR: (ThinkException) 非法操作:java - 知识库 - 你身边的技术百科全书 - csdn_files
[ 2016-10-07T00:48:05+08:00 ] ERR: (ThinkException) 非法操作:java - 知识库 - 你身边的技术百科全书 - csdn_files
[ 2016-10-07T00:48:05+08:00 ] ERR: (ThinkException) 非法操作:styles
[ 2016-10-07T00:48:10+08:00 ] ERR: (ThinkException) 非法操作:java - 知识库 - 你身边的技术百科全书 - csdn_files
[ 2016-10-07T00:48:10+08:00 ] ERR: (ThinkException) 非法操作:styles
[ 2016-10-07T00:48:10+08:00 ] ERR: (ThinkException) 非法操作:java - 知识库 - 你身边的技术百科全书 - csdn_files
[ 2016-10-07T00:48:10+08:00 ] ERR: (ThinkException) 非法操作:java - 知识库 - 你身边的技术百科全书 - csdn_files
[ 2016-10-07T00:48:13+08:00 ] ERR: (ThinkException) 非法操作:java - 知识库 - 你身边的技术百科全书 - csdn_files
[ 2016-10-07T00:48:13+08:00 ] ERR: (ThinkException) 非法操作:styles
[ 2016-10-07T00:48:13+08:00 ] ERR: (ThinkException) 非法操作:java - 知识库 - 你身边的技术百科全书 - csdn_files
[ 2016-10-07T00:48:13+08:00 ] ERR: (ThinkException) 非法操作:java - 知识库 - 你身边的技术百科全书 - csdn_files
[ 2016-10-07T01:01:59+08:00 ] ERR: (ThinkException) 非法操作:java - 知识库 - 你身边的技术百科全书 - csdn_files
[ 2016-10-07T01:01:59+08:00 ] ERR: (ThinkException) 非法操作:java - 知识库 - 你身边的技术百科全书 - csdn_files
[ 2016-10-07T01:01:59+08:00 ] ERR: (ThinkException) 非法操作:styles
[ 2016-10-07T01:02:00+08:00 ] ERR: (ThinkException) 非法操作:java - 知识库 - 你身边的技术百科全书 - csdn_files
[ 2016-10-07T01:02:57+08:00 ] ERR: (ThinkException) 非法操作:styles
[ 2016-10-07T01:02:57+08:00 ] ERR: (ThinkException) 非法操作:java - 知识库 - 你身边的技术百科全书 - csdn_files
[ 2016-10-07T01:02:57+08:00 ] ERR: (ThinkException) 非法操作:java - 知识库 - 你身边的技术百科全书 - csdn_files
[ 2016-10-07T01:02:58+08:00 ] ERR: (ThinkException) 非法操作:styles
[ 2016-10-07T01:02:58+08:00 ] ERR: (ThinkException) 非法操作:java - 知识库 - 你身边的技术百科全书 - csdn_files
[ 2016-10-07T01:02:58+08:00 ] ERR: (ThinkException) 非法操作:java - 知识库 - 你身边的技术百科全书 - csdn_files
[ 2016-10-07T01:04:34+08:00 ] ERR: (ThinkException) 非法操作:styles
[ 2016-10-07T01:04:34+08:00 ] ERR: (ThinkException) 非法操作:java - 知识库 - 你身边的技术百科全书 - csdn_files
[ 2016-10-07T01:04:34+08:00 ] ERR: (ThinkException) 非法操作:java - 知识库 - 你身边的技术百科全书 - csdn_files
[ 2016-10-07T01:05:08+08:00 ] ERR: (ThinkException) 非法操作:styles
[ 2016-10-07T01:05:08+08:00 ] ERR: (ThinkException) 非法操作:java - 知识库 - 你身边的技术百科全书 - csdn_files
[ 2016-10-07T01:05:08+08:00 ] ERR: (ThinkException) 非法操作:java - 知识库 - 你身边的技术百科全书 - csdn_files
[ 2016-10-07T01:05:57+08:00 ] ERR: (ThinkException) 非法操作:java - 知识库 - 你身边的技术百科全书 - csdn_files
[ 2016-10-07T01:05:57+08:00 ] ERR: (ThinkException) 非法操作:styles
[ 2016-10-07T01:05:57+08:00 ] ERR: (ThinkException) 非法操作:java - 知识库 - 你身边的技术百科全书 - csdn_files
[ 2016-10-07T01:06:49+08:00 ] ERR: (ThinkException) 非法操作:styles
[ 2016-10-07T01:06:49+08:00 ] ERR: (ThinkException) 非法操作:java - 知识库 - 你身边的技术百科全书 - csdn_files
[ 2016-10-07T01:06:49+08:00 ] ERR: (ThinkException) 非法操作:java - 知识库 - 你身边的技术百科全书 - csdn_files
[ 2016-10-07T01:06:54+08:00 ] ERR: (ThinkException) 非法操作:styles
[ 2016-10-07T01:06:54+08:00 ] ERR: (ThinkException) 非法操作:java - 知识库 - 你身边的技术百科全书 - csdn_files
[ 2016-10-07T01:06:54+08:00 ] ERR: (ThinkException) 非法操作:java - 知识库 - 你身边的技术百科全书 - csdn_files
[ 2016-10-07T01:07:20+08:00 ] ERR: (ThinkException) 非法操作:styles
[ 2016-10-07T01:07:20+08:00 ] ERR: (ThinkException) 非法操作:java - 知识库 - 你身边的技术百科全书 - csdn_files
[ 2016-10-07T01:07:46+08:00 ] ERR: (ThinkException) 非法操作:styles
[ 2016-10-07T01:07:46+08:00 ] ERR: (ThinkException) 非法操作:java - 知识库 - 你身边的技术百科全书 - csdn_files
[ 2016-10-07T01:08:03+08:00 ] ERR: (ThinkException) 非法操作:styles
[ 2016-10-07T01:08:03+08:00 ] ERR: (ThinkException) 非法操作:java - 知识库 - 你身边的技术百科全书 - csdn_files
[ 2016-10-07T01:08:09+08:00 ] ERR: (ThinkException) 非法操作:styles
[ 2016-10-07T01:08:09+08:00 ] ERR: (ThinkException) 非法操作:java - 知识库 - 你身边的技术百科全书 - csdn_files
[ 2016-10-07T01:08:13+08:00 ] ERR: (ThinkException) 非法操作:styles
[ 2016-10-07T01:08:13+08:00 ] ERR: (ThinkException) 非法操作:java - 知识库 - 你身边的技术百科全书 - csdn_files
[ 2016-10-07T01:08:17+08:00 ] ERR: (ThinkException) 非法操作:styles
[ 2016-10-07T01:08:17+08:00 ] ERR: (ThinkException) 非法操作:java - 知识库 - 你身边的技术百科全书 - csdn_files
[ 2016-10-07T01:08:37+08:00 ] ERR: (ThinkException) 非法操作:styles
[ 2016-10-07T01:08:37+08:00 ] ERR: (ThinkException) 非法操作:java - 知识库 - 你身边的技术百科全书 - csdn_files
[ 2016-10-07T01:08:41+08:00 ] ERR: (ThinkException) 非法操作:styles
[ 2016-10-07T01:08:41+08:00 ] ERR: (ThinkException) 非法操作:java - 知识库 - 你身边的技术百科全书 - csdn_files
[ 2016-10-07T01:08:44+08:00 ] ERR: (ThinkException) 非法操作:styles
[ 2016-10-07T01:08:44+08:00 ] ERR: (ThinkException) 非法操作:java - 知识库 - 你身边的技术百科全书 - csdn_files
[ 2016-10-07T01:08:51+08:00 ] ERR: (ThinkException) 非法操作:styles
[ 2016-10-07T01:08:51+08:00 ] ERR: (ThinkException) 非法操作:java - 知识库 - 你身边的技术百科全书 - csdn_files
[ 2016-10-07T01:08:54+08:00 ] ERR: (ThinkException) 非法操作:styles
[ 2016-10-07T01:08:54+08:00 ] ERR: (ThinkException) 非法操作:java - 知识库 - 你身边的技术百科全书 - csdn_files
[ 2016-10-07T01:09:05+08:00 ] ERR: (ThinkException) 非法操作:styles
[ 2016-10-07T01:09:05+08:00 ] ERR: (ThinkException) 非法操作:java - 知识库 - 你身边的技术百科全书 - csdn_files
[ 2016-10-07T01:09:21+08:00 ] ERR: (ThinkException) 非法操作:styles
[ 2016-10-07T01:09:21+08:00 ] ERR: (ThinkException) 非法操作:java - 知识库 - 你身边的技术百科全书 - csdn_files
[ 2016-10-07T01:09:30+08:00 ] ERR: (ThinkException) 非法操作:styles
[ 2016-10-07T01:09:30+08:00 ] ERR: (ThinkException) 非法操作:java - 知识库 - 你身边的技术百科全书 - csdn_files
[ 2016-10-07T01:10:30+08:00 ] ERR: (ThinkException) 非法操作:styles
[ 2016-10-07T01:10:30+08:00 ] ERR: (ThinkException) 非法操作:java - 知识库 - 你身边的技术百科全书 - csdn_files
[ 2016-10-07T01:10:31+08:00 ] ERR: (ThinkException) 非法操作:styles
[ 2016-10-07T01:10:31+08:00 ] ERR: (ThinkException) 非法操作:java - 知识库 - 你身边的技术百科全书 - csdn_files
[ 2016-10-07T01:10:51+08:00 ] ERR: (ThinkException) 非法操作:styles
[ 2016-10-07T01:10:51+08:00 ] ERR: (ThinkException) 非法操作:java - 知识库 - 你身边的技术百科全书 - csdn_files
[ 2016-10-07T01:10:58+08:00 ] ERR: (ThinkException) 非法操作:styles
[ 2016-10-07T01:10:58+08:00 ] ERR: (ThinkException) 非法操作:java - 知识库 - 你身边的技术百科全书 - csdn_files
[ 2016-10-07T01:11:07+08:00 ] ERR: (ThinkException) 非法操作:styles
[ 2016-10-07T01:11:07+08:00 ] ERR: (ThinkException) 非法操作:java - 知识库 - 你身边的技术百科全书 - csdn_files
[ 2016-10-07T01:11:29+08:00 ] ERR: (ThinkException) 非法操作:styles
[ 2016-10-07T01:11:29+08:00 ] ERR: (ThinkException) 非法操作:java - 知识库 - 你身边的技术百科全书 - csdn_files
[ 2016-10-07T01:11:39+08:00 ] ERR: (ThinkException) 非法操作:styles
[ 2016-10-07T01:11:39+08:00 ] ERR: (ThinkException) 非法操作:java - 知识库 - 你身边的技术百科全书 - csdn_files
[ 2016-10-07T01:11:52+08:00 ] ERR: (ThinkException) 非法操作:styles
[ 2016-10-07T01:11:52+08:00 ] ERR: (ThinkException) 非法操作:java - 知识库 - 你身边的技术百科全书 - csdn_files
[ 2016-10-07T01:12:10+08:00 ] ERR: (ThinkException) 非法操作:styles
[ 2016-10-07T01:12:10+08:00 ] ERR: (ThinkException) 非法操作:java - 知识库 - 你身边的技术百科全书 - csdn_files
[ 2016-10-07T01:13:28+08:00 ] ERR: (ThinkException) 非法操作:styles
[ 2016-10-07T01:13:28+08:00 ] ERR: (ThinkException) 非法操作:java - 知识库 - 你身边的技术百科全书 - csdn_files
[ 2016-10-07T01:20:38+08:00 ] ERR: (ThinkException) 非法操作:styles
[ 2016-10-07T01:20:38+08:00 ] ERR: (ThinkException) 非法操作:java - 知识库 - 你身边的技术百科全书 - csdn_files
[ 2016-10-07T01:22:55+08:00 ] ERR: (ThinkException) 非法操作:styles
[ 2016-10-07T01:22:55+08:00 ] ERR: (ThinkException) 非法操作:java - 知识库 - 你身边的技术百科全书 - csdn_files
[ 2016-10-07T01:23:41+08:00 ] ERR: (ThinkException) 非法操作:styles
[ 2016-10-07T01:23:41+08:00 ] ERR: (ThinkException) 非法操作:java - 知识库 - 你身边的技术百科全书 - csdn_files
[ 2016-10-07T01:23:46+08:00 ] ERR: (ThinkException) 非法操作:styles
[ 2016-10-07T01:23:46+08:00 ] ERR: (ThinkException) 非法操作:java - 知识库 - 你身边的技术百科全书 - csdn_files
[ 2016-10-07T01:23:59+08:00 ] ERR: (ThinkException) 非法操作:styles
[ 2016-10-07T01:23:59+08:00 ] ERR: (ThinkException) 非法操作:java - 知识库 - 你身边的技术百科全书 - csdn_files
[ 2016-10-07T01:24:28+08:00 ] ERR: (ThinkException) 非法操作:styles
[ 2016-10-07T01:24:28+08:00 ] ERR: (ThinkException) 非法操作:java - 知识库 - 你身边的技术百科全书 - csdn_files
[ 2016-10-07T10:59:10+08:00 ] ERR: (ThinkException) 非法操作:styles
[ 2016-10-07T10:59:10+08:00 ] ERR: (ThinkException) 非法操作:java - 知识库 - 你身边的技术百科全书 - csdn_files
[ 2016-10-07T10:59:19+08:00 ] ERR: (ThinkException) 非法操作:styles
[ 2016-10-07T10:59:19+08:00 ] ERR: (ThinkException) 非法操作:java - 知识库 - 你身边的技术百科全书 - csdn_files
[ 2016-10-07T10:59:27+08:00 ] ERR: (ThinkException) 非法操作:styles
[ 2016-10-07T10:59:27+08:00 ] ERR: (ThinkException) 非法操作:java - 知识库 - 你身边的技术百科全书 - csdn_files
[ 2016-10-07T11:02:06+08:00 ] ERR: (ThinkException) 非法操作:personcenter
[ 2016-10-07T11:02:24+08:00 ] ERR: (ThinkException) 非法操作:personcenter
[ 2016-10-07T11:02:58+08:00 ] ERR: (ThinkException) 非法操作:styles
[ 2016-10-07T11:02:58+08:00 ] ERR: (ThinkException) 非法操作:java - 知识库 - 你身边的技术百科全书 - csdn_files
[ 2016-10-07T11:04:41+08:00 ] ERR: (ThinkException) 非法操作:styles
[ 2016-10-07T11:04:41+08:00 ] ERR: (ThinkException) 非法操作:java - 知识库 - 你身边的技术百科全书 - csdn_files
[ 2016-10-07T11:04:43+08:00 ] ERR: (ThinkException) 非法操作:styles
[ 2016-10-07T11:04:43+08:00 ] ERR: (ThinkException) 非法操作:java - 知识库 - 你身边的技术百科全书 - csdn_files
[ 2016-10-07T11:05:56+08:00 ] ERR: (ThinkException) 非法操作:styles
[ 2016-10-07T11:05:56+08:00 ] ERR: (ThinkException) 非法操作:java - 知识库 - 你身边的技术百科全书 - csdn_files
[ 2016-10-07T11:05:58+08:00 ] ERR: (ThinkException) 非法操作:styles
[ 2016-10-07T11:05:58+08:00 ] ERR: (ThinkException) 非法操作:java - 知识库 - 你身边的技术百科全书 - csdn_files
[ 2016-10-07T11:08:50+08:00 ] ERR: (ThinkException) 非法操作:styles
[ 2016-10-07T11:08:50+08:00 ] ERR: (ThinkException) 非法操作:java - 知识库 - 你身边的技术百科全书 - csdn_files
[ 2016-10-07T11:09:39+08:00 ] ERR: (ThinkException) 非法操作:styles
[ 2016-10-07T11:09:39+08:00 ] ERR: (ThinkException) 非法操作:java - 知识库 - 你身边的技术百科全书 - csdn_files
[ 2016-10-07T11:10:16+08:00 ] ERR: (ThinkException) 非法操作:styles
[ 2016-10-07T11:10:16+08:00 ] ERR: (ThinkException) 非法操作:java - 知识库 - 你身边的技术百科全书 - csdn_files
[ 2016-10-07T11:10:35+08:00 ] ERR: (ThinkException) 非法操作:styles
[ 2016-10-07T11:10:35+08:00 ] ERR: (ThinkException) 非法操作:java - 知识库 - 你身边的技术百科全书 - csdn_files
[ 2016-10-07T11:12:48+08:00 ] ERR: (ThinkException) 非法操作:styles
[ 2016-10-07T11:12:48+08:00 ] ERR: (ThinkException) 非法操作:java - 知识库 - 你身边的技术百科全书 - csdn_files
[ 2016-10-07T11:13:09+08:00 ] ERR: (ThinkException) 非法操作:java - 知识库 - 你身边的技术百科全书 - csdn_files
[ 2016-10-07T11:13:09+08:00 ] ERR: (ThinkException) 非法操作:styles
[ 2016-10-07T11:13:20+08:00 ] ERR: (ThinkException) 非法操作:styles
[ 2016-10-07T11:13:20+08:00 ] ERR: (ThinkException) 非法操作:java - 知识库 - 你身边的技术百科全书 - csdn_files
[ 2016-10-07T11:16:37+08:00 ] ERR: (ThinkException) 非法操作:styles
[ 2016-10-07T11:16:52+08:00 ] ERR: (ThinkException) 非法操作:styles
[ 2016-10-07T11:17:17+08:00 ] ERR: (ThinkException) 非法操作:styles
[ 2016-10-07T11:17:19+08:00 ] ERR: (ThinkException) 非法操作:styles
[ 2016-10-07T11:17:38+08:00 ] ERR: (ThinkException) 非法操作:styles
[ 2016-10-07T11:18:14+08:00 ] ERR: (ThinkException) 非法操作:styles
[ 2016-10-07T11:18:59+08:00 ] ERR: (ThinkException) 非法操作:styles
[ 2016-10-07T11:19:14+08:00 ] ERR: (ThinkException) 非法操作:styles
[ 2016-10-07T11:19:18+08:00 ] ERR: (ThinkException) 非法操作:styles
[ 2016-10-07T11:19:24+08:00 ] ERR: (ThinkException) 非法操作:styles
[ 2016-10-07T11:19:42+08:00 ] ERR: (ThinkException) 非法操作:styles
[ 2016-10-07T11:19:48+08:00 ] ERR: (ThinkException) 非法操作:styles
[ 2016-10-07T11:21:27+08:00 ] ERR: (ThinkException) 非法操作:styles
[ 2016-10-07T11:21:50+08:00 ] ERR: (ThinkException) 非法操作:styles
[ 2016-10-07T11:21:57+08:00 ] ERR: (ThinkException) 非法操作:styles
[ 2016-10-07T11:24:06+08:00 ] ERR: (ThinkException) 非法操作:styles
[ 2016-10-07T11:24:14+08:00 ] ERR: (ThinkException) 非法操作:styles
[ 2016-10-07T11:32:56+08:00 ] ERR: (ThinkException) 非法操作:styles
[ 2016-10-07T11:57:10+08:00 ] ERR: (ThinkException) 非法操作:learnprogramme
[ 2016-10-07T12:07:29+08:00 ] ERR: (ThinkException) 非法操作:java - 知识库 - 你身边的技术百科全书 - csdn_files
[ 2016-10-07T12:07:29+08:00 ] ERR: (ThinkException) 非法操作:java - 知识库 - 你身边的技术百科全书 - csdn_files
[ 2016-10-07T12:07:29+08:00 ] ERR: (ThinkException) 非法操作:java - 知识库 - 你身边的技术百科全书 - csdn_files
[ 2016-10-07T12:07:58+08:00 ] ERR: (ThinkException) 非法操作:java - 知识库 - 你身边的技术百科全书 - csdn_files
[ 2016-10-07T12:07:58+08:00 ] ERR: (ThinkException) 非法操作:java - 知识库 - 你身边的技术百科全书 - csdn_files
[ 2016-10-07T12:07:58+08:00 ] ERR: (ThinkException) 非法操作:java - 知识库 - 你身边的技术百科全书 - csdn_files
[ 2016-10-07T12:08:25+08:00 ] ERR: (ThinkException) 非法操作:java - 知识库 - 你身边的技术百科全书 - csdn_files
[ 2016-10-07T12:08:25+08:00 ] ERR: (ThinkException) 非法操作:java - 知识库 - 你身边的技术百科全书 - csdn_files
[ 2016-10-07T12:08:25+08:00 ] ERR: (ThinkException) 非法操作:java - 知识库 - 你身边的技术百科全书 - csdn_files
[ 2016-10-07T12:09:14+08:00 ] ERR: (ThinkException) 非法操作:java - 知识库 - 你身边的技术百科全书 - csdn_files
[ 2016-10-07T12:09:14+08:00 ] ERR: (ThinkException) 非法操作:java - 知识库 - 你身边的技术百科全书 - csdn_files
[ 2016-10-07T12:09:14+08:00 ] ERR: (ThinkException) 非法操作:java - 知识库 - 你身边的技术百科全书 - csdn_files
[ 2016-10-07T12:10:00+08:00 ] ERR: (ThinkException) 非法操作:java - 知识库 - 你身边的技术百科全书 - csdn_files
[ 2016-10-07T12:10:00+08:00 ] ERR: (ThinkException) 非法操作:java - 知识库 - 你身边的技术百科全书 - csdn_files
[ 2016-10-07T12:10:08+08:00 ] ERR: (ThinkException) 非法操作:java - 知识库 - 你身边的技术百科全书 - csdn_files
[ 2016-10-07T12:10:08+08:00 ] ERR: (ThinkException) 非法操作:java - 知识库 - 你身边的技术百科全书 - csdn_files
[ 2016-10-07T12:11:05+08:00 ] ERR: (ThinkException) 非法操作:java - 知识库 - 你身边的技术百科全书 - csdn_files
[ 2016-10-07T12:11:05+08:00 ] ERR: (ThinkException) 非法操作:java - 知识库 - 你身边的技术百科全书 - csdn_files
[ 2016-10-07T12:13:28+08:00 ] ERR: (ThinkException) 非法操作:java - 知识库 - 你身边的技术百科全书 - csdn_files
[ 2016-10-07T12:14:04+08:00 ] ERR: (ThinkException) 非法操作:java - 知识库 - 你身边的技术百科全书 - csdn_files
[ 2016-10-07T12:15:23+08:00 ] ERR: (ThinkException) 非法操作:java - 知识库 - 你身边的技术百科全书 - csdn_files
[ 2016-10-07T12:16:06+08:00 ] ERR: (ThinkException) 非法操作:java - 知识库 - 你身边的技术百科全书 - csdn_files
[ 2016-10-07T12:16:39+08:00 ] ERR: (ThinkException) 非法操作:java - 知识库 - 你身边的技术百科全书 - csdn_files
[ 2016-10-07T12:16:58+08:00 ] ERR: (ThinkException) 非法操作:java - 知识库 - 你身边的技术百科全书 - csdn_files
[ 2016-10-07T12:16:59+08:00 ] ERR: (ThinkException) 非法操作:java - 知识库 - 你身边的技术百科全书 - csdn_files
[ 2016-10-07T12:16:59+08:00 ] ERR: (ThinkException) 非法操作:java - 知识库 - 你身边的技术百科全书 - csdn_files
[ 2016-10-07T12:17:04+08:00 ] ERR: (ThinkException) 非法操作:java - 知识库 - 你身边的技术百科全书 - csdn_files
[ 2016-10-07T12:17:27+08:00 ] ERR: (ThinkException) 非法操作:java - 知识库 - 你身边的技术百科全书 - csdn_files
[ 2016-10-07T13:08:11+08:00 ] ERR: (ThinkException) 非法操作:search
[ 2016-10-07T17:14:43+08:00 ] ERR: (ThinkException) 无法加载模块:Becommunity
