[ 2016-10-09T21:58:46+08:00 ] ERR: (ThinkException) 非法操作:modifyblog
[ 2016-10-09T21:59:06+08:00 ] ERR: (ThinkException) 非法操作:modifyblog
[ 2016-10-09T21:59:25+08:00 ] ERR: (ThinkException) 模板不存在[./App/Tpl/Home/Person/modifyblog.html]
[ 2016-10-09T21:59:34+08:00 ] ERR: (ThinkException) 模板不存在[./App/Tpl/Home/Person/modifyblog.html]
[ 2016-10-09T22:00:25+08:00 ] ERR: (ThinkException) 模板不存在[./App/Tpl/Home/Person/modifyblog.html]
[ 2016-10-09T22:00:26+08:00 ] ERR: (ThinkException) 模板不存在[./App/Tpl/Home/Person/modifyblog.html]
[ 2016-10-09T22:00:30+08:00 ] ERR: (ThinkException) 模板不存在[./App/Tpl/Home/Person/modifyblog.html]
[ 2016-10-09T22:14:28+08:00 ] ERR: (ThinkException) 非法操作:该页面丢失!
[ 2016-10-09T23:52:06+08:00 ] ERR: (ThinkException) 无法加载模块:Styles
[ 2016-10-09T23:52:06+08:00 ] ERR: (ThinkException) 无法加载模块:Styles
[ 2016-10-09T23:52:06+08:00 ] ERR: (ThinkException) 无法加载模块:Styles
[ 2016-10-09T23:52:06+08:00 ] ERR: (ThinkException) 无法加载模块:Styles
[ 2016-10-09T23:52:06+08:00 ] ERR: (ThinkException) 无法加载模块:Styles
[ 2016-10-09T23:52:06+08:00 ] ERR: (ThinkException) 无法加载模块:Styles
[ 2016-10-09T23:52:06+08:00 ] ERR: (ThinkException) 无法加载模块:琉忆光年-又一个WordPress站点Files
[ 2016-10-09T23:52:06+08:00 ] ERR: (ThinkException) 无法加载模块:Styles
[ 2016-10-09T23:52:29+08:00 ] ERR: (ThinkException) 无法加载模块:琉忆光年-又一个WordPress站点Files
[ 2016-10-09T23:53:52+08:00 ] ERR: (ThinkException) 无法加载模块:琉忆光年-又一个WordPress站点Files
[ 2016-10-09T23:54:38+08:00 ] ERR: (ThinkException) 无法加载模块:琉忆光年-又一个WordPress站点Files
[ 2016-10-09T23:54:57+08:00 ] ERR: (ThinkException) 无法加载模块:琉忆光年-又一个WordPress站点Files
[ 2016-10-09T23:55:00+08:00 ] ERR: (ThinkException) 无法加载模块:琉忆光年-又一个WordPress站点Files
[ 2016-10-09T23:55:08+08:00 ] ERR: (ThinkException) 无法加载模块:琉忆光年-又一个WordPress站点Files
[ 2016-10-09T23:55:11+08:00 ] ERR: (ThinkException) 无法加载模块:琉忆光年-又一个WordPress站点Files
[ 2016-10-09T23:56:04+08:00 ] ERR: (ThinkException) 无法加载模块:琉忆光年-又一个WordPress站点Files
[ 2016-10-09T23:56:20+08:00 ] ERR: (ThinkException) 无法加载模块:琉忆光年-又一个WordPress站点Files
[ 2016-10-09T23:57:11+08:00 ] ERR: (ThinkException) 无法加载模块:琉忆光年-又一个WordPress站点Files
[ 2016-10-09T23:57:26+08:00 ] ERR: (ThinkException) 无法加载模块:琉忆光年-又一个WordPress站点Files
[ 2016-10-09T23:57:32+08:00 ] ERR: (ThinkException) 无法加载模块:琉忆光年-又一个WordPress站点Files
[ 2016-10-09T23:57:35+08:00 ] ERR: (ThinkException) 无法加载模块:琉忆光年-又一个WordPress站点Files
[ 2016-10-09T23:57:49+08:00 ] ERR: (ThinkException) 无法加载模块:琉忆光年-又一个WordPress站点Files
[ 2016-10-09T23:58:13+08:00 ] ERR: (ThinkException) 无法加载模块:琉忆光年-又一个WordPress站点Files
[ 2016-10-09T23:58:17+08:00 ] ERR: (ThinkException) 无法加载模块:琉忆光年-又一个WordPress站点Files
[ 2016-10-09T23:58:28+08:00 ] ERR: (ThinkException) 无法加载模块:琉忆光年-又一个WordPress站点Files
[ 2016-10-09T23:59:49+08:00 ] ERR: (ThinkException) 无法加载模块:琉忆光年-又一个WordPress站点Files
