[ 2016-10-04T00:10:54+08:00 ] ERR: (ThinkException) 非法操作:ueditor
[ 2016-10-04T00:17:50+08:00 ] ERR: (ThinkException) 非法操作:ueditor
[ 2016-10-04T00:17:51+08:00 ] ERR: (ThinkException) 非法操作:ueditor
[ 2016-10-04T00:18:00+08:00 ] ERR: (ThinkException) 非法操作:ueditor
[ 2016-10-04T09:37:19+08:00 ] ERR: (ThinkException) 非法操作:xiaoxi
[ 2016-10-04T09:37:50+08:00 ] ERR: (ThinkException) 非法操作:addarc
[ 2016-10-04T09:38:11+08:00 ] ERR: (ThinkException) 非法操作:addarc
[ 2016-10-04T09:38:31+08:00 ] ERR: (ThinkException) 非法操作:addarc
[ 2016-10-04T09:39:01+08:00 ] ERR: (ThinkException) 非法操作:addarc
[ 2016-10-04T09:39:45+08:00 ] ERR: (ThinkException) 非法操作:xiaoxi
[ 2016-10-04T09:42:18+08:00 ] ERR: (ThinkException) Action:userintro您所请求的方法不存在！
[ 2016-10-04T09:42:41+08:00 ] ERR: (ThinkException) Action:userintro您所请求的方法不存在！
[ 2016-10-04T09:57:57+08:00 ] ERR: (ThinkException) 非法操作:ueditor
[ 2016-10-04T10:02:33+08:00 ] ERR: (ThinkException) 非法操作:ueditor
[ 2016-10-04T10:06:54+08:00 ] ERR: (ThinkException) 非法操作:modifypass.shtml
[ 2016-10-04T10:07:04+08:00 ] ERR: (ThinkException) 非法操作:modifypass.shtml
[ 2016-10-04T10:22:51+08:00 ] ERR: (ThinkException) 非法操作:domodifypass
[ 2016-10-04T10:23:04+08:00 ] ERR: (ThinkException) 非法操作:domodifypass
[ 2016-10-04T10:23:11+08:00 ] ERR: (ThinkException) 非法操作:domodifypass
[ 2016-10-04T10:23:51+08:00 ] ERR: (ThinkException) 非法操作:domodifypass
[ 2016-10-04T10:28:13+08:00 ] ERR: (ThinkException) 非法操作:domodifypass
[ 2016-10-04T10:56:54+08:00 ] ERR: (ThinkException) 非法操作:seeme.shtml
[ 2016-10-04T10:57:27+08:00 ] ERR: (ThinkException) 非法操作:seeme.shtml
[ 2016-10-04T12:15:03+08:00 ] ERR: (ThinkException) 非法操作:57f32c94b77cd.jpg
[ 2016-10-04T12:15:03+08:00 ] ERR: (ThinkException) 非法操作:57f32c94b77cd.jpg
[ 2016-10-04T19:56:26+08:00 ] ERR: (ThinkException) 无法加载模块:Adminlist
[ 2016-10-04T19:56:35+08:00 ] ERR: (ThinkException) 无法加载模块:Adminlist
[ 2016-10-04T19:58:35+08:00 ] ERR: (ThinkException) 非法操作:ueditor
[ 2016-10-04T19:58:49+08:00 ] ERR: (ThinkException) 非法操作:index
[ 2016-10-04T19:59:24+08:00 ] ERR: (ThinkException) 非法操作:index
[ 2016-10-04T20:12:47+08:00 ] ERR: (ThinkException) Model:getUserlist您所请求的方法不存在！
[ 2016-10-04T20:12:59+08:00 ] ERR: (ThinkException) Model:getUserlist您所请求的方法不存在！
[ 2016-10-04T20:13:35+08:00 ] ERR: (ThinkException) Model:getUserlist您所请求的方法不存在！
[ 2016-10-04T20:13:46+08:00 ] ERR: (ThinkException) Model:getUserList您所请求的方法不存在！
[ 2016-10-04T21:30:09+08:00 ] ERR: (ThinkException) XML标签语法错误 : name="<{$vo['power']}
[ 2016-10-04T21:30:09+08:00 ] ERR: (ThinkException) 非法操作:__public__
[ 2016-10-04T21:30:09+08:00 ] ERR: (ThinkException) 非法操作:__public__
[ 2016-10-04T21:30:09+08:00 ] ERR: (ThinkException) 非法操作:
[ 2016-10-04T21:30:09+08:00 ] ERR: (ThinkException) 非法操作:__public__
[ 2016-10-04T21:30:09+08:00 ] ERR: (ThinkException) 非法操作:__public__
[ 2016-10-04T21:30:09+08:00 ] ERR: (ThinkException) 非法操作:__public__
[ 2016-10-04T21:30:09+08:00 ] ERR: (ThinkException) 非法操作:__public__
[ 2016-10-04T21:30:09+08:00 ] ERR: (ThinkException) 非法操作:__public__
[ 2016-10-04T21:30:09+08:00 ] ERR: (ThinkException) 非法操作:
[ 2016-10-04T21:30:09+08:00 ] ERR: (ThinkException) 非法操作:__public__
[ 2016-10-04T21:30:09+08:00 ] ERR: (ThinkException) 非法操作:
[ 2016-10-04T21:33:44+08:00 ] ERR: (ThinkException) XML标签语法错误 : name="$vo.power 
[ 2016-10-04T21:33:44+08:00 ] ERR: (ThinkException) 非法操作:__public__
[ 2016-10-04T21:33:44+08:00 ] ERR: (ThinkException) 非法操作:
[ 2016-10-04T21:33:44+08:00 ] ERR: (ThinkException) 非法操作:__public__
[ 2016-10-04T21:33:44+08:00 ] ERR: (ThinkException) 非法操作:__public__
[ 2016-10-04T21:33:44+08:00 ] ERR: (ThinkException) 非法操作:__public__
[ 2016-10-04T21:33:44+08:00 ] ERR: (ThinkException) 非法操作:__public__
[ 2016-10-04T21:33:44+08:00 ] ERR: (ThinkException) 非法操作:__public__
[ 2016-10-04T21:33:45+08:00 ] ERR: (ThinkException) 非法操作:
[ 2016-10-04T21:33:45+08:00 ] ERR: (ThinkException) 非法操作:__public__
[ 2016-10-04T21:33:45+08:00 ] ERR: (ThinkException) 非法操作:
[ 2016-10-04T21:33:45+08:00 ] ERR: (ThinkException) 非法操作:__public__
[ 2016-10-04T21:33:45+08:00 ] ERR: (ThinkException) 非法操作:
[ 2016-10-04T21:38:52+08:00 ] ERR: (ThinkException) 非法操作:addadmin
[ 2016-10-04T21:40:17+08:00 ] ERR: (ThinkException) 非法操作:addadmin
[ 2016-10-04T22:31:45+08:00 ] ERR: (ThinkException) 非法操作:57ed18852bb5f.jpg
[ 2016-10-04T22:31:45+08:00 ] ERR: (ThinkException) 非法操作:57f1bf901864f.jpg
[ 2016-10-04T22:31:45+08:00 ] ERR: (ThinkException) 非法操作:57e50fc1be566.jpg
[ 2016-10-04T22:31:45+08:00 ] ERR: (ThinkException) 非法操作:57e50d9a93ba9.jpg
[ 2016-10-04T22:31:45+08:00 ] ERR: (ThinkException) 非法操作:57e5144df375b.jpg
[ 2016-10-04T23:12:03+08:00 ] ERR: (ThinkException) 非法操作:modifycode
[ 2016-10-04T23:13:50+08:00 ] ERR: (ThinkException) 非法操作:modifycode
[ 2016-10-04T23:16:09+08:00 ] ERR: (ThinkException) 非法操作:modifycode
