[ 2016-10-03T10:25:02+08:00 ] ERR: (ThinkException) 非法操作:caina
[ 2016-10-03T10:25:11+08:00 ] ERR: (ThinkException) 非法操作:caina
[ 2016-10-03T10:28:09+08:00 ] ERR: (ThinkException) 非法操作:caina
[ 2016-10-03T10:49:41+08:00 ] ERR: (ThinkException) 无法加载模块:150
[ 2016-10-03T10:50:12+08:00 ] ERR: (ThinkException) 无法加载模块:150
[ 2016-10-03T10:50:16+08:00 ] ERR: (ThinkException) 无法加载模块:150
[ 2016-10-03T10:50:37+08:00 ] ERR: (ThinkException) 无法加载模块:150
[ 2016-10-03T10:50:43+08:00 ] ERR: (ThinkException) 无法加载模块:150
[ 2016-10-03T10:50:52+08:00 ] ERR: (ThinkException) 无法加载模块:150
[ 2016-10-03T10:52:17+08:00 ] ERR: (ThinkException) 无法加载模块:150
[ 2016-10-03T10:52:22+08:00 ] ERR: (ThinkException) 无法加载模块:150
[ 2016-10-03T10:52:23+08:00 ] ERR: (ThinkException) 无法加载模块:150
[ 2016-10-03T10:52:30+08:00 ] ERR: (ThinkException) 无法加载模块:150
[ 2016-10-03T10:52:37+08:00 ] ERR: (ThinkException) 无法加载模块:150
[ 2016-10-03T10:53:08+08:00 ] ERR: (ThinkException) 无法加载模块:150
[ 2016-10-03T10:53:09+08:00 ] ERR: (ThinkException) 无法加载模块:150
[ 2016-10-03T10:53:10+08:00 ] ERR: (ThinkException) 无法加载模块:150
[ 2016-10-03T10:53:10+08:00 ] ERR: (ThinkException) 无法加载模块:150
[ 2016-10-03T10:53:10+08:00 ] ERR: (ThinkException) 无法加载模块:150
[ 2016-10-03T10:53:10+08:00 ] ERR: (ThinkException) 无法加载模块:150
[ 2016-10-03T10:53:11+08:00 ] ERR: (ThinkException) 无法加载模块:150
[ 2016-10-03T10:55:12+08:00 ] ERR: (ThinkException) 无法加载模块:150
[ 2016-10-03T10:55:51+08:00 ] ERR: (ThinkException) 无法加载模块:150
[ 2016-10-03T10:56:08+08:00 ] ERR: (ThinkException) 无法加载模块:150
[ 2016-10-03T10:56:36+08:00 ] ERR: (ThinkException) 无法加载模块:150
[ 2016-10-03T11:54:55+08:00 ] ERR: (ThinkException) 非法操作:xiaoxi
[ 2016-10-03T12:07:36+08:00 ] ERR: (ThinkException) 非法操作:xiaoxi
[ 2016-10-03T12:08:53+08:00 ] ERR: (ThinkException) 模板不存在[./App/Tpl/Home/Question/xiaoxi.html]
[ 2016-10-03T12:10:24+08:00 ] ERR: (ThinkException) 模板不存在[./App/Tpl/Home/Question/xiaoxi.html]
[ 2016-10-03T13:29:26+08:00 ] ERR: (ThinkException) 非法操作:downpage.shtml
[ 2016-10-03T13:34:12+08:00 ] ERR: (ThinkException) 无法加载模块:Code
[ 2016-10-03T16:50:24+08:00 ] ERR: (ThinkException) 非法操作:index
[ 2016-10-03T16:59:41+08:00 ] ERR: (ThinkException) 模板不存在[./App/Tpl/Home/Code/index.html]
[ 2016-10-03T17:34:24+08:00 ] ERR: (ThinkException) 非法操作:ueditor
[ 2016-10-03T17:35:34+08:00 ] ERR: (ThinkException) 非法操作:ueditor
[ 2016-10-03T17:36:47+08:00 ] ERR: (ThinkException) 非法操作:modifypass.shtml
[ 2016-10-03T17:39:13+08:00 ] ERR: (ThinkException) 非法操作:ueditor
[ 2016-10-03T17:44:09+08:00 ] ERR: (ThinkException) 无法加载模块:Question
[ 2016-10-03T18:00:54+08:00 ] ERR: (ThinkException) Model:questionAll您所请求的方法不存在！
[ 2016-10-03T18:01:59+08:00 ] ERR: (ThinkException) 无法加载模块:Question
[ 2016-10-03T18:02:25+08:00 ] ERR: (ThinkException) 无法加载模块:Question
[ 2016-10-03T18:02:26+08:00 ] ERR: (ThinkException) 无法加载模块:Question
[ 2016-10-03T18:02:26+08:00 ] ERR: (ThinkException) 无法加载模块:Question
[ 2016-10-03T18:02:41+08:00 ] ERR: (ThinkException) 无法加载模块:Question
[ 2016-10-03T18:02:42+08:00 ] ERR: (ThinkException) 无法加载模块:Question
[ 2016-10-03T18:02:42+08:00 ] ERR: (ThinkException) 无法加载模块:Question
[ 2016-10-03T18:02:46+08:00 ] ERR: (ThinkException) 无法加载模块:Question
[ 2016-10-03T18:03:02+08:00 ] ERR: (ThinkException) 无法加载模块:Question
[ 2016-10-03T18:03:02+08:00 ] ERR: (ThinkException) 无法加载模块:Question
[ 2016-10-03T18:03:02+08:00 ] ERR: (ThinkException) 无法加载模块:Question
[ 2016-10-03T18:03:40+08:00 ] ERR: (ThinkException) 无法加载模块:Question
[ 2016-10-03T18:03:45+08:00 ] ERR: (ThinkException) 无法加载模块:Question
[ 2016-10-03T18:03:52+08:00 ] ERR: (ThinkException) 无法加载模块:Question
[ 2016-10-03T18:04:02+08:00 ] ERR: (ThinkException) 无法加载模块:Question
[ 2016-10-03T18:04:10+08:00 ] ERR: (ThinkException) 无法加载模块:Question
[ 2016-10-03T18:04:10+08:00 ] ERR: (ThinkException) 无法加载模块:Question
[ 2016-10-03T18:04:10+08:00 ] ERR: (ThinkException) 无法加载模块:Question
[ 2016-10-03T18:04:10+08:00 ] ERR: (ThinkException) 无法加载模块:Question
[ 2016-10-03T18:04:11+08:00 ] ERR: (ThinkException) 无法加载模块:Question
[ 2016-10-03T18:04:11+08:00 ] ERR: (ThinkException) 无法加载模块:Question
[ 2016-10-03T18:04:11+08:00 ] ERR: (ThinkException) 无法加载模块:Question
[ 2016-10-03T18:04:11+08:00 ] ERR: (ThinkException) 无法加载模块:Question
[ 2016-10-03T18:04:11+08:00 ] ERR: (ThinkException) 无法加载模块:Question
[ 2016-10-03T18:04:11+08:00 ] ERR: (ThinkException) 无法加载模块:Question
[ 2016-10-03T18:04:12+08:00 ] ERR: (ThinkException) 无法加载模块:Question
[ 2016-10-03T18:04:12+08:00 ] ERR: (ThinkException) 无法加载模块:Question
[ 2016-10-03T18:04:12+08:00 ] ERR: (ThinkException) 无法加载模块:Question
[ 2016-10-03T18:04:12+08:00 ] ERR: (ThinkException) 无法加载模块:Question
[ 2016-10-03T18:04:12+08:00 ] ERR: (ThinkException) 无法加载模块:Question
[ 2016-10-03T18:04:12+08:00 ] ERR: (ThinkException) 无法加载模块:Question
[ 2016-10-03T18:04:13+08:00 ] ERR: (ThinkException) 无法加载模块:Question
[ 2016-10-03T18:04:13+08:00 ] ERR: (ThinkException) 无法加载模块:Question
[ 2016-10-03T18:04:13+08:00 ] ERR: (ThinkException) 无法加载模块:Question
[ 2016-10-03T18:04:13+08:00 ] ERR: (ThinkException) 无法加载模块:Question
[ 2016-10-03T18:04:13+08:00 ] ERR: (ThinkException) 无法加载模块:Question
[ 2016-10-03T18:04:48+08:00 ] ERR: (ThinkException) Model:questionAll您所请求的方法不存在！
[ 2016-10-03T18:04:56+08:00 ] ERR: (ThinkException) Model:questionAll您所请求的方法不存在！
[ 2016-10-03T18:05:04+08:00 ] ERR: (ThinkException) Model:questionAll您所请求的方法不存在！
[ 2016-10-03T18:43:22+08:00 ] ERR: (ThinkException) 非法操作:wenti
[ 2016-10-03T18:45:45+08:00 ] ERR: (ThinkException) 非法操作:wenti
[ 2016-10-03T18:55:21+08:00 ] ERR: (ThinkException) 非法操作:addsort
[ 2016-10-03T19:49:24+08:00 ] ERR: (ThinkException) Action:setMessage您所请求的方法不存在！
[ 2016-10-03T21:41:47+08:00 ] ERR: (ThinkException) Model:questionAll您所请求的方法不存在！
[ 2016-10-03T21:42:08+08:00 ] ERR: (ThinkException) Model:questionAll您所请求的方法不存在！
[ 2016-10-03T21:52:02+08:00 ] ERR: (ThinkException) 非法操作:seeme.shtml
[ 2016-10-03T22:05:12+08:00 ] ERR: (ThinkException) 非法操作:ueditor
[ 2016-10-03T22:05:47+08:00 ] ERR: (ThinkException) 非法操作:ueditor
[ 2016-10-03T22:06:25+08:00 ] ERR: (ThinkException) 非法操作:ueditor
[ 2016-10-03T22:06:33+08:00 ] ERR: (ThinkException) 非法操作:ueditor
[ 2016-10-03T22:06:54+08:00 ] ERR: (ThinkException) 非法操作:ueditor
[ 2016-10-03T22:07:02+08:00 ] ERR: (ThinkException) 非法操作:ueditor
[ 2016-10-03T22:07:15+08:00 ] ERR: (ThinkException) 非法操作:ueditor
[ 2016-10-03T22:07:21+08:00 ] ERR: (ThinkException) 非法操作:ueditor
[ 2016-10-03T22:07:27+08:00 ] ERR: (ThinkException) 非法操作:ueditor
[ 2016-10-03T22:07:37+08:00 ] ERR: (ThinkException) 非法操作:ueditor
[ 2016-10-03T22:08:07+08:00 ] ERR: (ThinkException) 非法操作:ueditor
[ 2016-10-03T22:08:38+08:00 ] ERR: (ThinkException) 非法操作:ueditor
[ 2016-10-03T22:08:54+08:00 ] ERR: (ThinkException) 非法操作:ueditor
[ 2016-10-03T22:09:07+08:00 ] ERR: (ThinkException) 非法操作:ueditor
[ 2016-10-03T22:09:12+08:00 ] ERR: (ThinkException) 非法操作:ueditor
[ 2016-10-03T22:09:49+08:00 ] ERR: (ThinkException) 非法操作:ueditor
[ 2016-10-03T22:10:17+08:00 ] ERR: (ThinkException) 非法操作:ueditor
[ 2016-10-03T22:10:25+08:00 ] ERR: (ThinkException) 非法操作:ueditor
[ 2016-10-03T22:10:33+08:00 ] ERR: (ThinkException) 非法操作:ueditor
[ 2016-10-03T22:10:41+08:00 ] ERR: (ThinkException) 非法操作:ueditor
[ 2016-10-03T22:10:56+08:00 ] ERR: (ThinkException) 非法操作:ueditor
[ 2016-10-03T22:11:20+08:00 ] ERR: (ThinkException) 非法操作:ueditor
[ 2016-10-03T22:11:41+08:00 ] ERR: (ThinkException) 非法操作:ueditor
[ 2016-10-03T22:12:18+08:00 ] ERR: (ThinkException) 非法操作:ueditor
[ 2016-10-03T22:14:58+08:00 ] ERR: (ThinkException) 非法操作:ueditor
[ 2016-10-03T22:15:34+08:00 ] ERR: (ThinkException) 非法操作:ueditor
[ 2016-10-03T22:41:06+08:00 ] ERR: (ThinkException) 非法操作:ueditor
[ 2016-10-03T23:23:48+08:00 ] ERR: (ThinkException) 非法操作:ueditor
[ 2016-10-03T23:27:20+08:00 ] ERR: (ThinkException) 非法操作:ueditor
[ 2016-10-03T23:27:59+08:00 ] ERR: (ThinkException) 非法操作:ueditor
[ 2016-10-03T23:33:27+08:00 ] ERR: (ThinkException) 非法操作:ueditor
[ 2016-10-03T23:33:30+08:00 ] ERR: (ThinkException) 非法操作:ueditor
[ 2016-10-03T23:33:42+08:00 ] ERR: (ThinkException) 非法操作:ueditor
[ 2016-10-03T23:35:31+08:00 ] ERR: (ThinkException) 非法操作:该页面丢失!
[ 2016-10-03T23:36:11+08:00 ] ERR: (ThinkException) 非法操作:ueditor
[ 2016-10-03T23:42:36+08:00 ] ERR: (ThinkException) Model:getAllNav您所请求的方法不存在！
[ 2016-10-03T23:43:13+08:00 ] ERR: (ThinkException) 无法加载模块:1
