[ 2016-10-10T00:19:25+08:00 ] ERR: (ThinkException) 无法加载模块:琉忆光年-又一个WordPress站点Files
[ 2016-10-10T00:20:15+08:00 ] ERR: (ThinkException) 无法加载模块:琉忆光年-又一个WordPress站点Files
[ 2016-10-10T00:20:28+08:00 ] ERR: (ThinkException) 无法加载模块:琉忆光年-又一个WordPress站点Files
[ 2016-10-10T00:20:31+08:00 ] ERR: (ThinkException) 无法加载模块:琉忆光年-又一个WordPress站点Files
[ 2016-10-10T00:21:13+08:00 ] ERR: (ThinkException) 无法加载模块:琉忆光年-又一个WordPress站点Files
[ 2016-10-10T00:21:36+08:00 ] ERR: (ThinkException) 无法加载模块:琉忆光年-又一个WordPress站点Files
[ 2016-10-10T00:21:45+08:00 ] ERR: (ThinkException) 无法加载模块:琉忆光年-又一个WordPress站点Files
[ 2016-10-10T00:21:57+08:00 ] ERR: (ThinkException) 无法加载模块:琉忆光年-又一个WordPress站点Files
[ 2016-10-10T00:22:05+08:00 ] ERR: (ThinkException) 无法加载模块:琉忆光年-又一个WordPress站点Files
[ 2016-10-10T00:22:12+08:00 ] ERR: (ThinkException) 无法加载模块:琉忆光年-又一个WordPress站点Files
[ 2016-10-10T00:22:57+08:00 ] ERR: (ThinkException) 无法加载模块:琉忆光年-又一个WordPress站点Files
[ 2016-10-10T00:22:59+08:00 ] ERR: (ThinkException) 无法加载模块:琉忆光年-又一个WordPress站点Files
[ 2016-10-10T00:23:02+08:00 ] ERR: (ThinkException) 无法加载模块:琉忆光年-又一个WordPress站点Files
[ 2016-10-10T00:23:11+08:00 ] ERR: (ThinkException) 无法加载模块:琉忆光年-又一个WordPress站点Files
[ 2016-10-10T00:23:14+08:00 ] ERR: (ThinkException) 无法加载模块:琉忆光年-又一个WordPress站点Files
[ 2016-10-10T00:23:22+08:00 ] ERR: (ThinkException) 无法加载模块:琉忆光年-又一个WordPress站点Files
[ 2016-10-10T00:23:31+08:00 ] ERR: (ThinkException) 无法加载模块:琉忆光年-又一个WordPress站点Files
[ 2016-10-10T00:23:43+08:00 ] ERR: (ThinkException) 无法加载模块:琉忆光年-又一个WordPress站点Files
[ 2016-10-10T00:23:50+08:00 ] ERR: (ThinkException) 无法加载模块:琉忆光年-又一个WordPress站点Files
[ 2016-10-10T00:24:50+08:00 ] ERR: (ThinkException) 无法加载模块:琉忆光年-又一个WordPress站点Files
[ 2016-10-10T00:24:56+08:00 ] ERR: (ThinkException) 无法加载模块:琉忆光年-又一个WordPress站点Files
[ 2016-10-10T00:25:02+08:00 ] ERR: (ThinkException) 无法加载模块:琉忆光年-又一个WordPress站点Files
[ 2016-10-10T00:25:04+08:00 ] ERR: (ThinkException) 无法加载模块:琉忆光年-又一个WordPress站点Files
[ 2016-10-10T00:25:08+08:00 ] ERR: (ThinkException) 无法加载模块:琉忆光年-又一个WordPress站点Files
[ 2016-10-10T00:25:16+08:00 ] ERR: (ThinkException) 无法加载模块:琉忆光年-又一个WordPress站点Files
[ 2016-10-10T00:25:16+08:00 ] ERR: (ThinkException) 无法加载模块:琉忆光年-又一个WordPress站点Files
[ 2016-10-10T00:27:58+08:00 ] ERR: (ThinkException) 无法加载模块:琉忆光年-又一个WordPress站点Files
[ 2016-10-10T00:28:02+08:00 ] ERR: (ThinkException) 无法加载模块:琉忆光年-又一个WordPress站点Files
[ 2016-10-10T00:28:18+08:00 ] ERR: (ThinkException) 无法加载模块:琉忆光年-又一个WordPress站点Files
[ 2016-10-10T00:28:28+08:00 ] ERR: (ThinkException) 无法加载模块:琉忆光年-又一个WordPress站点Files
[ 2016-10-10T00:32:08+08:00 ] ERR: (ThinkException) 无法加载模块:琉忆光年-又一个WordPress站点Files
[ 2016-10-10T00:32:45+08:00 ] ERR: (ThinkException) 无法加载模块:琉忆光年-又一个WordPress站点Files
[ 2016-10-10T00:33:29+08:00 ] ERR: (ThinkException) 无法加载模块:琉忆光年-又一个WordPress站点Files
[ 2016-10-10T00:33:59+08:00 ] ERR: (ThinkException) 无法加载模块:琉忆光年-又一个WordPress站点Files
[ 2016-10-10T00:34:10+08:00 ] ERR: (ThinkException) 无法加载模块:琉忆光年-又一个WordPress站点Files
[ 2016-10-10T00:34:28+08:00 ] ERR: (ThinkException) 无法加载模块:琉忆光年-又一个WordPress站点Files
[ 2016-10-10T00:34:47+08:00 ] ERR: (ThinkException) 无法加载模块:琉忆光年-又一个WordPress站点Files
[ 2016-10-10T00:35:11+08:00 ] ERR: (ThinkException) 无法加载模块:琉忆光年-又一个WordPress站点Files
[ 2016-10-10T00:35:29+08:00 ] ERR: (ThinkException) 无法加载模块:琉忆光年-又一个WordPress站点Files
[ 2016-10-10T00:36:00+08:00 ] ERR: (ThinkException) 无法加载模块:琉忆光年-又一个WordPress站点Files
[ 2016-10-10T00:36:21+08:00 ] ERR: (ThinkException) 无法加载模块:琉忆光年-又一个WordPress站点Files
[ 2016-10-10T00:36:37+08:00 ] ERR: (ThinkException) 无法加载模块:琉忆光年-又一个WordPress站点Files
[ 2016-10-10T00:36:37+08:00 ] ERR: (ThinkException) 无法加载模块:琉忆光年-又一个WordPress站点Files
[ 2016-10-10T00:36:44+08:00 ] ERR: (ThinkException) 无法加载模块:琉忆光年-又一个WordPress站点Files
[ 2016-10-10T00:36:44+08:00 ] ERR: (ThinkException) 无法加载模块:琉忆光年-又一个WordPress站点Files
[ 2016-10-10T00:37:44+08:00 ] ERR: (ThinkException) 无法加载模块:琉忆光年-又一个WordPress站点Files
[ 2016-10-10T00:37:51+08:00 ] ERR: (ThinkException) 无法加载模块:琉忆光年-又一个WordPress站点Files
[ 2016-10-10T00:38:02+08:00 ] ERR: (ThinkException) 无法加载模块:琉忆光年-又一个WordPress站点Files
[ 2016-10-10T00:38:07+08:00 ] ERR: (ThinkException) 无法加载模块:琉忆光年-又一个WordPress站点Files
[ 2016-10-10T00:38:13+08:00 ] ERR: (ThinkException) 无法加载模块:琉忆光年-又一个WordPress站点Files
[ 2016-10-10T00:38:35+08:00 ] ERR: (ThinkException) 无法加载模块:琉忆光年-又一个WordPress站点Files
[ 2016-10-10T00:38:42+08:00 ] ERR: (ThinkException) 无法加载模块:琉忆光年-又一个WordPress站点Files
[ 2016-10-10T00:38:48+08:00 ] ERR: (ThinkException) 无法加载模块:琉忆光年-又一个WordPress站点Files
[ 2016-10-10T00:38:54+08:00 ] ERR: (ThinkException) 无法加载模块:琉忆光年-又一个WordPress站点Files
[ 2016-10-10T00:38:59+08:00 ] ERR: (ThinkException) 无法加载模块:琉忆光年-又一个WordPress站点Files
[ 2016-10-10T00:39:13+08:00 ] ERR: (ThinkException) 无法加载模块:琉忆光年-又一个WordPress站点Files
[ 2016-10-10T00:39:20+08:00 ] ERR: (ThinkException) 无法加载模块:琉忆光年-又一个WordPress站点Files
[ 2016-10-10T00:39:27+08:00 ] ERR: (ThinkException) 无法加载模块:琉忆光年-又一个WordPress站点Files
[ 2016-10-10T00:39:31+08:00 ] ERR: (ThinkException) 无法加载模块:琉忆光年-又一个WordPress站点Files
[ 2016-10-10T00:39:37+08:00 ] ERR: (ThinkException) 无法加载模块:琉忆光年-又一个WordPress站点Files
[ 2016-10-10T00:39:42+08:00 ] ERR: (ThinkException) 无法加载模块:琉忆光年-又一个WordPress站点Files
[ 2016-10-10T00:39:48+08:00 ] ERR: (ThinkException) 无法加载模块:琉忆光年-又一个WordPress站点Files
[ 2016-10-10T00:39:57+08:00 ] ERR: (ThinkException) 无法加载模块:琉忆光年-又一个WordPress站点Files
[ 2016-10-10T00:40:00+08:00 ] ERR: (ThinkException) 无法加载模块:琉忆光年-又一个WordPress站点Files
[ 2016-10-10T00:40:05+08:00 ] ERR: (ThinkException) 无法加载模块:琉忆光年-又一个WordPress站点Files
[ 2016-10-10T00:41:07+08:00 ] ERR: (ThinkException) 无法加载模块:琉忆光年-又一个WordPress站点Files
[ 2016-10-10T00:41:13+08:00 ] ERR: (ThinkException) 无法加载模块:琉忆光年-又一个WordPress站点Files
[ 2016-10-10T00:41:22+08:00 ] ERR: (ThinkException) 无法加载模块:琉忆光年-又一个WordPress站点Files
[ 2016-10-10T00:41:36+08:00 ] ERR: (ThinkException) 无法加载模块:琉忆光年-又一个WordPress站点Files
[ 2016-10-10T00:41:42+08:00 ] ERR: (ThinkException) 无法加载模块:琉忆光年-又一个WordPress站点Files
[ 2016-10-10T00:42:00+08:00 ] ERR: (ThinkException) 无法加载模块:琉忆光年-又一个WordPress站点Files
[ 2016-10-10T00:42:04+08:00 ] ERR: (ThinkException) 无法加载模块:琉忆光年-又一个WordPress站点Files
[ 2016-10-10T00:42:24+08:00 ] ERR: (ThinkException) 无法加载模块:琉忆光年-又一个WordPress站点Files
[ 2016-10-10T00:42:39+08:00 ] ERR: (ThinkException) 无法加载模块:琉忆光年-又一个WordPress站点Files
[ 2016-10-10T00:43:39+08:00 ] ERR: (ThinkException) 无法加载模块:琉忆光年-又一个WordPress站点Files
[ 2016-10-10T17:37:22+08:00 ] ERR: (ThinkException) 非法操作:琉忆光年-又一个wordpress站点_files
[ 2016-10-10T18:30:12+08:00 ] ERR: (ThinkException) 无法加载模块:Main
[ 2016-10-10T18:30:18+08:00 ] ERR: (ThinkException) 无法加载模块:Main
[ 2016-10-10T21:50:07+08:00 ] ERR: (ThinkException) 非法操作:article
[ 2016-10-10T23:29:38+08:00 ] ERR: (ThinkException) 非法操作:ueditor
[ 2016-10-10T23:30:44+08:00 ] ERR: (ThinkException) 非法操作:ueditor
[ 2016-10-10T23:31:37+08:00 ] ERR: (ThinkException) 非法操作:ueditor
[ 2016-10-10T23:33:28+08:00 ] ERR: (ThinkException) 非法操作:ueditor
[ 2016-10-10T23:38:01+08:00 ] ERR: (ThinkException) 非法操作:ueditor
[ 2016-10-10T23:38:48+08:00 ] ERR: (ThinkException) 非法操作:ueditor
[ 2016-10-10T23:41:49+08:00 ] ERR: (ThinkException) 非法操作:ueditor
