[ 2016-10-08T01:11:51+08:00 ] ERR: (ThinkException) 非法操作:ueditor
[ 2016-10-08T01:15:36+08:00 ] ERR: (ThinkException) 非法操作:ueditor
[ 2016-10-08T01:16:34+08:00 ] ERR: (ThinkException) 非法操作:ueditor
[ 2016-10-08T01:17:07+08:00 ] ERR: (ThinkException) 非法操作:ueditor
[ 2016-10-08T01:17:12+08:00 ] ERR: (ThinkException) 非法操作:ueditor
[ 2016-10-08T01:18:29+08:00 ] ERR: (ThinkException) 非法操作:该页面丢失!
[ 2016-10-08T13:45:38+08:00 ] ERR: (ThinkException) 非法操作:ueditor
[ 2016-10-08T13:48:17+08:00 ] ERR: (ThinkException) 非法操作:ueditor
[ 2016-10-08T13:59:53+08:00 ] ERR: (ThinkException) 非法操作:ueditor
[ 2016-10-08T14:01:35+08:00 ] ERR: (ThinkException) 非法操作:ueditor
[ 2016-10-08T14:02:40+08:00 ] ERR: (ThinkException) 非法操作:ueditor
[ 2016-10-08T14:05:08+08:00 ] ERR: (ThinkException) 非法操作:ueditor
[ 2016-10-08T14:05:30+08:00 ] ERR: (ThinkException) 非法操作:ueditor
[ 2016-10-08T14:06:00+08:00 ] ERR: (ThinkException) 非法操作:ueditor
[ 2016-10-08T14:07:30+08:00 ] ERR: (ThinkException) 非法操作:ueditor
[ 2016-10-08T14:08:05+08:00 ] ERR: (ThinkException) 非法操作:ueditor
[ 2016-10-08T14:08:50+08:00 ] ERR: (ThinkException) 非法操作:ueditor
[ 2016-10-08T14:12:29+08:00 ] ERR: (ThinkException) 非法操作:ueditor
[ 2016-10-08T14:16:31+08:00 ] ERR: (ThinkException) 非法操作:ueditor
[ 2016-10-08T14:16:52+08:00 ] ERR: (ThinkException) 非法操作:ueditor
[ 2016-10-08T14:20:44+08:00 ] ERR: (ThinkException) 非法操作:ueditor
[ 2016-10-08T14:20:50+08:00 ] ERR: (ThinkException) 非法操作:ueditor
[ 2016-10-08T14:21:14+08:00 ] ERR: (ThinkException) 非法操作:ueditor
[ 2016-10-08T14:23:27+08:00 ] ERR: (ThinkException) 非法操作:ueditor
[ 2016-10-08T14:41:59+08:00 ] ERR: (ThinkException) 非法操作:ueditor
[ 2016-10-08T14:45:06+08:00 ] ERR: (ThinkException) 非法操作:该页面丢失!
[ 2016-10-08T14:57:59+08:00 ] ERR: (ThinkException) 模板不存在[./App/Tpl/Admin/Index/commentlist.html]
[ 2016-10-08T14:58:14+08:00 ] ERR: (ThinkException) 非法操作:多说_files
[ 2016-10-08T14:58:59+08:00 ] ERR: (ThinkException) 非法操作:多说_files
[ 2016-10-08T14:59:02+08:00 ] ERR: (ThinkException) 非法操作:多说_files
[ 2016-10-08T14:59:04+08:00 ] ERR: (ThinkException) 非法操作:多说_files
[ 2016-10-08T14:59:06+08:00 ] ERR: (ThinkException) 非法操作:多说_files
[ 2016-10-08T14:59:08+08:00 ] ERR: (ThinkException) 非法操作:多说_files
[ 2016-10-08T14:59:09+08:00 ] ERR: (ThinkException) 非法操作:多说_files
[ 2016-10-08T14:59:29+08:00 ] ERR: (ThinkException) 非法操作:多说_files
[ 2016-10-08T15:21:35+08:00 ] ERR: (ThinkException) Model:getSearchCode您所请求的方法不存在！
[ 2016-10-08T23:06:24+08:00 ] ERR: (ThinkException) 无法加载模块:About
[ 2016-10-08T23:08:17+08:00 ] ERR: (ThinkException) 无法加载模块:Styles
[ 2016-10-08T23:10:24+08:00 ] ERR: (ThinkException) 无法加载模块:百度个人中心——您在百度的家Files
[ 2016-10-08T23:12:42+08:00 ] ERR: (ThinkException) 无法加载模块:百度个人中心——您在百度的家Files
[ 2016-10-08T23:12:42+08:00 ] ERR: (ThinkException) 无法加载模块:百度个人中心——您在百度的家Files
[ 2016-10-08T23:12:44+08:00 ] ERR: (ThinkException) 无法加载模块:百度个人中心——您在百度的家Files
[ 2016-10-08T23:12:52+08:00 ] ERR: (ThinkException) 无法加载模块:百度个人中心——您在百度的家Files
[ 2016-10-08T23:24:58+08:00 ] ERR: (ThinkException) 无法加载模块:Login
[ 2016-10-08T23:25:14+08:00 ] ERR: (ThinkException) 无法加载模块:Login
[ 2016-10-08T23:25:15+08:00 ] ERR: (ThinkException) 无法加载模块:Login
[ 2016-10-08T23:27:25+08:00 ] ERR: (ThinkException) 无法加载模块:百度个人中心——您在百度的家Files
[ 2016-10-08T23:29:28+08:00 ] ERR: (ThinkException) 无法加载模块:百度个人中心——您在百度的家Files
[ 2016-10-08T23:29:42+08:00 ] ERR: (ThinkException) 无法加载模块:百度个人中心——您在百度的家Files
[ 2016-10-08T23:29:43+08:00 ] ERR: (ThinkException) 无法加载模块:百度个人中心——您在百度的家Files
[ 2016-10-08T23:29:56+08:00 ] ERR: (ThinkException) 无法加载模块:百度个人中心——您在百度的家Files
[ 2016-10-08T23:29:56+08:00 ] ERR: (ThinkException) 无法加载模块:百度个人中心——您在百度的家Files
[ 2016-10-08T23:30:06+08:00 ] ERR: (ThinkException) 无法加载模块:百度个人中心——您在百度的家Files
[ 2016-10-08T23:30:15+08:00 ] ERR: (ThinkException) 无法加载模块:百度个人中心——您在百度的家Files
[ 2016-10-08T23:30:34+08:00 ] ERR: (ThinkException) 无法加载模块:百度个人中心——您在百度的家Files
[ 2016-10-08T23:30:53+08:00 ] ERR: (ThinkException) 无法加载模块:百度个人中心——您在百度的家Files
[ 2016-10-08T23:31:26+08:00 ] ERR: (ThinkException) 无法加载模块:百度个人中心——您在百度的家Files
[ 2016-10-08T23:34:36+08:00 ] ERR: (ThinkException) 无法加载模块:百度个人中心——您在百度的家Files
[ 2016-10-08T23:40:25+08:00 ] ERR: (ThinkException) 非法操作:modifyziliao.shtml
