[ 2016-10-06T11:43:20+08:00 ] ERR: (ThinkException) Model:getProCate您所请求的方法不存在！
[ 2016-10-06T12:02:23+08:00 ] ERR: (ThinkException) 非法操作:ueditor
[ 2016-10-06T12:02:55+08:00 ] ERR: (ThinkException) 非法操作:ueditor
[ 2016-10-06T12:04:29+08:00 ] ERR: (ThinkException) 非法操作:ueditor
[ 2016-10-06T12:04:36+08:00 ] ERR: (ThinkException) 非法操作:ueditor
[ 2016-10-06T12:07:03+08:00 ] ERR: (ThinkException) 非法操作:ueditor
[ 2016-10-06T12:07:26+08:00 ] ERR: (ThinkException) 非法操作:ueditor
[ 2016-10-06T12:07:45+08:00 ] ERR: (ThinkException) 非法操作:ueditor
[ 2016-10-06T12:07:51+08:00 ] ERR: (ThinkException) 非法操作:ueditor
[ 2016-10-06T12:12:09+08:00 ] ERR: (ThinkException) 非法操作:ueditor
[ 2016-10-06T12:12:10+08:00 ] ERR: (ThinkException) 非法操作:ueditor
[ 2016-10-06T12:13:17+08:00 ] ERR: (ThinkException) 非法操作:ueditor
[ 2016-10-06T12:13:40+08:00 ] ERR: (ThinkException) 非法操作:ueditor
[ 2016-10-06T12:27:34+08:00 ] ERR: (ThinkException) 非法操作:doaddcode
[ 2016-10-06T12:28:43+08:00 ] ERR: (ThinkException) 非法操作:ueditor
[ 2016-10-06T12:28:44+08:00 ] ERR: (ThinkException) 非法操作:ueditor
[ 2016-10-06T12:36:51+08:00 ] ERR: (ThinkException) 非法操作:ueditor
[ 2016-10-06T12:39:27+08:00 ] ERR: (ThinkException) 非法操作:modifyprogramme
[ 2016-10-06T12:40:55+08:00 ] ERR: (ThinkException) 非法操作:ueditor
[ 2016-10-06T12:41:56+08:00 ] ERR: (ThinkException) 非法操作:ueditor
[ 2016-10-06T12:42:30+08:00 ] ERR: (ThinkException) 非法操作:ueditor
[ 2016-10-06T12:42:58+08:00 ] ERR: (ThinkException) 非法操作:ueditor
[ 2016-10-06T12:43:57+08:00 ] ERR: (ThinkException) 非法操作:ueditor
[ 2016-10-06T12:44:10+08:00 ] ERR: (ThinkException) 非法操作:ueditor
[ 2016-10-06T12:45:13+08:00 ] ERR: (ThinkException) 非法操作:ueditor
[ 2016-10-06T12:56:47+08:00 ] ERR: (ThinkException) 非法操作:ueditor
[ 2016-10-06T12:56:56+08:00 ] ERR: (ThinkException) 非法操作:ueditor
[ 2016-10-06T12:57:01+08:00 ] ERR: (ThinkException) 非法操作:ueditor
[ 2016-10-06T13:01:26+08:00 ] ERR: (ThinkException) 非法操作:ueditor
[ 2016-10-06T13:08:34+08:00 ] ERR: (ThinkException) 非法操作:ueditor
[ 2016-10-06T13:08:42+08:00 ] ERR: (ThinkException) 非法操作:ueditor
[ 2016-10-06T13:10:12+08:00 ] ERR: (ThinkException) 非法操作:ueditor
[ 2016-10-06T13:10:50+08:00 ] ERR: (ThinkException) 非法操作:ueditor
[ 2016-10-06T13:14:25+08:00 ] ERR: (ThinkException) 非法操作:ueditor
[ 2016-10-06T13:15:43+08:00 ] ERR: (ThinkException) 非法操作:ueditor
[ 2016-10-06T13:16:19+08:00 ] ERR: (ThinkException) 非法操作:ueditor
[ 2016-10-06T13:17:44+08:00 ] ERR: (ThinkException) 非法操作:ueditor
[ 2016-10-06T13:43:30+08:00 ] ERR: (ThinkException) 非法操作:shoululist
[ 2016-10-06T13:53:36+08:00 ] ERR: (ThinkException) 非法操作:ueditor
[ 2016-10-06T14:10:44+08:00 ] ERR: (ThinkException) Model:getAllProgramme您所请求的方法不存在！
[ 2016-10-06T14:11:08+08:00 ] ERR: (ThinkException) Model:getAllProgramme您所请求的方法不存在！
[ 2016-10-06T14:11:11+08:00 ] ERR: (ThinkException) Model:getAllProgramme您所请求的方法不存在！
[ 2016-10-06T14:11:26+08:00 ] ERR: (ThinkException) Model:getAllProgramme您所请求的方法不存在！
[ 2016-10-06T14:50:14+08:00 ] ERR: (ThinkException) 非法操作:ueditor
[ 2016-10-06T15:03:59+08:00 ] ERR: (ThinkException) 非法操作:courselist
[ 2016-10-06T17:48:34+08:00 ] ERR: (ThinkException) 非法操作:ueditor
[ 2016-10-06T17:48:40+08:00 ] ERR: (ThinkException) 非法操作:ueditor
[ 2016-10-06T18:07:22+08:00 ] ERR: (ThinkException) 非法操作:57f4c5e311abe.jpg
[ 2016-10-06T18:07:22+08:00 ] ERR: (ThinkException) 非法操作:57f4c33e8400f.jpg
[ 2016-10-06T18:07:44+08:00 ] ERR: (ThinkException) 非法操作:57f4c5e311abe.jpg
[ 2016-10-06T18:07:44+08:00 ] ERR: (ThinkException) 非法操作:57f4c33e8400f.jpg
[ 2016-10-06T18:07:44+08:00 ] ERR: (ThinkException) 非法操作:57f4c5e311abe.jpg
[ 2016-10-06T18:07:44+08:00 ] ERR: (ThinkException) 非法操作:57f4c33e8400f.jpg
[ 2016-10-06T18:07:50+08:00 ] ERR: (ThinkException) 非法操作:57f4c5e311abe.jpg
[ 2016-10-06T18:07:50+08:00 ] ERR: (ThinkException) 非法操作:57f4c33e8400f.jpg
[ 2016-10-06T18:07:50+08:00 ] ERR: (ThinkException) 非法操作:57f4c5e311abe.jpg
[ 2016-10-06T18:07:51+08:00 ] ERR: (ThinkException) 非法操作:57f4c5e311abe.jpg
[ 2016-10-06T18:07:51+08:00 ] ERR: (ThinkException) 非法操作:57f4c33e8400f.jpg
[ 2016-10-06T18:16:26+08:00 ] ERR: (ThinkException) Model:categoryAll您所请求的方法不存在！
[ 2016-10-06T18:20:09+08:00 ] ERR: (ThinkException) 非法操作:ueditor
[ 2016-10-06T18:23:31+08:00 ] ERR: (ThinkException) Model:getAllCourseList您所请求的方法不存在！
[ 2016-10-06T18:54:44+08:00 ] ERR: (ThinkException) 非法操作:sendcoursevedio
[ 2016-10-06T18:55:07+08:00 ] ERR: (ThinkException) 非法操作:sendvedio
[ 2016-10-06T18:55:34+08:00 ] ERR: (ThinkException) 非法操作:ueditor
[ 2016-10-06T18:57:00+08:00 ] ERR: (ThinkException) 非法操作:ueditor
[ 2016-10-06T18:57:02+08:00 ] ERR: (ThinkException) 非法操作:ueditor
[ 2016-10-06T19:30:48+08:00 ] ERR: (ThinkException) 非法操作:ueditor
[ 2016-10-06T19:30:56+08:00 ] ERR: (ThinkException) 非法操作:ueditor
[ 2016-10-06T19:31:07+08:00 ] ERR: (ThinkException) 非法操作:ueditor
[ 2016-10-06T19:31:13+08:00 ] ERR: (ThinkException) 非法操作:ueditor
[ 2016-10-06T19:31:41+08:00 ] ERR: (ThinkException) 非法操作:ueditor
[ 2016-10-06T19:32:54+08:00 ] ERR: (ThinkException) 非法操作:ueditor
[ 2016-10-06T19:51:22+08:00 ] ERR: (ThinkException) 非法操作:ueditor
[ 2016-10-06T19:54:27+08:00 ] ERR: (ThinkException) 非法操作:ueditor
[ 2016-10-06T19:55:17+08:00 ] ERR: (ThinkException) 非法操作:ueditor
[ 2016-10-06T19:56:19+08:00 ] ERR: (ThinkException) 非法操作:ueditor
[ 2016-10-06T19:56:46+08:00 ] ERR: (ThinkException) 非法操作:ueditor
[ 2016-10-06T19:57:06+08:00 ] ERR: (ThinkException) 非法操作:ueditor
[ 2016-10-06T19:57:37+08:00 ] ERR: (ThinkException) 非法操作:ueditor
[ 2016-10-06T19:57:50+08:00 ] ERR: (ThinkException) 非法操作:ueditor
[ 2016-10-06T19:58:31+08:00 ] ERR: (ThinkException) 非法操作:ueditor
[ 2016-10-06T19:58:33+08:00 ] 0.0.0.0 /becommunity/index.php/admin/programme/getChapterList.shtml?id=1
INFO: [ app_begin ] --START--
INFO: Run ReadHtmlCache Behavior [ RunTime:0.002000s ]
INFO: [ app_begin ] --END-- [ RunTime:0.002000s ]
NOTIC: [8192] mysql_connect(): The mysql extension is deprecated and will be removed in the future: use mysqli or PDO instead D:\wamp\www\becommunity\ThinkPHP\Lib\Driver\Db\DbMysql.class.php 第 55 行.
SQL: SHOW COLUMNS FROM `procategory_list` [ RunTime:0.005000s ]
NOTIC: [8192] preg_replace(): The /e modifier is deprecated, use preg_replace_callback instead D:\wamp\www\becommunity\ThinkPHP\Lib\Core\Db.class.php 第 568 行.
SQL: SELECT * FROM `procategory_list` WHERE ( id='1' )  [ RunTime:0.001000s ]

[ 2016-10-06T19:58:41+08:00 ] ERR: (ThinkException) 非法操作:ueditor
[ 2016-10-06T19:58:51+08:00 ] ERR: (ThinkException) 非法操作:ueditor
[ 2016-10-06T19:59:29+08:00 ] ERR: (ThinkException) 非法操作:ueditor
[ 2016-10-06T20:00:16+08:00 ] ERR: (ThinkException) 非法操作:ueditor
[ 2016-10-06T20:01:49+08:00 ] ERR: (ThinkException) 非法操作:ueditor
[ 2016-10-06T20:03:15+08:00 ] ERR: (ThinkException) 非法操作:ueditor
[ 2016-10-06T20:03:47+08:00 ] ERR: (ThinkException) 非法操作:ueditor
[ 2016-10-06T20:12:23+08:00 ] ERR: (ThinkException) 非法操作:ueditor
[ 2016-10-06T20:18:22+08:00 ] ERR: (ThinkException) 非法操作:ueditor
[ 2016-10-06T20:20:11+08:00 ] ERR: (ThinkException) 非法操作:vediolist
[ 2016-10-06T20:20:47+08:00 ] ERR: (ThinkException) 模板不存在[./App/Tpl/Admin/Programme/vediolist.html]
[ 2016-10-06T20:29:58+08:00 ] ERR: (ThinkException) 非法操作:ueditor
[ 2016-10-06T20:35:28+08:00 ] ERR: (ThinkException) 非法操作:ueditor
[ 2016-10-06T20:58:26+08:00 ] ERR: (ThinkException) 非法操作:ueditor
[ 2016-10-06T20:59:16+08:00 ] ERR: (ThinkException) 非法操作:ueditor
[ 2016-10-06T21:01:42+08:00 ] ERR: (ThinkException) 非法操作:ueditor
[ 2016-10-06T21:01:55+08:00 ] ERR: (ThinkException) 非法操作:ueditor
[ 2016-10-06T21:02:01+08:00 ] ERR: (ThinkException) 非法操作:ueditor
[ 2016-10-06T21:02:11+08:00 ] ERR: (ThinkException) 非法操作:ueditor
[ 2016-10-06T21:02:12+08:00 ] ERR: (ThinkException) 非法操作:ueditor
[ 2016-10-06T21:02:13+08:00 ] ERR: (ThinkException) 非法操作:ueditor
[ 2016-10-06T21:02:25+08:00 ] ERR: (ThinkException) 非法操作:ueditor
[ 2016-10-06T21:02:32+08:00 ] ERR: (ThinkException) 非法操作:ueditor
[ 2016-10-06T21:04:45+08:00 ] ERR: (ThinkException) 非法操作:ueditor
[ 2016-10-06T21:04:55+08:00 ] ERR: (ThinkException) 非法操作:ueditor
[ 2016-10-06T21:07:11+08:00 ] ERR: (ThinkException) 非法操作:ueditor
[ 2016-10-06T21:07:20+08:00 ] ERR: (ThinkException) 非法操作:ueditor
[ 2016-10-06T22:08:43+08:00 ] ERR: (ThinkException) 非法操作:ueditor
[ 2016-10-06T22:14:07+08:00 ] ERR: (ThinkException) 非法操作:ueditor
[ 2016-10-06T22:18:21+08:00 ] ERR: (ThinkException) Action:userintro您所请求的方法不存在！
[ 2016-10-06T22:24:00+08:00 ] ERR: (ThinkException) 非法操作:styles
[ 2016-10-06T22:24:00+08:00 ] ERR: (ThinkException) 非法操作:styles
[ 2016-10-06T22:24:00+08:00 ] ERR: (ThinkException) 非法操作:styles
[ 2016-10-06T22:24:07+08:00 ] ERR: (ThinkException) 非法操作:styles
[ 2016-10-06T22:24:07+08:00 ] ERR: (ThinkException) 非法操作:styles
[ 2016-10-06T22:24:07+08:00 ] ERR: (ThinkException) 非法操作:styles
[ 2016-10-06T22:24:11+08:00 ] ERR: (ThinkException) 非法操作:styles
[ 2016-10-06T22:24:11+08:00 ] ERR: (ThinkException) 非法操作:styles
[ 2016-10-06T22:24:11+08:00 ] ERR: (ThinkException) 非法操作:styles
[ 2016-10-06T22:24:25+08:00 ] ERR: (ThinkException) 非法操作:styles
[ 2016-10-06T22:24:25+08:00 ] ERR: (ThinkException) 非法操作:styles
[ 2016-10-06T22:24:25+08:00 ] ERR: (ThinkException) 非法操作:styles
[ 2016-10-06T22:24:46+08:00 ] ERR: (ThinkException) 非法操作:styles
[ 2016-10-06T22:24:46+08:00 ] ERR: (ThinkException) 非法操作:styles
[ 2016-10-06T22:24:46+08:00 ] ERR: (ThinkException) 非法操作:styles
[ 2016-10-06T22:24:59+08:00 ] ERR: (ThinkException) 非法操作:styles
[ 2016-10-06T22:24:59+08:00 ] ERR: (ThinkException) 非法操作:styles
[ 2016-10-06T22:24:59+08:00 ] ERR: (ThinkException) 非法操作:styles
[ 2016-10-06T22:25:02+08:00 ] ERR: (ThinkException) 非法操作:styles
[ 2016-10-06T22:25:02+08:00 ] ERR: (ThinkException) 非法操作:styles
[ 2016-10-06T22:25:02+08:00 ] ERR: (ThinkException) 非法操作:styles
[ 2016-10-06T22:25:19+08:00 ] ERR: (ThinkException) 非法操作:styles
[ 2016-10-06T22:27:06+08:00 ] ERR: (ThinkException) 非法操作:styles
[ 2016-10-06T22:27:11+08:00 ] ERR: (ThinkException) 非法操作:styles
[ 2016-10-06T22:27:26+08:00 ] ERR: (ThinkException) 非法操作:styles
[ 2016-10-06T22:27:29+08:00 ] ERR: (ThinkException) 非法操作:styles
[ 2016-10-06T22:27:58+08:00 ] ERR: (ThinkException) 非法操作:styles
[ 2016-10-06T22:28:39+08:00 ] ERR: (ThinkException) 非法操作:styles
[ 2016-10-06T22:29:11+08:00 ] ERR: (ThinkException) 非法操作:styles
[ 2016-10-06T22:32:16+08:00 ] ERR: (ThinkException) 非法操作:styles
[ 2016-10-06T22:32:40+08:00 ] ERR: (ThinkException) 非法操作:styles
[ 2016-10-06T22:33:18+08:00 ] ERR: (ThinkException) 非法操作:styles
[ 2016-10-06T22:33:42+08:00 ] ERR: (ThinkException) 非法操作:styles
[ 2016-10-06T22:33:55+08:00 ] ERR: (ThinkException) 非法操作:styles
[ 2016-10-06T22:34:26+08:00 ] ERR: (ThinkException) 非法操作:styles
[ 2016-10-06T22:36:37+08:00 ] ERR: (ThinkException) 非法操作:styles
[ 2016-10-06T22:36:49+08:00 ] ERR: (ThinkException) 非法操作:styles
[ 2016-10-06T22:37:21+08:00 ] ERR: (ThinkException) 非法操作:styles
[ 2016-10-06T22:37:28+08:00 ] ERR: (ThinkException) 非法操作:styles
[ 2016-10-06T22:37:34+08:00 ] ERR: (ThinkException) 非法操作:styles
[ 2016-10-06T22:37:40+08:00 ] ERR: (ThinkException) 非法操作:styles
[ 2016-10-06T22:37:52+08:00 ] ERR: (ThinkException) 非法操作:styles
[ 2016-10-06T22:38:01+08:00 ] ERR: (ThinkException) 非法操作:styles
[ 2016-10-06T22:38:17+08:00 ] ERR: (ThinkException) 非法操作:styles
[ 2016-10-06T22:38:37+08:00 ] ERR: (ThinkException) 非法操作:styles
[ 2016-10-06T22:38:45+08:00 ] ERR: (ThinkException) 非法操作:styles
[ 2016-10-06T22:38:50+08:00 ] ERR: (ThinkException) 非法操作:styles
[ 2016-10-06T22:38:55+08:00 ] ERR: (ThinkException) 非法操作:styles
[ 2016-10-06T22:39:08+08:00 ] ERR: (ThinkException) 非法操作:styles
[ 2016-10-06T22:39:11+08:00 ] ERR: (ThinkException) 非法操作:styles
[ 2016-10-06T22:39:14+08:00 ] ERR: (ThinkException) 非法操作:styles
[ 2016-10-06T22:39:17+08:00 ] ERR: (ThinkException) 非法操作:styles
[ 2016-10-06T22:39:20+08:00 ] ERR: (ThinkException) 非法操作:styles
[ 2016-10-06T22:39:25+08:00 ] ERR: (ThinkException) 非法操作:styles
[ 2016-10-06T23:58:09+08:00 ] ERR: (ThinkException) Model:getProgramme您所请求的方法不存在！
